<?xml version="1.0" encoding="UTF-8"?>
<coverage generated="1701716054147" clover="3.2.0">
  <project timestamp="1701716054147" name="All files">
    <metrics statements="3368" coveredstatements="2888" conditionals="2004" coveredconditionals="1558" methods="956" coveredmethods="751" elements="6328" coveredelements="5197" complexity="0" loc="3368" ncloc="3368" packages="197" files="292" classes="292"/>
    <package name="app">
      <metrics statements="35" coveredstatements="35" conditionals="2" coveredconditionals="2" methods="2" coveredmethods="2"/>
      <file name="constants.js" path="D:\lisam\OSF-Academy\app\constants.js">
        <metrics statements="25" coveredstatements="25" conditionals="0" coveredconditionals="0" methods="0" coveredmethods="0"/>
        <line num="11" count="81" type="stmt"/>
        <line num="12" count="81" type="stmt"/>
        <line num="13" count="81" type="stmt"/>
        <line num="16" count="81" type="stmt"/>
        <line num="17" count="81" type="stmt"/>
        <line num="20" count="81" type="stmt"/>
        <line num="23" count="81" type="stmt"/>
        <line num="24" count="81" type="stmt"/>
        <line num="25" count="81" type="stmt"/>
        <line num="28" count="81" type="stmt"/>
        <line num="29" count="81" type="stmt"/>
        <line num="32" count="81" type="stmt"/>
        <line num="33" count="81" type="stmt"/>
        <line num="35" count="81" type="stmt"/>
        <line num="56" count="81" type="stmt"/>
        <line num="58" count="81" type="stmt"/>
        <line num="60" count="81" type="stmt"/>
        <line num="65" count="81" type="stmt"/>
        <line num="67" count="81" type="stmt"/>
        <line num="79" count="81" type="stmt"/>
        <line num="84" count="81" type="stmt"/>
        <line num="89" count="81" type="stmt"/>
        <line num="94" count="81" type="stmt"/>
        <line num="100" count="81" type="stmt"/>
        <line num="111" count="81" type="stmt"/>
      </file>
      <file name="request-processor.js" path="D:\lisam\OSF-Academy\app\request-processor.js">
        <metrics statements="10" coveredstatements="10" conditionals="2" coveredconditionals="2" methods="2" coveredmethods="2"/>
        <line num="57" count="1" type="stmt"/>
        <line num="70" count="2" type="stmt"/>
        <line num="83" count="2" type="cond" truecount="2" falsecount="0"/>
        <line num="84" count="1" type="stmt"/>
        <line num="85" count="1" type="stmt"/>
        <line num="89" count="2" type="stmt"/>
        <line num="93" count="2" type="stmt"/>
        <line num="96" count="4" type="stmt"/>
        <line num="101" count="2" type="stmt"/>
        <line num="114" count="2" type="stmt"/>
      </file>
    </package>
    <package name="app.components._app">
      <metrics statements="108" coveredstatements="74" conditionals="51" coveredconditionals="29" methods="27" coveredmethods="13"/>
      <file name="index.jsx" path="D:\lisam\OSF-Academy\app\components\_app\index.jsx">
        <metrics statements="108" coveredstatements="74" conditionals="51" coveredconditionals="29" methods="27" coveredmethods="13"/>
        <line num="80" count="1" type="stmt"/>
        <line num="87" count="1" type="stmt"/>
        <line num="88" count="9" type="stmt"/>
        <line num="90" count="9" type="stmt"/>
        <line num="94" count="9" type="stmt"/>
        <line num="95" count="9" type="stmt"/>
        <line num="98" count="9" type="stmt"/>
        <line num="99" count="9" type="stmt"/>
        <line num="100" count="9" type="stmt"/>
        <line num="101" count="9" type="stmt"/>
        <line num="114" count="1" type="stmt"/>
        <line num="119" count="1" type="stmt"/>
        <line num="120" count="9" type="stmt"/>
        <line num="121" count="9" type="stmt"/>
        <line num="122" count="9" type="cond" truecount="1" falsecount="1"/>
        <line num="123" count="9" type="stmt"/>
        <line num="124" count="9" type="stmt"/>
        <line num="126" count="9" type="stmt"/>
        <line num="127" count="9" type="stmt"/>
        <line num="128" count="9" type="stmt"/>
        <line num="129" count="9" type="stmt"/>
        <line num="130" count="9" type="stmt"/>
        <line num="132" count="9" type="stmt"/>
        <line num="133" count="9" type="stmt"/>
        <line num="134" count="9" type="stmt"/>
        <line num="136" count="9" type="stmt"/>
        <line num="138" count="9" type="stmt"/>
        <line num="151" count="9" type="cond" truecount="2" falsecount="0"/>
        <line num="158" count="9" type="stmt"/>
        <line num="163" count="9" type="stmt"/>
        <line num="166" count="0" type="cond" truecount="0" falsecount="2"/>
        <line num="169" count="0" type="stmt"/>
        <line num="171" count="0" type="stmt"/>
        <line num="177" count="9" type="stmt"/>
        <line num="180" count="3" type="stmt"/>
        <line num="181" count="0" type="stmt"/>
        <line num="182" count="0" type="stmt"/>
        <line num="183" count="0" type="stmt"/>
        <line num="190" count="9" type="stmt"/>
        <line num="192" count="9" type="stmt"/>
        <line num="194" count="9" type="cond" truecount="2" falsecount="0"/>
        <line num="198" count="9" type="stmt"/>
        <line num="199" count="9" type="stmt"/>
        <line num="203" count="9" type="stmt"/>
        <line num="205" count="9" type="stmt"/>
        <line num="206" count="9" type="stmt"/>
        <line num="207" count="9" type="stmt"/>
        <line num="209" count="9" type="stmt"/>
        <line num="211" count="6" type="cond" truecount="1" falsecount="1"/>
        <line num="212" count="0" type="stmt"/>
        <line num="218" count="9" type="stmt"/>
        <line num="220" count="6" type="cond" truecount="4" falsecount="0"/>
        <line num="221" count="1" type="stmt"/>
        <line num="228" count="9" type="stmt"/>
        <line num="230" count="6" type="cond" truecount="2" falsecount="0"/>
        <line num="236" count="2" type="stmt"/>
        <line num="245" count="9" type="stmt"/>
        <line num="247" count="3" type="stmt"/>
        <line num="248" count="0" type="stmt"/>
        <line num="250" count="3" type="stmt"/>
        <line num="251" count="3" type="stmt"/>
        <line num="254" count="0" type="cond" truecount="0" falsecount="2"/>
        <line num="255" count="0" type="stmt"/>
        <line num="256" count="0" type="stmt"/>
        <line num="257" count="0" type="cond" truecount="0" falsecount="2"/>
        <line num="258" count="0" type="stmt"/>
        <line num="262" count="3" type="stmt"/>
        <line num="265" count="9" type="stmt"/>
        <line num="268" count="3" type="stmt"/>
        <line num="271" count="9" type="stmt"/>
        <line num="273" count="0" type="stmt"/>
        <line num="275" count="0" type="stmt"/>
        <line num="278" count="0" type="stmt"/>
        <line num="281" count="9" type="stmt"/>
        <line num="282" count="0" type="stmt"/>
        <line num="283" count="0" type="stmt"/>
        <line num="286" count="0" type="stmt"/>
        <line num="289" count="9" type="stmt"/>
        <line num="291" count="0" type="cond" truecount="0" falsecount="2"/>
        <line num="292" count="0" type="stmt"/>
        <line num="293" count="0" type="stmt"/>
        <line num="296" count="0" type="cond" truecount="0" falsecount="2"/>
        <line num="297" count="0" type="stmt"/>
        <line num="301" count="9" type="stmt"/>
        <line num="302" count="0" type="stmt"/>
        <line num="303" count="0" type="stmt"/>
        <line num="305" count="9" type="stmt"/>
        <line num="310" count="435" type="cond" truecount="1" falsecount="1"/>
        <line num="313" count="435" type="stmt"/>
        <line num="315" count="0" type="cond" truecount="0" falsecount="2"/>
        <line num="318" count="0" type="stmt"/>
        <line num="319" count="0" type="stmt"/>
        <line num="321" count="0" type="stmt"/>
        <line num="344" count="27" type="stmt"/>
        <line num="461" count="1" type="stmt"/>
        <line num="471" count="1" type="cond" truecount="1" falsecount="0"/>
        <line num="472" count="9" type="stmt"/>
        <line num="473" count="9" type="stmt"/>
        <line num="476" count="9" type="stmt"/>
        <line num="479" count="9" type="stmt"/>
        <line num="480" count="9" type="stmt"/>
        <line num="482" count="9" type="stmt"/>
        <line num="483" count="0" type="stmt"/>
        <line num="491" count="0" type="stmt"/>
        <line num="492" count="0" type="stmt"/>
        <line num="498" count="0" type="stmt"/>
        <line num="504" count="9" type="stmt"/>
        <line num="505" count="9" type="stmt"/>
      </file>
    </package>
    <package name="app.components._app-config">
      <metrics statements="23" coveredstatements="22" conditionals="9" coveredconditionals="4" methods="4" coveredmethods="3"/>
      <file name="index.jsx" path="D:\lisam\OSF-Academy\app\components\_app-config\index.jsx">
        <metrics statements="23" coveredstatements="22" conditionals="9" coveredconditionals="4" methods="4" coveredmethods="3"/>
        <line num="37" count="1" type="cond" truecount="0" falsecount="1"/>
        <line num="38" count="1" type="stmt"/>
        <line num="39" count="1" type="stmt"/>
        <line num="43" count="1" type="stmt"/>
        <line num="45" count="1" type="stmt"/>
        <line num="47" count="1" type="stmt"/>
        <line num="68" count="1" type="cond" truecount="1" falsecount="0"/>
        <line num="70" count="2" type="cond" truecount="1" falsecount="1"/>
        <line num="73" count="2" type="stmt"/>
        <line num="74" count="2" type="stmt"/>
        <line num="76" count="2" type="stmt"/>
        <line num="77" count="2" type="stmt"/>
        <line num="82" count="2" type="stmt"/>
        <line num="84" count="2" type="cond" truecount="1" falsecount="1"/>
        <line num="85" count="2" type="stmt"/>
        <line num="86" count="2" type="stmt"/>
        <line num="87" count="2" type="stmt"/>
        <line num="90" count="1" type="stmt"/>
        <line num="92" count="1" type="cond" truecount="0" falsecount="1"/>
        <line num="93" count="0" type="stmt"/>
        <line num="100" count="1" type="stmt"/>
        <line num="105" count="1" type="stmt"/>
        <line num="110" count="1" type="stmt"/>
      </file>
    </package>
    <package name="app.components._app.partials">
      <metrics statements="1" coveredstatements="1" conditionals="0" coveredconditionals="0" methods="1" coveredmethods="1"/>
      <file name="above-header.jsx" path="D:\lisam\OSF-Academy\app\components\_app\partials\above-header.jsx">
        <metrics statements="1" coveredstatements="1" conditionals="0" coveredconditionals="0" methods="1" coveredmethods="1"/>
        <line num="8" count="7" type="stmt"/>
      </file>
    </package>
    <package name="app.components._error">
      <metrics statements="8" coveredstatements="6" conditionals="4" coveredconditionals="3" methods="3" coveredmethods="1"/>
      <file name="index.jsx" path="D:\lisam\OSF-Academy\app\components\_error\index.jsx">
        <metrics statements="8" coveredstatements="6" conditionals="4" coveredconditionals="3" methods="3" coveredmethods="1"/>
        <line num="31" count="1" type="stmt"/>
        <line num="32" count="3" type="stmt"/>
        <line num="33" count="3" type="stmt"/>
        <line num="35" count="3" type="stmt"/>
        <line num="36" count="3" type="stmt"/>
        <line num="55" count="0" type="stmt"/>
        <line num="110" count="0" type="stmt"/>
        <line num="141" count="1" type="stmt"/>
      </file>
    </package>
    <package name="app.components.action-card">
      <metrics statements="9" coveredstatements="9" conditionals="6" coveredconditionals="6" methods="2" coveredmethods="2"/>
      <file name="index.jsx" path="D:\lisam\OSF-Academy\app\components\action-card\index.jsx">
        <metrics statements="9" coveredstatements="9" conditionals="6" coveredconditionals="6" methods="2" coveredmethods="2"/>
        <line num="19" count="6" type="stmt"/>
        <line num="20" count="51" type="stmt"/>
        <line num="22" count="51" type="stmt"/>
        <line num="23" count="1" type="stmt"/>
        <line num="24" count="1" type="stmt"/>
        <line num="25" count="1" type="stmt"/>
        <line num="27" count="1" type="stmt"/>
        <line num="31" count="51" type="stmt"/>
        <line num="64" count="6" type="stmt"/>
      </file>
    </package>
    <package name="app.components.address-display">
      <metrics statements="3" coveredstatements="3" conditionals="0" coveredconditionals="0" methods="1" coveredmethods="1"/>
      <file name="index.jsx" path="D:\lisam\OSF-Academy\app\components\address-display\index.jsx">
        <metrics statements="3" coveredstatements="3" conditionals="0" coveredconditionals="0" methods="1" coveredmethods="1"/>
        <line num="11" count="7" type="stmt"/>
        <line num="12" count="162" type="stmt"/>
        <line num="26" count="7" type="stmt"/>
      </file>
    </package>
    <package name="app.components.basic-tile">
      <metrics statements="6" coveredstatements="6" conditionals="0" coveredconditionals="0" methods="1" coveredmethods="1"/>
      <file name="index.jsx" path="D:\lisam\OSF-Academy\app\components\basic-tile\index.jsx">
        <metrics statements="6" coveredstatements="6" conditionals="0" coveredconditionals="0" methods="1" coveredmethods="1"/>
        <line num="26" count="1" type="stmt"/>
        <line num="27" count="1" type="stmt"/>
        <line num="28" count="1" type="stmt"/>
        <line num="29" count="1" type="stmt"/>
        <line num="60" count="1" type="stmt"/>
        <line num="62" count="1" type="stmt"/>
      </file>
    </package>
    <package name="app.components.breadcrumb">
      <metrics statements="7" coveredstatements="7" conditionals="0" coveredconditionals="0" methods="2" coveredmethods="2"/>
      <file name="index.jsx" path="D:\lisam\OSF-Academy\app\components\breadcrumb\index.jsx">
        <metrics statements="7" coveredstatements="7" conditionals="0" coveredconditionals="0" methods="2" coveredmethods="2"/>
        <line num="32" count="12" type="stmt"/>
        <line num="33" count="87" type="stmt"/>
        <line num="34" count="87" type="stmt"/>
        <line num="36" count="87" type="stmt"/>
        <line num="44" count="99" type="stmt"/>
        <line num="58" count="12" type="stmt"/>
        <line num="60" count="12" type="stmt"/>
      </file>
    </package>
    <package name="app.components.confirmation-modal">
      <metrics statements="10" coveredstatements="10" conditionals="6" coveredconditionals="6" methods="3" coveredmethods="3"/>
      <file name="index.jsx" path="D:\lisam\OSF-Academy\app\components\confirmation-modal\index.jsx">
        <metrics statements="10" coveredstatements="10" conditionals="6" coveredconditionals="6" methods="3" coveredmethods="3"/>
        <line num="24" count="9" type="stmt"/>
        <line num="33" count="39" type="stmt"/>
        <line num="35" count="39" type="stmt"/>
        <line num="36" count="3" type="stmt"/>
        <line num="37" count="3" type="stmt"/>
        <line num="40" count="39" type="stmt"/>
        <line num="41" count="1" type="stmt"/>
        <line num="42" count="1" type="stmt"/>
        <line num="45" count="39" type="stmt"/>
        <line num="72" count="9" type="stmt"/>
      </file>
    </package>
    <package name="app.components.display-price">
      <metrics statements="5" coveredstatements="5" conditionals="15" coveredconditionals="14" methods="1" coveredmethods="1"/>
      <file name="index.jsx" path="D:\lisam\OSF-Academy\app\components\display-price\index.jsx">
        <metrics statements="5" coveredstatements="5" conditionals="15" coveredconditionals="14" methods="1" coveredmethods="1"/>
        <line num="14" count="71" type="stmt"/>
        <line num="23" count="224" type="stmt"/>
        <line num="24" count="224" type="stmt"/>
        <line num="25" count="224" type="stmt"/>
        <line num="57" count="71" type="stmt"/>
      </file>
    </package>
    <package name="app.components.drawer-menu">
      <metrics statements="39" coveredstatements="33" conditionals="14" coveredconditionals="13" methods="10" coveredmethods="8"/>
      <file name="index.jsx" path="D:\lisam\OSF-Academy\app\components\drawer-menu\index.jsx">
        <metrics statements="39" coveredstatements="33" conditionals="14" coveredconditionals="13" methods="10" coveredmethods="8"/>
        <line num="64" count="2" type="stmt"/>
        <line num="65" count="2" type="stmt"/>
        <line num="66" count="2" type="stmt"/>
        <line num="67" count="2" type="stmt"/>
        <line num="69" count="2" type="stmt"/>
        <line num="70" count="12" type="stmt"/>
        <line num="76" count="2" type="stmt"/>
        <line num="77" count="2" type="stmt"/>
        <line num="84" count="2" type="cond" truecount="2" falsecount="0"/>
        <line num="85" count="15" type="stmt"/>
        <line num="86" count="15" type="stmt"/>
        <line num="87" count="15" type="stmt"/>
        <line num="88" count="15" type="stmt"/>
        <line num="89" count="15" type="stmt"/>
        <line num="90" count="15" type="stmt"/>
        <line num="91" count="15" type="stmt"/>
        <line num="92" count="15" type="stmt"/>
        <line num="93" count="15" type="stmt"/>
        <line num="94" count="15" type="stmt"/>
        <line num="95" count="15" type="stmt"/>
        <line num="96" count="15" type="stmt"/>
        <line num="97" count="15" type="stmt"/>
        <line num="98" count="0" type="stmt"/>
        <line num="99" count="0" type="stmt"/>
        <line num="100" count="0" type="stmt"/>
        <line num="101" count="0" type="stmt"/>
        <line num="104" count="45" type="stmt"/>
        <line num="105" count="15" type="stmt"/>
        <line num="107" count="15" type="stmt"/>
        <line num="108" count="5" type="stmt"/>
        <line num="111" count="15" type="stmt"/>
        <line num="147" count="5" type="cond" truecount="2" falsecount="0"/>
        <line num="187" count="15" type="stmt"/>
        <line num="190" count="8" type="cond" truecount="2" falsecount="0"/>
        <line num="282" count="0" type="stmt"/>
        <line num="285" count="0" type="stmt"/>
        <line num="298" count="36" type="stmt"/>
        <line num="387" count="2" type="stmt"/>
        <line num="389" count="2" type="stmt"/>
      </file>
    </package>
    <package name="app.components.dynamic-image">
      <metrics statements="7" coveredstatements="7" conditionals="2" coveredconditionals="1" methods="2" coveredmethods="2"/>
      <file name="index.jsx" path="D:\lisam\OSF-Academy\app\components\dynamic-image\index.jsx">
        <metrics statements="7" coveredstatements="7" conditionals="2" coveredconditionals="1" methods="2" coveredmethods="2"/>
        <line num="21" count="71" type="stmt"/>
        <line num="22" count="411" type="cond" truecount="1" falsecount="1"/>
        <line num="23" count="411" type="stmt"/>
        <line num="25" count="411" type="stmt"/>
        <line num="26" count="411" type="stmt"/>
        <line num="30" count="411" type="stmt"/>
        <line num="37" count="71" type="stmt"/>
      </file>
    </package>
    <package name="app.components.field">
      <metrics statements="11" coveredstatements="9" conditionals="32" coveredconditionals="29" methods="5" coveredmethods="3"/>
      <file name="index.jsx" path="D:\lisam\OSF-Academy\app\components\field\index.jsx">
        <metrics statements="11" coveredstatements="9" conditionals="32" coveredconditionals="29" methods="5" coveredmethods="3"/>
        <line num="23" count="71" type="stmt"/>
        <line num="38" count="956" type="stmt"/>
        <line num="39" count="956" type="cond" truecount="1" falsecount="1"/>
        <line num="41" count="956" type="cond" truecount="5" falsecount="1"/>
        <line num="42" count="956" type="stmt"/>
        <line num="50" count="1309" type="cond" truecount="2" falsecount="0"/>
        <line num="52" count="1309" type="stmt"/>
        <line num="88" count="0" type="stmt"/>
        <line num="102" count="1884" type="stmt"/>
        <line num="112" count="0" type="stmt"/>
        <line num="135" count="71" type="stmt"/>
      </file>
    </package>
    <package name="app.components.footer">
      <metrics statements="23" coveredstatements="20" conditionals="2" coveredconditionals="2" methods="6" coveredmethods="5"/>
      <file name="index.jsx" path="D:\lisam\OSF-Academy\app\components\footer\index.jsx">
        <metrics statements="23" coveredstatements="20" conditionals="2" coveredconditionals="2" methods="6" coveredmethods="5"/>
        <line num="34" count="2" type="stmt"/>
        <line num="35" count="2" type="stmt"/>
        <line num="36" count="9" type="stmt"/>
        <line num="37" count="9" type="stmt"/>
        <line num="38" count="9" type="stmt"/>
        <line num="39" count="9" type="stmt"/>
        <line num="40" count="9" type="stmt"/>
        <line num="41" count="27" type="stmt"/>
        <line num="42" count="9" type="stmt"/>
        <line num="47" count="9" type="stmt"/>
        <line num="52" count="9" type="stmt"/>
        <line num="145" count="0" type="stmt"/>
        <line num="148" count="0" type="stmt"/>
        <line num="152" count="0" type="stmt"/>
        <line num="158" count="27" type="stmt"/>
        <line num="194" count="2" type="stmt"/>
        <line num="195" count="18" type="stmt"/>
        <line num="196" count="18" type="stmt"/>
        <line num="197" count="18" type="stmt"/>
        <line num="235" count="2" type="stmt"/>
        <line num="236" count="18" type="stmt"/>
        <line num="237" count="18" type="stmt"/>
        <line num="267" count="2" type="stmt"/>
      </file>
    </package>
    <package name="app.components.forms">
      <metrics statements="124" coveredstatements="120" conditionals="93" coveredconditionals="61" methods="47" coveredmethods="46"/>
      <file name="address-fields.jsx" path="D:\lisam\OSF-Academy\app\components\forms\address-fields.jsx">
        <metrics statements="5" coveredstatements="5" conditionals="3" coveredconditionals="3" methods="1" coveredmethods="1"/>
        <line num="19" count="6" type="cond" truecount="1" falsecount="0"/>
        <line num="20" count="33" type="stmt"/>
        <line num="21" count="33" type="stmt"/>
        <line num="23" count="33" type="stmt"/>
        <line num="46" count="6" type="stmt"/>
      </file>
      <file name="credit-card-fields.jsx" path="D:\lisam\OSF-Academy\app\components\forms\credit-card-fields.jsx">
        <metrics statements="26" coveredstatements="22" conditionals="20" coveredconditionals="16" methods="6" coveredmethods="6"/>
        <line num="34" count="1" type="cond" truecount="1" falsecount="0"/>
        <line num="35" count="38" type="stmt"/>
        <line num="36" count="38" type="stmt"/>
        <line num="41" count="38" type="stmt"/>
        <line num="43" count="38" type="stmt"/>
        <line num="49" count="38" type="cond" truecount="1" falsecount="1"/>
        <line num="61" count="38" type="stmt"/>
        <line num="77" count="38" type="stmt"/>
        <line num="80" count="32" type="stmt"/>
        <line num="81" count="32" type="stmt"/>
        <line num="82" count="32" type="cond" truecount="2" falsecount="0"/>
        <line num="85" count="32" type="cond" truecount="2" falsecount="0"/>
        <line num="86" count="32" type="stmt"/>
        <line num="102" count="46" type="stmt"/>
        <line num="105" count="8" type="stmt"/>
        <line num="108" count="8" type="cond" truecount="1" falsecount="1"/>
        <line num="109" count="0" type="stmt"/>
        <line num="113" count="8" type="cond" truecount="1" falsecount="1"/>
        <line num="114" count="0" type="stmt"/>
        <line num="116" count="8" type="cond" truecount="2" falsecount="0"/>
        <line num="117" count="6" type="stmt"/>
        <line num="120" count="8" type="stmt"/>
        <line num="123" count="8" type="cond" truecount="3" falsecount="1"/>
        <line num="124" count="0" type="stmt"/>
        <line num="125" count="0" type="stmt"/>
        <line num="149" count="1" type="stmt"/>
      </file>
      <file name="form-action-buttons.jsx" path="D:\lisam\OSF-Academy\app\components\forms\form-action-buttons.jsx">
        <metrics statements="3" coveredstatements="3" conditionals="7" coveredconditionals="5" methods="2" coveredmethods="1"/>
        <line num="17" count="6" type="stmt"/>
        <line num="24" count="47" type="stmt"/>
        <line num="47" count="6" type="stmt"/>
      </file>
      <file name="login-fields.jsx" path="D:\lisam\OSF-Academy\app\components\forms\login-fields.jsx">
        <metrics statements="4" coveredstatements="4" conditionals="1" coveredconditionals="1" methods="1" coveredmethods="1"/>
        <line num="13" count="71" type="cond" truecount="1" falsecount="0"/>
        <line num="14" count="25" type="stmt"/>
        <line num="15" count="25" type="stmt"/>
        <line num="23" count="71" type="stmt"/>
      </file>
      <file name="password-requirements.jsx" path="D:\lisam\OSF-Academy\app\components\forms\password-requirements.jsx">
        <metrics statements="8" coveredstatements="8" conditionals="10" coveredconditionals="10" methods="2" coveredmethods="2"/>
        <line num="17" count="71" type="stmt"/>
        <line num="18" count="410" type="stmt"/>
        <line num="28" count="410" type="stmt"/>
        <line num="38" count="71" type="stmt"/>
        <line num="50" count="71" type="stmt"/>
        <line num="51" count="82" type="stmt"/>
        <line num="53" count="82" type="stmt"/>
        <line num="94" count="71" type="stmt"/>
      </file>
      <file name="post-checkout-registration-fields.jsx" path="D:\lisam\OSF-Academy\app\components\forms\post-checkout-registration-fields.jsx">
        <metrics statements="5" coveredstatements="5" conditionals="1" coveredconditionals="1" methods="1" coveredmethods="1"/>
        <line num="14" count="1" type="cond" truecount="1" falsecount="0"/>
        <line num="15" count="29" type="stmt"/>
        <line num="16" count="29" type="stmt"/>
        <line num="18" count="29" type="stmt"/>
        <line num="35" count="1" type="stmt"/>
      </file>
      <file name="profile-fields.jsx" path="D:\lisam\OSF-Academy\app\components\forms\profile-fields.jsx">
        <metrics statements="4" coveredstatements="4" conditionals="1" coveredconditionals="1" methods="1" coveredmethods="1"/>
        <line num="13" count="4" type="cond" truecount="1" falsecount="0"/>
        <line num="14" count="4" type="stmt"/>
        <line num="16" count="4" type="stmt"/>
        <line num="28" count="4" type="stmt"/>
      </file>
      <file name="promo-code-fields.jsx" path="D:\lisam\OSF-Academy\app\components\forms\promo-code-fields.jsx">
        <metrics statements="5" coveredstatements="5" conditionals="1" coveredconditionals="1" methods="1" coveredmethods="1"/>
        <line num="14" count="7" type="cond" truecount="1" falsecount="0"/>
        <line num="15" count="63" type="stmt"/>
        <line num="17" count="63" type="stmt"/>
        <line num="19" count="63" type="stmt"/>
        <line num="35" count="7" type="stmt"/>
      </file>
      <file name="registration-fields.jsx" path="D:\lisam\OSF-Academy\app\components\forms\registration-fields.jsx">
        <metrics statements="5" coveredstatements="5" conditionals="1" coveredconditionals="1" methods="1" coveredmethods="1"/>
        <line num="14" count="71" type="cond" truecount="1" falsecount="0"/>
        <line num="15" count="34" type="stmt"/>
        <line num="16" count="34" type="stmt"/>
        <line num="18" count="34" type="stmt"/>
        <line num="34" count="71" type="stmt"/>
      </file>
      <file name="reset-password-fields.jsx" path="D:\lisam\OSF-Academy\app\components\forms\reset-password-fields.jsx">
        <metrics statements="4" coveredstatements="4" conditionals="1" coveredconditionals="1" methods="1" coveredmethods="1"/>
        <line num="13" count="71" type="cond" truecount="1" falsecount="0"/>
        <line num="14" count="15" type="stmt"/>
        <line num="16" count="15" type="stmt"/>
        <line num="23" count="71" type="stmt"/>
      </file>
      <file name="state-province-options.jsx" path="D:\lisam\OSF-Academy\app\components\forms\state-province-options.jsx">
        <metrics statements="2" coveredstatements="2" conditionals="0" coveredconditionals="0" methods="0" coveredmethods="0"/>
        <line num="7" count="6" type="stmt"/>
        <line num="61" count="6" type="stmt"/>
      </file>
      <file name="update-password-fields.jsx" path="D:\lisam\OSF-Academy\app\components\forms\update-password-fields.jsx">
        <metrics statements="6" coveredstatements="6" conditionals="1" coveredconditionals="1" methods="2" coveredmethods="2"/>
        <line num="20" count="4" type="cond" truecount="1" falsecount="0"/>
        <line num="21" count="19" type="stmt"/>
        <line num="22" count="19" type="stmt"/>
        <line num="24" count="19" type="stmt"/>
        <line num="29" count="1" type="stmt"/>
        <line num="46" count="4" type="stmt"/>
      </file>
      <file name="useAddressFields.jsx" path="D:\lisam\OSF-Academy\app\components\forms\useAddressFields.jsx">
        <metrics statements="7" coveredstatements="7" conditionals="11" coveredconditionals="5" methods="3" coveredmethods="3"/>
        <line num="15" count="6" type="stmt"/>
        <line num="49" count="33" type="stmt"/>
        <line num="51" count="33" type="stmt"/>
        <line num="53" count="33" type="stmt"/>
        <line num="94" count="65" type="stmt"/>
        <line num="97" count="34" type="stmt"/>
        <line num="193" count="33" type="stmt"/>
      </file>
      <file name="useCreditCardFields.jsx" path="D:\lisam\OSF-Academy\app\components\forms\useCreditCardFields.jsx">
        <metrics statements="10" coveredstatements="10" conditionals="9" coveredconditionals="4" methods="7" coveredmethods="7"/>
        <line num="10" count="1" type="stmt"/>
        <line num="52" count="38" type="stmt"/>
        <line num="54" count="38" type="stmt"/>
        <line num="66" count="2" type="cond" truecount="1" falsecount="1"/>
        <line num="93" count="2" type="cond" truecount="1" falsecount="1"/>
        <line num="111" count="2" type="cond" truecount="1" falsecount="1"/>
        <line num="131" count="2" type="cond" truecount="1" falsecount="1"/>
        <line num="134" count="44" type="stmt"/>
        <line num="138" count="6" type="stmt"/>
        <line num="145" count="38" type="stmt"/>
      </file>
      <file name="useLoginFields.jsx" path="D:\lisam\OSF-Academy\app\components\forms\useLoginFields.jsx">
        <metrics statements="3" coveredstatements="3" conditionals="1" coveredconditionals="1" methods="1" coveredmethods="1"/>
        <line num="16" count="91" type="stmt"/>
        <line num="17" count="91" type="stmt"/>
        <line num="51" count="91" type="stmt"/>
      </file>
      <file name="useProfileFields.jsx" path="D:\lisam\OSF-Academy\app\components\forms\useProfileFields.jsx">
        <metrics statements="5" coveredstatements="5" conditionals="1" coveredconditionals="0" methods="3" coveredmethods="3"/>
        <line num="17" count="4" type="stmt"/>
        <line num="19" count="4" type="stmt"/>
        <line num="84" count="4" type="stmt"/>
        <line num="87" count="10" type="stmt"/>
        <line num="94" count="4" type="stmt"/>
      </file>
      <file name="usePromoCodeFields.jsx" path="D:\lisam\OSF-Academy\app\components\forms\usePromoCodeFields.jsx">
        <metrics statements="3" coveredstatements="3" conditionals="1" coveredconditionals="0" methods="1" coveredmethods="1"/>
        <line num="16" count="63" type="stmt"/>
        <line num="18" count="63" type="stmt"/>
        <line num="38" count="63" type="stmt"/>
      </file>
      <file name="useRegistrationFields.jsx" path="D:\lisam\OSF-Academy\app\components\forms\useRegistrationFields.jsx">
        <metrics statements="8" coveredstatements="8" conditionals="11" coveredconditionals="5" methods="6" coveredmethods="6"/>
        <line num="17" count="63" type="stmt"/>
        <line num="19" count="63" type="stmt"/>
        <line num="87" count="4" type="cond" truecount="1" falsecount="1"/>
        <line num="93" count="4" type="cond" truecount="1" falsecount="1"/>
        <line num="99" count="4" type="cond" truecount="1" falsecount="1"/>
        <line num="105" count="4" type="cond" truecount="1" falsecount="1"/>
        <line num="111" count="4" type="cond" truecount="1" falsecount="1"/>
        <line num="135" count="63" type="stmt"/>
      </file>
      <file name="useResetPasswordFields.jsx" path="D:\lisam\OSF-Academy\app\components\forms\useResetPasswordFields.jsx">
        <metrics statements="3" coveredstatements="3" conditionals="1" coveredconditionals="0" methods="1" coveredmethods="1"/>
        <line num="16" count="15" type="stmt"/>
        <line num="18" count="15" type="stmt"/>
        <line num="39" count="15" type="stmt"/>
      </file>
      <file name="useUpdatePasswordFields.jsx" path="D:\lisam\OSF-Academy\app\components\forms\useUpdatePasswordFields.jsx">
        <metrics statements="8" coveredstatements="8" conditionals="11" coveredconditionals="5" methods="6" coveredmethods="6"/>
        <line num="17" count="19" type="stmt"/>
        <line num="19" count="19" type="stmt"/>
        <line num="52" count="1" type="cond" truecount="1" falsecount="1"/>
        <line num="58" count="1" type="cond" truecount="1" falsecount="1"/>
        <line num="64" count="1" type="cond" truecount="1" falsecount="1"/>
        <line num="70" count="1" type="cond" truecount="1" falsecount="1"/>
        <line num="76" count="1" type="cond" truecount="1" falsecount="1"/>
        <line num="88" count="19" type="stmt"/>
      </file>
    </package>
    <package name="app.components.header">
      <metrics statements="33" coveredstatements="21" conditionals="19" coveredconditionals="15" methods="11" coveredmethods="3"/>
      <file name="index.jsx" path="D:\lisam\OSF-Academy\app\components\header\index.jsx">
        <metrics statements="33" coveredstatements="21" conditionals="19" coveredconditionals="15" methods="11" coveredmethods="3"/>
        <line num="52" count="2" type="stmt"/>
        <line num="54" count="2" type="stmt"/>
        <line num="72" count="2" type="stmt"/>
        <line num="81" count="42" type="stmt"/>
        <line num="85" count="42" type="stmt"/>
        <line num="86" count="42" type="stmt"/>
        <line num="87" count="42" type="stmt"/>
        <line num="88" count="42" type="stmt"/>
        <line num="89" count="42" type="stmt"/>
        <line num="90" count="42" type="stmt"/>
        <line num="92" count="42" type="stmt"/>
        <line num="95" count="42" type="stmt"/>
        <line num="97" count="42" type="stmt"/>
        <line num="99" count="42" type="stmt"/>
        <line num="100" count="0" type="stmt"/>
        <line num="101" count="0" type="stmt"/>
        <line num="102" count="0" type="stmt"/>
        <line num="103" count="0" type="stmt"/>
        <line num="106" count="42" type="stmt"/>
        <line num="107" count="0" type="stmt"/>
        <line num="108" count="0" type="stmt"/>
        <line num="111" count="42" type="stmt"/>
        <line num="113" count="0" type="stmt"/>
        <line num="114" count="0" type="cond" truecount="0" falsecount="2"/>
        <line num="117" count="42" type="stmt"/>
        <line num="158" count="1" type="cond" truecount="1" falsecount="1"/>
        <line num="181" count="0" type="stmt"/>
        <line num="192" count="0" type="stmt"/>
        <line num="193" count="0" type="stmt"/>
        <line num="196" count="0" type="stmt"/>
        <line num="211" count="128" type="stmt"/>
        <line num="212" count="128" type="stmt"/>
        <line num="277" count="2" type="stmt"/>
      </file>
    </package>
    <package name="app.components.hero">
      <metrics statements="5" coveredstatements="5" conditionals="2" coveredconditionals="2" methods="1" coveredmethods="1"/>
      <file name="index.jsx" path="D:\lisam\OSF-Academy\app\components\hero\index.jsx">
        <metrics statements="5" coveredstatements="5" conditionals="2" coveredconditionals="2" methods="1" coveredmethods="1"/>
        <line num="18" count="2" type="stmt"/>
        <line num="19" count="4" type="stmt"/>
        <line num="21" count="4" type="stmt"/>
        <line num="70" count="2" type="stmt"/>
        <line num="72" count="2" type="stmt"/>
      </file>
    </package>
    <package name="app.components.icons">
      <metrics statements="58" coveredstatements="58" conditionals="18" coveredconditionals="9" methods="0" coveredmethods="0"/>
      <file name="index.jsx" path="D:\lisam\OSF-Academy\app\components\icons\index.jsx">
        <metrics statements="58" coveredstatements="58" conditionals="18" coveredconditionals="9" methods="0" coveredmethods="0"/>
        <line num="72" count="72" type="cond" truecount="1" falsecount="1"/>
        <line num="73" count="72" type="cond" truecount="1" falsecount="1"/>
        <line num="74" count="72" type="cond" truecount="1" falsecount="1"/>
        <line num="75" count="72" type="cond" truecount="1" falsecount="1"/>
        <line num="76" count="72" type="cond" truecount="1" falsecount="1"/>
        <line num="77" count="72" type="cond" truecount="1" falsecount="1"/>
        <line num="78" count="72" type="cond" truecount="1" falsecount="1"/>
        <line num="79" count="72" type="cond" truecount="1" falsecount="1"/>
        <line num="80" count="72" type="cond" truecount="1" falsecount="1"/>
        <line num="108" count="72" type="stmt"/>
        <line num="109" count="72" type="stmt"/>
        <line num="110" count="72" type="stmt"/>
        <line num="111" count="72" type="stmt"/>
        <line num="112" count="72" type="stmt"/>
        <line num="113" count="72" type="stmt"/>
        <line num="114" count="72" type="stmt"/>
        <line num="115" count="72" type="stmt"/>
        <line num="116" count="72" type="stmt"/>
        <line num="117" count="72" type="stmt"/>
        <line num="118" count="72" type="stmt"/>
        <line num="119" count="72" type="stmt"/>
        <line num="120" count="72" type="stmt"/>
        <line num="121" count="72" type="stmt"/>
        <line num="122" count="72" type="stmt"/>
        <line num="123" count="72" type="stmt"/>
        <line num="124" count="72" type="stmt"/>
        <line num="125" count="72" type="stmt"/>
        <line num="126" count="72" type="stmt"/>
        <line num="127" count="72" type="stmt"/>
        <line num="128" count="72" type="stmt"/>
        <line num="129" count="72" type="stmt"/>
        <line num="130" count="72" type="stmt"/>
        <line num="131" count="72" type="stmt"/>
        <line num="132" count="72" type="stmt"/>
        <line num="133" count="72" type="stmt"/>
        <line num="134" count="72" type="stmt"/>
        <line num="135" count="72" type="stmt"/>
        <line num="136" count="72" type="stmt"/>
        <line num="137" count="72" type="stmt"/>
        <line num="138" count="72" type="stmt"/>
        <line num="139" count="72" type="stmt"/>
        <line num="140" count="72" type="stmt"/>
        <line num="141" count="72" type="stmt"/>
        <line num="142" count="72" type="stmt"/>
        <line num="143" count="72" type="stmt"/>
        <line num="144" count="72" type="stmt"/>
        <line num="145" count="72" type="stmt"/>
        <line num="146" count="72" type="stmt"/>
        <line num="149" count="72" type="stmt"/>
        <line num="150" count="72" type="stmt"/>
        <line num="151" count="72" type="stmt"/>
        <line num="152" count="72" type="stmt"/>
        <line num="153" count="72" type="stmt"/>
        <line num="154" count="72" type="stmt"/>
        <line num="155" count="72" type="stmt"/>
        <line num="156" count="72" type="stmt"/>
        <line num="157" count="72" type="stmt"/>
        <line num="158" count="72" type="stmt"/>
      </file>
    </package>
    <package name="app.components.image-gallery">
      <metrics statements="29" coveredstatements="29" conditionals="19" coveredconditionals="13" methods="9" coveredmethods="9"/>
      <file name="index.jsx" path="D:\lisam\OSF-Academy\app\components\image-gallery\index.jsx">
        <metrics statements="29" coveredstatements="29" conditionals="19" coveredconditionals="13" methods="9" coveredmethods="9"/>
        <line num="28" count="11" type="stmt"/>
        <line num="30" count="11" type="stmt"/>
        <line num="31" count="11" type="stmt"/>
        <line num="37" count="11" type="stmt"/>
        <line num="38" count="8" type="stmt"/>
        <line num="40" count="8" type="stmt"/>
        <line num="48" count="32" type="stmt"/>
        <line num="58" count="11" type="stmt"/>
        <line num="66" count="11" type="cond" truecount="1" falsecount="2"/>
        <line num="67" count="108" type="stmt"/>
        <line num="68" count="108" type="stmt"/>
        <line num="69" count="108" type="stmt"/>
        <line num="72" count="108" type="stmt"/>
        <line num="74" count="103" type="stmt"/>
        <line num="81" count="108" type="stmt"/>
        <line num="83" count="39" type="stmt"/>
        <line num="89" count="108" type="stmt"/>
        <line num="91" count="103" type="stmt"/>
        <line num="98" count="108" type="stmt"/>
        <line num="99" count="108" type="cond" truecount="1" falsecount="1"/>
        <line num="100" count="108" type="cond" truecount="2" falsecount="0"/>
        <line num="102" count="108" type="stmt"/>
        <line num="104" count="108" type="stmt"/>
        <line num="126" count="198" type="stmt"/>
        <line num="127" count="198" type="stmt"/>
        <line num="134" count="1" type="cond" truecount="1" falsecount="1"/>
        <line num="135" count="1" type="stmt"/>
        <line num="138" count="1" type="stmt"/>
        <line num="157" count="11" type="stmt"/>
      </file>
    </package>
    <package name="app.components.item-variant">
      <metrics statements="47" coveredstatements="47" conditionals="59" coveredconditionals="51" methods="14" coveredmethods="14"/>
      <file name="index.jsx" path="D:\lisam\OSF-Academy\app\components\item-variant\index.jsx">
        <metrics statements="6" coveredstatements="6" conditionals="0" coveredconditionals="0" methods="2" coveredmethods="2"/>
        <line num="15" count="14" type="stmt"/>
        <line num="17" count="14" type="stmt"/>
        <line num="18" count="334" type="stmt"/>
        <line num="24" count="14" type="stmt"/>
        <line num="25" count="68" type="stmt"/>
        <line num="28" count="14" type="stmt"/>
      </file>
      <file name="item-attributes.jsx" path="D:\lisam\OSF-Academy\app\components\item-variant\item-attributes.jsx">
        <metrics statements="17" coveredstatements="17" conditionals="19" coveredconditionals="15" methods="8" coveredmethods="8"/>
        <line num="22" count="10" type="stmt"/>
        <line num="23" count="70" type="stmt"/>
        <line num="24" count="70" type="stmt"/>
        <line num="25" count="70" type="stmt"/>
        <line num="26" count="70" type="cond" truecount="2" falsecount="0"/>
        <line num="30" count="70" type="stmt"/>
        <line num="40" count="70" type="cond" truecount="2" falsecount="0"/>
        <line num="43" count="70" type="cond" truecount="2" falsecount="0"/>
        <line num="44" count="82" type="stmt"/>
        <line num="45" count="132" type="stmt"/>
        <line num="46" count="82" type="stmt"/>
        <line num="49" count="163" type="cond" truecount="1" falsecount="1"/>
        <line num="53" count="70" type="stmt"/>
        <line num="56" count="82" type="stmt"/>
        <line num="84" count="3" type="cond" truecount="1" falsecount="1"/>
        <line num="93" count="2" type="stmt"/>
        <line num="105" count="10" type="stmt"/>
      </file>
      <file name="item-image.jsx" path="D:\lisam\OSF-Academy\app\components\item-variant\item-image.jsx">
        <metrics statements="5" coveredstatements="5" conditionals="7" coveredconditionals="6" methods="1" coveredmethods="1"/>
        <line num="22" count="10" type="cond" truecount="1" falsecount="0"/>
        <line num="23" count="61" type="stmt"/>
        <line num="26" count="61" type="stmt"/>
        <line num="31" count="61" type="stmt"/>
        <line num="68" count="10" type="stmt"/>
      </file>
      <file name="item-name.jsx" path="D:\lisam\OSF-Academy\app\components\item-variant\item-name.jsx">
        <metrics statements="4" coveredstatements="4" conditionals="4" coveredconditionals="4" methods="1" coveredmethods="1"/>
        <line num="17" count="10" type="stmt"/>
        <line num="18" count="61" type="stmt"/>
        <line num="19" count="61" type="cond" truecount="2" falsecount="0"/>
        <line num="21" count="61" type="stmt"/>
      </file>
      <file name="item-price.jsx" path="D:\lisam\OSF-Academy\app\components\item-variant\item-price.jsx">
        <metrics statements="15" coveredstatements="15" conditionals="29" coveredconditionals="26" methods="2" coveredmethods="2"/>
        <line num="16" count="10" type="stmt"/>
        <line num="17" count="34" type="stmt"/>
        <line num="18" count="34" type="stmt"/>
        <line num="34" count="10" type="stmt"/>
        <line num="44" count="10" type="cond" truecount="2" falsecount="0"/>
        <line num="45" count="84" type="stmt"/>
        <line num="46" count="84" type="stmt"/>
        <line num="47" count="84" type="stmt"/>
        <line num="48" count="84" type="stmt"/>
        <line num="50" count="84" type="stmt"/>
        <line num="51" count="84" type="stmt"/>
        <line num="54" count="84" type="cond" truecount="2" falsecount="0"/>
        <line num="56" count="84" type="stmt"/>
        <line num="58" count="84" type="stmt"/>
        <line num="112" count="10" type="stmt"/>
      </file>
    </package>
    <package name="app.components.link">
      <metrics statements="7" coveredstatements="7" conditionals="7" coveredconditionals="7" methods="1" coveredmethods="1"/>
      <file name="index.jsx" path="D:\lisam\OSF-Academy\app\components\link\index.jsx">
        <metrics statements="7" coveredstatements="7" conditionals="7" coveredconditionals="7" methods="1" coveredmethods="1"/>
        <line num="13" count="71" type="cond" truecount="1" falsecount="0"/>
        <line num="14" count="974" type="cond" truecount="2" falsecount="0"/>
        <line num="15" count="974" type="stmt"/>
        <line num="16" count="974" type="stmt"/>
        <line num="17" count="974" type="stmt"/>
        <line num="28" count="71" type="stmt"/>
        <line num="30" count="71" type="stmt"/>
      </file>
    </package>
    <package name="app.components.links-list">
      <metrics statements="6" coveredstatements="6" conditionals="18" coveredconditionals="14" methods="3" coveredmethods="3"/>
      <file name="index.jsx" path="D:\lisam\OSF-Academy\app\components\links-list\index.jsx">
        <metrics statements="6" coveredstatements="6" conditionals="18" coveredconditionals="14" methods="3" coveredmethods="3"/>
        <line num="19" count="5" type="stmt"/>
        <line num="28" count="52" type="stmt"/>
        <line num="29" count="52" type="stmt"/>
        <line num="52" count="31" type="stmt"/>
        <line num="65" count="88" type="stmt"/>
        <line num="82" count="5" type="stmt"/>
      </file>
    </package>
    <package name="app.components.list-menu">
      <metrics statements="42" coveredstatements="37" conditionals="15" coveredconditionals="11" methods="12" coveredmethods="8"/>
      <file name="index.jsx" path="D:\lisam\OSF-Academy\app\components\list-menu\index.jsx">
        <metrics statements="42" coveredstatements="37" conditionals="15" coveredconditionals="11" methods="12" coveredmethods="8"/>
        <line num="40" count="2" type="stmt"/>
        <line num="42" count="2" type="stmt"/>
        <line num="43" count="3" type="stmt"/>
        <line num="50" count="2" type="stmt"/>
        <line num="51" count="3" type="stmt"/>
        <line num="52" count="3" type="stmt"/>
        <line num="54" count="3" type="stmt"/>
        <line num="55" count="0" type="stmt"/>
        <line num="56" count="0" type="stmt"/>
        <line num="59" count="3" type="stmt"/>
        <line num="77" count="0" type="stmt"/>
        <line num="90" count="2" type="stmt"/>
        <line num="99" count="2" type="stmt"/>
        <line num="100" count="3" type="stmt"/>
        <line num="101" count="3" type="stmt"/>
        <line num="102" count="3" type="stmt"/>
        <line num="104" count="3" type="stmt"/>
        <line num="117" count="3" type="stmt"/>
        <line num="118" count="3" type="stmt"/>
        <line num="120" count="3" type="stmt"/>
        <line num="129" count="3" type="cond" truecount="1" falsecount="1"/>
        <line num="131" count="0" type="stmt"/>
        <line num="132" count="0" type="stmt"/>
        <line num="143" count="3" type="stmt"/>
        <line num="160" count="2" type="stmt"/>
        <line num="168" count="2" type="stmt"/>
        <line num="169" count="3" type="stmt"/>
        <line num="170" count="3" type="stmt"/>
        <line num="171" count="3" type="stmt"/>
        <line num="206" count="2" type="stmt"/>
        <line num="223" count="2" type="cond" truecount="1" falsecount="0"/>
        <line num="224" count="13" type="stmt"/>
        <line num="225" count="13" type="stmt"/>
        <line num="226" count="13" type="stmt"/>
        <line num="227" count="13" type="stmt"/>
        <line num="229" count="13" type="stmt"/>
        <line num="230" count="5" type="stmt"/>
        <line num="233" count="13" type="stmt"/>
        <line num="245" count="2" type="stmt"/>
        <line num="246" count="2" type="stmt"/>
        <line num="270" count="2" type="stmt"/>
        <line num="272" count="2" type="stmt"/>
      </file>
    </package>
    <package name="app.components.loading-spinner">
      <metrics statements="3" coveredstatements="3" conditionals="2" coveredconditionals="2" methods="1" coveredmethods="1"/>
      <file name="index.jsx" path="D:\lisam\OSF-Academy\app\components\loading-spinner\index.jsx">
        <metrics statements="3" coveredstatements="3" conditionals="2" coveredconditionals="2" methods="1" coveredmethods="1"/>
        <line num="11" count="14" type="cond" truecount="2" falsecount="0"/>
        <line num="12" count="24" type="stmt"/>
        <line num="41" count="14" type="stmt"/>
      </file>
    </package>
    <package name="app.components.locale-selector">
      <metrics statements="9" coveredstatements="9" conditionals="7" coveredconditionals="4" methods="5" coveredmethods="4"/>
      <file name="index.jsx" path="D:\lisam\OSF-Academy\app\components\locale-selector\index.jsx">
        <metrics statements="9" coveredstatements="9" conditionals="7" coveredconditionals="4" methods="5" coveredmethods="4"/>
        <line num="40" count="3" type="stmt"/>
        <line num="53" count="3" type="cond" truecount="1" falsecount="2"/>
        <line num="54" count="6" type="stmt"/>
        <line num="55" count="6" type="stmt"/>
        <line num="60" count="10" type="stmt"/>
        <line num="77" count="38" type="stmt"/>
        <line num="80" count="1" type="stmt"/>
        <line num="107" count="3" type="stmt"/>
        <line num="109" count="3" type="stmt"/>
      </file>
    </package>
    <package name="app.components.locale-text">
      <metrics statements="10" coveredstatements="10" conditionals="2" coveredconditionals="2" methods="1" coveredmethods="1"/>
      <file name="index.jsx" path="D:\lisam\OSF-Academy\app\components\locale-text\index.jsx">
        <metrics statements="10" coveredstatements="10" conditionals="2" coveredconditionals="2" methods="1" coveredmethods="1"/>
        <line num="12" count="5" type="stmt"/>
        <line num="13" count="77" type="stmt"/>
        <line num="14" count="77" type="stmt"/>
        <line num="16" count="77" type="cond" truecount="2" falsecount="0"/>
        <line num="17" count="1" type="stmt"/>
        <line num="20" count="1" type="stmt"/>
        <line num="23" count="76" type="stmt"/>
        <line num="26" count="5" type="stmt"/>
        <line num="28" count="5" type="stmt"/>
        <line num="43" count="5" type="stmt"/>
      </file>
    </package>
    <package name="app.components.login">
      <metrics statements="4" coveredstatements="4" conditionals="4" coveredconditionals="1" methods="2" coveredmethods="2"/>
      <file name="index.jsx" path="D:\lisam\OSF-Academy\app\components\login\index.jsx">
        <metrics statements="4" coveredstatements="4" conditionals="4" coveredconditionals="1" methods="2" coveredmethods="2"/>
        <line num="22" count="71" type="cond" truecount="0" falsecount="2"/>
        <line num="23" count="25" type="stmt"/>
        <line num="64" count="1" type="stmt"/>
        <line num="95" count="71" type="stmt"/>
      </file>
    </package>
    <package name="app.components.nested-accordion">
      <metrics statements="16" coveredstatements="16" conditionals="22" coveredconditionals="20" methods="6" coveredmethods="6"/>
      <file name="index.jsx" path="D:\lisam\OSF-Academy\app\components\nested-accordion\index.jsx">
        <metrics statements="16" coveredstatements="16" conditionals="22" coveredconditionals="20" methods="6" coveredmethods="6"/>
        <line num="31" count="3" type="stmt"/>
        <line num="32" count="47" type="stmt"/>
        <line num="36" count="157" type="cond" truecount="1" falsecount="0"/>
        <line num="42" count="18" type="cond" truecount="1" falsecount="0"/>
        <line num="44" count="47" type="stmt"/>
        <line num="46" count="47" type="stmt"/>
        <line num="47" count="47" type="cond" truecount="1" falsecount="1"/>
        <line num="50" count="47" type="stmt"/>
        <line num="51" count="165" type="cond" truecount="2" falsecount="0"/>
        <line num="53" count="47" type="stmt"/>
        <line num="59" count="95" type="stmt"/>
        <line num="60" count="95" type="stmt"/>
        <line num="62" count="95" type="stmt"/>
        <line num="65" count="112" type="stmt"/>
        <line num="124" count="3" type="stmt"/>
        <line num="126" count="3" type="stmt"/>
      </file>
    </package>
    <package name="app.components.offline-banner">
      <metrics statements="4" coveredstatements="4" conditionals="0" coveredconditionals="0" methods="1" coveredmethods="1"/>
      <file name="index.jsx" path="D:\lisam\OSF-Academy\app\components\offline-banner\index.jsx">
        <metrics statements="4" coveredstatements="4" conditionals="0" coveredconditionals="0" methods="1" coveredmethods="1"/>
        <line num="23" count="2" type="stmt"/>
        <line num="24" count="1" type="stmt"/>
        <line num="25" count="1" type="stmt"/>
        <line num="27" count="1" type="stmt"/>
      </file>
    </package>
    <package name="app.components.offline-boundary">
      <metrics statements="20" coveredstatements="13" conditionals="16" coveredconditionals="8" methods="9" coveredmethods="4"/>
      <file name="index.jsx" path="D:\lisam\OSF-Academy\app\components\offline-boundary\index.jsx">
        <metrics statements="20" coveredstatements="13" conditionals="16" coveredconditionals="8" methods="9" coveredmethods="4"/>
        <line num="22" count="4" type="stmt"/>
        <line num="23" count="4" type="stmt"/>
        <line num="31" count="0" type="cond" truecount="0" falsecount="2"/>
        <line num="32" count="0" type="stmt"/>
        <line num="37" count="0" type="stmt"/>
        <line num="41" count="4" type="stmt"/>
        <line num="42" count="4" type="stmt"/>
        <line num="44" count="4" type="cond" truecount="2" falsecount="0"/>
        <line num="46" count="4" type="stmt"/>
        <line num="47" count="8" type="cond" truecount="2" falsecount="2"/>
        <line num="50" count="4" type="cond" truecount="2" falsecount="0"/>
        <line num="52" count="4" type="cond" truecount="1" falsecount="1"/>
        <line num="53" count="0" type="stmt"/>
        <line num="59" count="0" type="stmt"/>
        <line num="60" count="0" type="cond" truecount="0" falsecount="2"/>
        <line num="65" count="8" type="stmt"/>
        <line num="66" count="8" type="stmt"/>
        <line num="68" count="8" type="stmt"/>
        <line num="84" count="0" type="stmt"/>
        <line num="97" count="2" type="stmt"/>
      </file>
    </package>
    <package name="app.components.order-summary">
      <metrics statements="27" coveredstatements="25" conditionals="38" coveredconditionals="37" methods="13" coveredmethods="12"/>
      <file name="index.jsx" path="D:\lisam\OSF-Academy\app\components\order-summary\index.jsx">
        <metrics statements="27" coveredstatements="25" conditionals="38" coveredconditionals="37" methods="13" coveredmethods="12"/>
        <line num="34" count="7" type="stmt"/>
        <line num="35" count="44" type="cond" truecount="2" falsecount="0"/>
        <line num="36" count="44" type="cond" truecount="2" falsecount="0"/>
        <line num="37" count="44" type="stmt"/>
        <line num="48" count="42" type="stmt"/>
        <line num="49" count="42" type="stmt"/>
        <line num="50" count="42" type="stmt"/>
        <line num="51" count="42" type="stmt"/>
        <line num="57" count="44" type="stmt"/>
        <line num="59" count="44" type="stmt"/>
        <line num="66" count="1" type="stmt"/>
        <line num="80" count="16" type="stmt"/>
        <line num="85" count="16" type="stmt"/>
        <line num="115" count="7" type="stmt"/>
        <line num="119" count="7" type="stmt"/>
        <line num="126" count="73" type="stmt"/>
        <line num="128" count="73" type="cond" truecount="3" falsecount="1"/>
        <line num="129" count="0" type="stmt"/>
        <line num="131" count="73" type="stmt"/>
        <line num="132" count="73" type="stmt"/>
        <line num="134" count="73" type="stmt"/>
        <line num="164" count="0" type="stmt"/>
        <line num="198" count="19" type="stmt"/>
        <line num="208" count="19" type="stmt"/>
        <line num="303" count="4" type="stmt"/>
        <line num="312" count="1" type="stmt"/>
        <line num="331" count="7" type="stmt"/>
      </file>
    </package>
    <package name="app.components.page-action-placeholder">
      <metrics statements="3" coveredstatements="3" conditionals="0" coveredconditionals="0" methods="1" coveredmethods="1"/>
      <file name="index.jsx" path="D:\lisam\OSF-Academy\app\components\page-action-placeholder\index.jsx">
        <metrics statements="3" coveredstatements="3" conditionals="0" coveredconditionals="0" methods="1" coveredmethods="1"/>
        <line num="13" count="7" type="stmt"/>
        <line num="14" count="4" type="stmt"/>
        <line num="41" count="7" type="stmt"/>
      </file>
    </package>
    <package name="app.components.pagination">
      <metrics statements="14" coveredstatements="13" conditionals="10" coveredconditionals="9" methods="3" coveredmethods="2"/>
      <file name="index.jsx" path="D:\lisam\OSF-Academy\app\components\pagination\index.jsx">
        <metrics statements="14" coveredstatements="13" conditionals="10" coveredconditionals="9" methods="3" coveredmethods="2"/>
        <line num="28" count="7" type="stmt"/>
        <line num="35" count="7" type="stmt"/>
        <line num="36" count="39" type="stmt"/>
        <line num="37" count="38" type="stmt"/>
        <line num="38" count="38" type="stmt"/>
        <line num="39" count="38" type="stmt"/>
        <line num="41" count="38" type="cond" truecount="1" falsecount="1"/>
        <line num="42" count="38" type="stmt"/>
        <line num="43" count="38" type="stmt"/>
        <line num="46" count="38" type="stmt"/>
        <line num="74" count="0" type="stmt"/>
        <line num="80" count="42" type="stmt"/>
        <line num="121" count="7" type="stmt"/>
        <line num="123" count="7" type="stmt"/>
      </file>
    </package>
    <package name="app.components.product-item">
      <metrics statements="12" coveredstatements="4" conditionals="15" coveredconditionals="6" methods="4" coveredmethods="1"/>
      <file name="index.jsx" path="D:\lisam\OSF-Academy\app\components\product-item\index.jsx">
        <metrics statements="12" coveredstatements="4" conditionals="15" coveredconditionals="6" methods="4" coveredmethods="1"/>
        <line num="39" count="7" type="stmt"/>
        <line num="47" count="12" type="stmt"/>
        <line num="48" count="12" type="stmt"/>
        <line num="81" count="0" type="stmt"/>
        <line num="83" count="0" type="cond" truecount="0" falsecount="2"/>
        <line num="84" count="0" type="stmt"/>
        <line num="89" count="0" type="cond" truecount="0" falsecount="2"/>
        <line num="91" count="0" type="stmt"/>
        <line num="93" count="0" type="cond" truecount="0" falsecount="2"/>
        <line num="95" count="0" type="cond" truecount="0" falsecount="2"/>
        <line num="98" count="0" type="stmt"/>
        <line num="136" count="7" type="stmt"/>
      </file>
    </package>
    <package name="app.components.product-scroller">
      <metrics statements="12" coveredstatements="12" conditionals="26" coveredconditionals="25" methods="5" coveredmethods="5"/>
      <file name="index.jsx" path="D:\lisam\OSF-Academy\app\components\product-scroller\index.jsx">
        <metrics statements="12" coveredstatements="12" conditionals="26" coveredconditionals="25" methods="5" coveredmethods="5"/>
        <line num="24" count="71" type="stmt"/>
        <line num="38" count="99" type="stmt"/>
        <line num="41" count="99" type="cond" truecount="5" falsecount="0"/>
        <line num="42" count="61" type="stmt"/>
        <line num="47" count="38" type="cond" truecount="0" falsecount="1"/>
        <line num="48" count="2" type="stmt"/>
        <line num="55" count="38" type="stmt"/>
        <line num="84" count="129" type="stmt"/>
        <line num="137" count="1" type="stmt"/>
        <line num="157" count="1" type="stmt"/>
        <line num="167" count="71" type="stmt"/>
        <line num="169" count="71" type="stmt"/>
      </file>
    </package>
    <package name="app.components.product-tile">
      <metrics statements="19" coveredstatements="15" conditionals="15" coveredconditionals="13" methods="4" coveredmethods="2"/>
      <file name="index.jsx" path="D:\lisam\OSF-Academy\app\components\product-tile\index.jsx">
        <metrics statements="19" coveredstatements="15" conditionals="15" coveredconditionals="13" methods="4" coveredmethods="2"/>
        <line num="33" count="71" type="stmt"/>
        <line num="36" count="71" type="stmt"/>
        <line num="37" count="601" type="stmt"/>
        <line num="38" count="601" type="stmt"/>
        <line num="58" count="71" type="stmt"/>
        <line num="59" count="307" type="stmt"/>
        <line num="67" count="306" type="stmt"/>
        <line num="69" count="306" type="stmt"/>
        <line num="75" count="306" type="cond" truecount="2" falsecount="0"/>
        <line num="77" count="306" type="stmt"/>
        <line num="78" count="306" type="stmt"/>
        <line num="79" count="306" type="stmt"/>
        <line num="81" count="306" type="stmt"/>
        <line num="108" count="0" type="stmt"/>
        <line num="120" count="0" type="stmt"/>
        <line num="121" count="0" type="stmt"/>
        <line num="122" count="0" type="stmt"/>
        <line num="148" count="71" type="stmt"/>
        <line num="150" count="71" type="stmt"/>
      </file>
    </package>
    <package name="app.components.product-view">
      <metrics statements="84" coveredstatements="77" conditionals="112" coveredconditionals="98" methods="18" coveredmethods="16"/>
      <file name="index.jsx" path="D:\lisam\OSF-Academy\app\components\product-view\index.jsx">
        <metrics statements="84" coveredstatements="77" conditionals="112" coveredconditionals="98" methods="18" coveredmethods="16"/>
        <line num="42" count="10" type="stmt"/>
        <line num="43" count="214" type="stmt"/>
        <line num="45" count="214" type="stmt"/>
        <line num="68" count="10" type="stmt"/>
        <line num="77" count="10" type="stmt"/>
        <line num="84" count="10" type="stmt"/>
        <line num="101" count="97" type="cond" truecount="4" falsecount="0"/>
        <line num="105" count="130" type="stmt"/>
        <line num="106" count="130" type="stmt"/>
        <line num="107" count="130" type="stmt"/>
        <line num="108" count="130" type="stmt"/>
        <line num="113" count="130" type="stmt"/>
        <line num="114" count="130" type="stmt"/>
        <line num="115" count="130" type="stmt"/>
        <line num="128" count="130" type="stmt"/>
        <line num="129" count="130" type="stmt"/>
        <line num="130" count="130" type="stmt"/>
        <line num="131" count="130" type="stmt"/>
        <line num="132" count="130" type="stmt"/>
        <line num="134" count="130" type="cond" truecount="1" falsecount="0"/>
        <line num="135" count="11" type="cond" truecount="1" falsecount="0"/>
        <line num="137" count="11" type="stmt"/>
        <line num="138" count="11" type="cond" truecount="2" falsecount="0"/>
        <line num="139" count="11" type="cond" truecount="2" falsecount="0"/>
        <line num="141" count="11" type="stmt"/>
        <line num="143" count="11" type="cond" truecount="1" falsecount="1"/>
        <line num="144" count="0" type="stmt"/>
        <line num="150" count="11" type="stmt"/>
        <line num="153" count="130" type="stmt"/>
        <line num="154" count="260" type="stmt"/>
        <line num="155" count="260" type="stmt"/>
        <line num="178" count="260" type="stmt"/>
        <line num="179" count="0" type="stmt"/>
        <line num="185" count="260" type="stmt"/>
        <line num="186" count="5" type="stmt"/>
        <line num="188" count="5" type="cond" truecount="2" falsecount="0"/>
        <line num="189" count="2" type="stmt"/>
        <line num="192" count="3" type="cond" truecount="3" falsecount="1"/>
        <line num="193" count="3" type="cond" truecount="2" falsecount="0"/>
        <line num="194" count="1" type="stmt"/>
        <line num="195" count="1" type="stmt"/>
        <line num="197" count="2" type="stmt"/>
        <line num="198" count="2" type="stmt"/>
        <line num="202" count="2" type="cond" truecount="2" falsecount="0"/>
        <line num="203" count="1" type="stmt"/>
        <line num="209" count="0" type="stmt"/>
        <line num="213" count="260" type="stmt"/>
        <line num="214" count="2" type="cond" truecount="3" falsecount="1"/>
        <line num="215" count="2" type="cond" truecount="2" falsecount="0"/>
        <line num="216" count="1" type="stmt"/>
        <line num="217" count="1" type="stmt"/>
        <line num="219" count="1" type="stmt"/>
        <line num="222" count="260" type="cond" truecount="4" falsecount="0"/>
        <line num="223" count="242" type="stmt"/>
        <line num="242" count="260" type="cond" truecount="4" falsecount="0"/>
        <line num="243" count="222" type="stmt"/>
        <line num="262" count="260" type="stmt"/>
        <line num="267" count="130" type="cond" truecount="2" falsecount="0"/>
        <line num="268" count="51" type="stmt"/>
        <line num="271" count="130" type="stmt"/>
        <line num="272" count="33" type="cond" truecount="1" falsecount="1"/>
        <line num="273" count="0" type="stmt"/>
        <line num="277" count="130" type="stmt"/>
        <line num="278" count="107" type="cond" truecount="4" falsecount="0"/>
        <line num="279" count="50" type="stmt"/>
        <line num="283" count="130" type="stmt"/>
        <line num="284" count="37" type="cond" truecount="2" falsecount="0"/>
        <line num="285" count="17" type="stmt"/>
        <line num="289" count="130" type="stmt"/>
        <line num="367" count="242" type="stmt"/>
        <line num="368" count="242" type="stmt"/>
        <line num="372" count="1" type="cond" truecount="1" falsecount="1"/>
        <line num="373" count="1" type="stmt"/>
        <line num="382" count="983" type="stmt"/>
        <line num="438" count="2" type="cond" truecount="2" falsecount="0"/>
        <line num="439" count="1" type="stmt"/>
        <line num="440" count="1" type="cond" truecount="1" falsecount="1"/>
        <line num="443" count="1" type="stmt"/>
        <line num="448" count="0" type="stmt"/>
        <line num="449" count="0" type="cond" truecount="0" falsecount="4"/>
        <line num="450" count="0" type="stmt"/>
        <line num="457" count="1" type="stmt"/>
        <line num="527" count="10" type="stmt"/>
        <line num="529" count="10" type="stmt"/>
      </file>
    </package>
    <package name="app.components.product-view-modal">
      <metrics statements="4" coveredstatements="4" conditionals="0" coveredconditionals="0" methods="1" coveredmethods="1"/>
      <file name="index.jsx" path="D:\lisam\OSF-Academy\app\components\product-view-modal\index.jsx">
        <metrics statements="4" coveredstatements="4" conditionals="0" coveredconditionals="0" methods="1" coveredmethods="1"/>
        <line num="23" count="8" type="stmt"/>
        <line num="24" count="8" type="stmt"/>
        <line num="25" count="8" type="stmt"/>
        <line num="44" count="8" type="stmt"/>
      </file>
    </package>
    <package name="app.components.promo-code">
      <metrics statements="27" coveredstatements="24" conditionals="6" coveredconditionals="5" methods="12" coveredmethods="10"/>
      <file name="index.jsx" path="D:\lisam\OSF-Academy\app\components\promo-code\index.jsx">
        <metrics statements="27" coveredstatements="24" conditionals="6" coveredconditionals="5" methods="12" coveredmethods="10"/>
        <line num="26" count="7" type="stmt"/>
        <line num="27" count="165" type="stmt"/>
        <line num="28" count="165" type="stmt"/>
        <line num="29" count="165" type="stmt"/>
        <line num="30" count="165" type="stmt"/>
        <line num="32" count="165" type="stmt"/>
        <line num="33" count="165" type="stmt"/>
        <line num="35" count="165" type="stmt"/>
        <line num="36" count="1" type="stmt"/>
        <line num="45" count="1" type="stmt"/>
        <line num="46" count="1" type="stmt"/>
        <line num="57" count="0" type="stmt"/>
        <line num="70" count="165" type="stmt"/>
        <line num="71" count="1" type="stmt"/>
        <line num="77" count="1" type="stmt"/>
        <line num="88" count="0" type="stmt"/>
        <line num="99" count="165" type="stmt"/>
        <line num="102" count="7" type="stmt"/>
        <line num="103" count="59" type="stmt"/>
        <line num="105" count="59" type="stmt"/>
        <line num="106" count="3" type="cond" truecount="1" falsecount="1"/>
        <line num="107" count="0" type="stmt"/>
        <line num="111" count="59" type="stmt"/>
        <line num="112" count="1" type="cond" truecount="2" falsecount="0"/>
        <line num="115" count="63" type="stmt"/>
        <line num="122" count="1" type="stmt"/>
        <line num="151" count="7" type="stmt"/>
      </file>
    </package>
    <package name="app.components.promo-popover">
      <metrics statements="3" coveredstatements="3" conditionals="2" coveredconditionals="2" methods="1" coveredmethods="1"/>
      <file name="index.jsx" path="D:\lisam\OSF-Academy\app\components\promo-popover\index.jsx">
        <metrics statements="3" coveredstatements="3" conditionals="2" coveredconditionals="2" methods="1" coveredmethods="1"/>
        <line num="30" count="10" type="stmt"/>
        <line num="31" count="50" type="stmt"/>
        <line num="78" count="10" type="stmt"/>
      </file>
    </package>
    <package name="app.components.quantity-picker">
      <metrics statements="9" coveredstatements="9" conditionals="2" coveredconditionals="2" methods="2" coveredmethods="2"/>
      <file name="index.jsx" path="D:\lisam\OSF-Academy\app\components\quantity-picker\index.jsx">
        <metrics statements="9" coveredstatements="9" conditionals="2" coveredconditionals="2" methods="2" coveredmethods="2"/>
        <line num="27" count="11" type="stmt"/>
        <line num="28" count="102" type="stmt"/>
        <line num="34" count="1" type="stmt"/>
        <line num="38" count="1" type="stmt"/>
        <line num="42" count="1" type="cond" truecount="2" falsecount="0"/>
        <line num="46" count="102" type="stmt"/>
        <line num="47" count="102" type="stmt"/>
        <line num="48" count="102" type="stmt"/>
        <line num="50" count="102" type="stmt"/>
      </file>
    </package>
    <package name="app.components.radio-card">
      <metrics statements="13" coveredstatements="13" conditionals="2" coveredconditionals="2" methods="2" coveredmethods="2"/>
      <file name="index.jsx" path="D:\lisam\OSF-Academy\app\components\radio-card\index.jsx">
        <metrics statements="13" coveredstatements="13" conditionals="2" coveredconditionals="2" methods="2" coveredmethods="2"/>
        <line num="12" count="1" type="stmt"/>
        <line num="14" count="1" type="stmt"/>
        <line num="15" count="68" type="stmt"/>
        <line num="16" count="68" type="stmt"/>
        <line num="18" count="68" type="stmt"/>
        <line num="19" count="68" type="stmt"/>
        <line num="20" count="68" type="stmt"/>
        <line num="63" count="1" type="stmt"/>
        <line num="64" count="32" type="stmt"/>
        <line num="65" count="32" type="stmt"/>
        <line num="67" count="32" type="stmt"/>
        <line num="74" count="1" type="stmt"/>
        <line num="75" count="1" type="stmt"/>
      </file>
    </package>
    <package name="app.components.recommended-products">
      <metrics statements="58" coveredstatements="39" conditionals="36" coveredconditionals="22" methods="14" coveredmethods="9"/>
      <file name="index.jsx" path="D:\lisam\OSF-Academy\app\components\recommended-products\index.jsx">
        <metrics statements="58" coveredstatements="39" conditionals="36" coveredconditionals="22" methods="14" coveredmethods="9"/>
        <line num="32" count="71" type="stmt"/>
        <line num="40" count="153" type="stmt"/>
        <line num="41" count="153" type="stmt"/>
        <line num="42" count="153" type="stmt"/>
        <line num="43" count="153" type="stmt"/>
        <line num="45" count="153" type="stmt"/>
        <line num="48" count="153" type="stmt"/>
        <line num="51" count="153" type="stmt"/>
        <line num="52" count="153" type="stmt"/>
        <line num="53" count="153" type="stmt"/>
        <line num="55" count="153" type="stmt"/>
        <line num="56" count="153" type="stmt"/>
        <line num="57" count="153" type="stmt"/>
        <line num="59" count="153" type="stmt"/>
        <line num="62" count="40" type="cond" truecount="4" falsecount="0"/>
        <line num="63" count="12" type="stmt"/>
        <line num="68" count="28" type="cond" truecount="1" falsecount="1"/>
        <line num="69" count="0" type="stmt"/>
        <line num="70" count="0" type="stmt"/>
        <line num="72" count="28" type="cond" truecount="1" falsecount="1"/>
        <line num="73" count="28" type="stmt"/>
        <line num="74" count="28" type="stmt"/>
        <line num="78" count="153" type="stmt"/>
        <line num="81" count="67" type="cond" truecount="2" falsecount="0"/>
        <line num="82" count="13" type="stmt"/>
        <line num="84" count="54" type="cond" truecount="2" falsecount="0"/>
        <line num="86" count="54" type="stmt"/>
        <line num="88" count="14" type="stmt"/>
        <line num="92" count="153" type="stmt"/>
        <line num="93" count="56" type="cond" truecount="4" falsecount="0"/>
        <line num="94" count="2" type="stmt"/>
        <line num="99" count="2" type="stmt"/>
        <line num="106" count="153" type="cond" truecount="5" falsecount="0"/>
        <line num="107" count="48" type="stmt"/>
        <line num="111" count="105" type="stmt"/>
        <line num="112" count="0" type="stmt"/>
        <line num="113" count="0" type="cond" truecount="0" falsecount="4"/>
        <line num="114" count="0" type="stmt"/>
        <line num="116" count="0" type="stmt"/>
        <line num="130" count="0" type="stmt"/>
        <line num="139" count="0" type="stmt"/>
        <line num="145" count="0" type="stmt"/>
        <line num="152" count="105" type="stmt"/>
        <line num="153" count="0" type="stmt"/>
        <line num="154" count="0" type="stmt"/>
        <line num="155" count="0" type="stmt"/>
        <line num="157" count="0" type="cond" truecount="0" falsecount="5"/>
        <line num="158" count="0" type="stmt"/>
        <line num="160" count="0" type="stmt"/>
        <line num="167" count="0" type="stmt"/>
        <line num="173" count="0" type="stmt"/>
        <line num="180" count="105" type="stmt"/>
        <line num="186" count="7" type="stmt"/>
        <line num="188" count="1" type="stmt"/>
        <line num="198" count="7" type="stmt"/>
        <line num="201" count="0" type="cond" truecount="0" falsecount="2"/>
        <line num="202" count="0" type="stmt"/>
        <line num="210" count="71" type="stmt"/>
      </file>
    </package>
    <package name="app.components.register">
      <metrics statements="6" coveredstatements="6" conditionals="3" coveredconditionals="1" methods="4" coveredmethods="4"/>
      <file name="index.jsx" path="D:\lisam\OSF-Academy\app\components\register\index.jsx">
        <metrics statements="6" coveredstatements="6" conditionals="3" coveredconditionals="1" methods="4" coveredmethods="4"/>
        <line num="23" count="71" type="cond" truecount="0" falsecount="1"/>
        <line num="24" count="34" type="stmt"/>
        <line num="60" count="2" type="stmt"/>
        <line num="90" count="34" type="stmt"/>
        <line num="96" count="34" type="stmt"/>
        <line num="114" count="71" type="stmt"/>
      </file>
    </package>
    <package name="app.components.reset-password">
      <metrics statements="4" coveredstatements="4" conditionals="3" coveredconditionals="2" methods="2" coveredmethods="2"/>
      <file name="index.jsx" path="D:\lisam\OSF-Academy\app\components\reset-password\index.jsx">
        <metrics statements="4" coveredstatements="4" conditionals="3" coveredconditionals="2" methods="2" coveredmethods="2"/>
        <line num="16" count="71" type="cond" truecount="0" falsecount="1"/>
        <line num="17" count="15" type="stmt"/>
        <line num="50" count="2" type="stmt"/>
        <line num="81" count="71" type="stmt"/>
      </file>
    </package>
    <package name="app.components.responsive">
      <metrics statements="6" coveredstatements="6" conditionals="0" coveredconditionals="0" methods="2" coveredmethods="2"/>
      <file name="index.jsx" path="D:\lisam\OSF-Academy\app\components\responsive\index.jsx">
        <metrics statements="6" coveredstatements="6" conditionals="0" coveredconditionals="0" methods="2" coveredmethods="2"/>
        <line num="15" count="20" type="stmt"/>
        <line num="16" count="296" type="stmt"/>
        <line num="18" count="20" type="stmt"/>
        <line num="24" count="20" type="stmt"/>
        <line num="25" count="204" type="stmt"/>
        <line num="27" count="20" type="stmt"/>
      </file>
    </package>
    <package name="app.components.scroll-to-top">
      <metrics statements="4" coveredstatements="4" conditionals="0" coveredconditionals="0" methods="2" coveredmethods="2"/>
[...]
        <line num="16" count="2440" type="stmt"/>
        <line num="17" count="2928" type="stmt"/>
        <line num="19" count="72" type="stmt"/>
        <line num="20" count="72" type="stmt"/>
        <line num="21" count="72" type="stmt"/>
        <line num="30" count="72" type="cond" truecount="1" falsecount="0"/>
        <line num="31" count="420" type="cond" truecount="2" falsecount="0"/>
        <line num="32" count="4" type="stmt"/>
        <line num="37" count="416" type="stmt"/>
        <line num="38" count="416" type="stmt"/>
        <line num="40" count="416" type="stmt"/>
        <line num="51" count="72" type="stmt"/>
        <line num="52" count="416" type="cond" truecount="2" falsecount="0"/>
        <line num="54" count="416" type="stmt"/>
        <line num="57" count="1934" type="cond" truecount="2" falsecount="0"/>
        <line num="67" count="72" type="stmt"/>
        <line num="68" count="416" type="cond" truecount="2" falsecount="0"/>
        <line num="70" count="416" type="cond" truecount="2" falsecount="0"/>
        <line num="71" count="415" type="stmt"/>
        <line num="72" count="415" type="stmt"/>
        <line num="74" count="415" type="stmt"/>
        <line num="77" count="416" type="stmt"/>
        <line num="79" count="416" type="stmt"/>
        <line num="80" count="416" type="stmt"/>
        <line num="81" count="1689" type="stmt"/>
        <line num="82" count="1689" type="stmt"/>
        <line num="85" count="3378" type="stmt"/>
        <line num="88" count="72" type="stmt"/>
        <line num="89" count="72" type="stmt"/>
        <line num="95" count="72" type="stmt"/>
        <line num="96" count="416" type="stmt"/>
        <line num="98" count="2496" type="cond" truecount="2" falsecount="0"/>
        <line num="99" count="21" type="stmt"/>
        <line num="102" count="2475" type="cond" truecount="2" falsecount="0"/>
        <line num="103" count="2159" type="stmt"/>
        <line num="104" count="2159" type="stmt"/>
        <line num="107" count="2159" type="stmt"/>
        <line num="109" count="2159" type="cond" truecount="2" falsecount="0"/>
        <line num="110" count="1852" type="stmt"/>
        <line num="113" count="307" type="cond" truecount="2" falsecount="0"/>
        <line num="115" count="316" type="cond" truecount="1" falsecount="1"/>
        <line num="116" count="316" type="stmt"/>
        <line num="118" count="0" type="stmt"/>
        <line num="119" count="0" type="stmt"/>
        <line num="122" count="2496" type="stmt"/>
        <line num="125" count="416" type="stmt"/>
        <line num="130" count="72" type="stmt"/>
        <line num="132" count="1934" type="cond" truecount="2" falsecount="0"/>
        <line num="134" count="416" type="stmt"/>
        <line num="142" count="72" type="stmt"/>
        <line num="143" count="1296" type="stmt"/>
        <line num="146" count="216" type="stmt"/>
        <line num="147" count="864" type="cond" truecount="2" falsecount="0"/>
        <line num="148" count="436" type="stmt"/>
        <line num="149" count="436" type="stmt"/>
        <line num="151" count="428" type="stmt"/>
        <line num="160" count="72" type="stmt"/>
        <line num="161" count="1853" type="stmt"/>
        <line num="162" count="11113" type="stmt"/>
        <line num="166" count="1853" type="cond" truecount="2" falsecount="0"/>
        <line num="173" count="1852" type="cond" truecount="1" falsecount="0"/>
        <line num="183" count="72" type="stmt"/>
        <line num="186" count="3426" type="stmt"/>
        <line num="195" count="72" type="stmt"/>
        <line num="196" count="420" type="stmt"/>
        <line num="197" count="420" type="stmt"/>
      </file>
      <file name="routes-utils.js" path="D:\lisam\OSF-Academy\app\utils\routes-utils.js">
        <metrics statements="37" coveredstatements="37" conditionals="24" coveredconditionals="19" methods="9" coveredmethods="9"/>
        <line num="21" count="2" type="cond" truecount="0" falsecount="2"/>
        <line num="22" count="9" type="cond" truecount="1" falsecount="1"/>
        <line num="23" count="9" type="cond" truecount="1" falsecount="1"/>
        <line num="25" count="9" type="stmt"/>
        <line num="27" count="9" type="stmt"/>
        <line num="28" count="9" type="cond" truecount="1" falsecount="1"/>
        <line num="30" count="9" type="stmt"/>
        <line num="31" count="9" type="stmt"/>
        <line num="32" count="18" type="stmt"/>
        <line num="34" count="18" type="cond" truecount="2" falsecount="0"/>
        <line num="35" count="1" type="stmt"/>
        <line num="37" count="17" type="stmt"/>
        <line num="39" count="34" type="stmt"/>
        <line num="40" count="34" type="stmt"/>
        <line num="42" count="34" type="stmt"/>
        <line num="43" count="85" type="stmt"/>
        <line num="44" count="85" type="stmt"/>
        <line num="46" count="34" type="stmt"/>
        <line num="47" count="34" type="stmt"/>
        <line num="49" count="34" type="cond" truecount="2" falsecount="0"/>
        <line num="53" count="10" type="stmt"/>
        <line num="55" count="20" type="stmt"/>
        <line num="59" count="20" type="stmt"/>
        <line num="61" count="60" type="stmt"/>
        <line num="66" count="60" type="stmt"/>
        <line num="74" count="34" type="cond" truecount="2" falsecount="0"/>
        <line num="79" count="8" type="stmt"/>
        <line num="80" count="16" type="stmt"/>
        <line num="86" count="34" type="cond" truecount="2" falsecount="0"/>
        <line num="91" count="8" type="stmt"/>
        <line num="92" count="24" type="stmt"/>
        <line num="100" count="17" type="stmt"/>
        <line num="104" count="9" type="stmt"/>
        <line num="105" count="3196" type="cond" truecount="2" falsecount="0"/>
        <line num="106" count="168" type="stmt"/>
        <line num="108" count="198" type="stmt"/>
        <line num="110" count="9" type="stmt"/>
      </file>
      <file name="site-utils.js" path="D:\lisam\OSF-Academy\app\utils\site-utils.js">
        <metrics statements="91" coveredstatements="81" conditionals="45" coveredconditionals="37" methods="18" coveredmethods="16"/>
        <line num="17" count="79" type="stmt"/>
        <line num="18" count="16" type="cond" truecount="2" falsecount="0"/>
        <line num="19" count="1" type="stmt"/>
        <line num="21" count="15" type="stmt"/>
        <line num="22" count="15" type="stmt"/>
        <line num="26" count="15" type="stmt"/>
        <line num="27" count="15" type="stmt"/>
        <line num="31" count="26" type="cond" truecount="3" falsecount="0"/>
        <line num="32" count="15" type="cond" truecount="2" falsecount="0"/>
        <line num="33" count="7" type="stmt"/>
        <line num="37" count="8" type="stmt"/>
        <line num="39" count="8" type="cond" truecount="2" falsecount="0"/>
        <line num="40" count="1" type="stmt"/>
        <line num="44" count="7" type="stmt"/>
        <line num="51" count="79" type="stmt"/>
        <line num="52" count="930" type="stmt"/>
        <line num="53" count="930" type="stmt"/>
        <line num="55" count="930" type="cond" truecount="2" falsecount="0"/>
        <line num="56" count="1" type="stmt"/>
        <line num="59" count="932" type="stmt"/>
        <line num="66" count="79" type="stmt"/>
        <line num="67" count="1584" type="cond" truecount="4" falsecount="0"/>
        <line num="69" count="1584" type="cond" truecount="2" falsecount="0"/>
        <line num="70" count="1" type="stmt"/>
        <line num="73" count="1583" type="stmt"/>
        <line num="74" count="3165" type="stmt"/>
        <line num="75" count="3165" type="stmt"/>
        <line num="87" count="79" type="stmt"/>
        <line num="88" count="550" type="stmt"/>
        <line num="89" count="550" type="stmt"/>
        <line num="91" count="550" type="stmt"/>
        <line num="93" count="749" type="cond" truecount="2" falsecount="0"/>
        <line num="104" count="79" type="stmt"/>
        <line num="105" count="78" type="stmt"/>
        <line num="107" count="78" type="stmt"/>
        <line num="108" count="78" type="stmt"/>
        <line num="109" count="78" type="stmt"/>
        <line num="110" count="78" type="stmt"/>
        <line num="111" count="78" type="stmt"/>
        <line num="114" count="78" type="cond" truecount="2" falsecount="0"/>
        <line num="116" count="78" type="cond" truecount="2" falsecount="0"/>
        <line num="117" count="78" type="stmt"/>
        <line num="124" count="79" type="stmt"/>
        <line num="125" count="0" type="stmt"/>
        <line num="126" count="0" type="cond" truecount="0" falsecount="2"/>
        <line num="127" count="0" type="stmt"/>
        <line num="129" count="0" type="stmt"/>
        <line num="138" count="79" type="stmt"/>
        <line num="139" count="78" type="cond" truecount="1" falsecount="1"/>
        <line num="140" count="0" type="stmt"/>
        <line num="143" count="78" type="stmt"/>
        <line num="144" count="78" type="stmt"/>
        <line num="145" count="78" type="stmt"/>
        <line num="146" count="78" type="stmt"/>
        <line num="147" count="78" type="stmt"/>
        <line num="148" count="78" type="stmt"/>
        <line num="149" count="156" type="stmt"/>
        <line num="150" count="156" type="stmt"/>
        <line num="151" count="156" type="stmt"/>
        <line num="152" count="156" type="stmt"/>
        <line num="153" count="367" type="stmt"/>
        <line num="154" count="367" type="stmt"/>
        <line num="157" count="78" type="stmt"/>
        <line num="158" count="78" type="stmt"/>
        <line num="161" count="78" type="stmt"/>
        <line num="164" count="78" type="stmt"/>
        <line num="166" count="78" type="stmt"/>
        <line num="167" count="78" type="stmt"/>
        <line num="168" count="78" type="stmt"/>
        <line num="169" count="78" type="stmt"/>
        <line num="170" count="78" type="stmt"/>
        <line num="183" count="79" type="stmt"/>
        <line num="184" count="370" type="cond" truecount="1" falsecount="1"/>
        <line num="185" count="0" type="stmt"/>
        <line num="187" count="370" type="stmt"/>
        <line num="188" count="374" type="cond" truecount="2" falsecount="0"/>
        <line num="200" count="79" type="stmt"/>
        <line num="201" count="9" type="cond" truecount="1" falsecount="1"/>
        <line num="202" count="0" type="stmt"/>
        <line num="204" count="9" type="stmt"/>
        <line num="205" count="9" type="stmt"/>
        <line num="206" count="9" type="stmt"/>
        <line num="208" count="9" type="cond" truecount="2" falsecount="0"/>
        <line num="209" count="3" type="stmt"/>
        <line num="211" count="9" type="stmt"/>
        <line num="212" count="11" type="cond" truecount="2" falsecount="0"/>
        <line num="214" count="9" type="cond" truecount="1" falsecount="1"/>
        <line num="215" count="9" type="stmt"/>
        <line num="218" count="0" type="stmt"/>
        <line num="219" count="0" type="stmt"/>
        <line num="220" count="0" type="cond" truecount="0" falsecount="2"/>
      </file>
      <file name="url.js" path="D:\lisam\OSF-Academy\app\utils\url.js">
        <metrics statements="78" coveredstatements="78" conditionals="92" coveredconditionals="85" methods="16" coveredmethods="16"/>
        <line num="28" count="79" type="stmt"/>
        <line num="29" count="95" type="stmt"/>
        <line num="49" count="79" type="stmt"/>
        <line num="50" count="177" type="stmt"/>
        <line num="51" count="177" type="stmt"/>
        <line num="53" count="177" type="stmt"/>
        <line num="56" count="177" type="stmt"/>
        <line num="59" count="177" type="cond" truecount="1" falsecount="1"/>
        <line num="62" count="79" type="stmt"/>
        <line num="63" count="608" type="stmt"/>
        <line num="65" count="1300" type="cond" truecount="4" falsecount="0"/>
        <line num="66" count="1" type="stmt"/>
        <line num="68" count="1299" type="stmt"/>
        <line num="95" count="79" type="cond" truecount="4" falsecount="0"/>
        <line num="96" count="165" type="stmt"/>
        <line num="104" count="115" type="stmt"/>
        <line num="112" count="322" type="stmt"/>
        <line num="120" count="79" type="stmt"/>
        <line num="132" count="79" type="cond" truecount="0" falsecount="1"/>
        <line num="133" count="5" type="cond" truecount="1" falsecount="1"/>
        <line num="134" count="5" type="stmt"/>
        <line num="135" count="5" type="stmt"/>
        <line num="138" count="5" type="cond" truecount="2" falsecount="0"/>
        <line num="139" count="3" type="stmt"/>
        <line num="140" count="3" type="stmt"/>
        <line num="143" count="5" type="cond" truecount="2" falsecount="0"/>
        <line num="144" count="3" type="stmt"/>
        <line num="145" count="3" type="stmt"/>
        <line num="148" count="5" type="stmt"/>
        <line num="150" count="5" type="stmt"/>
        <line num="153" count="5" type="cond" truecount="1" falsecount="0"/>
        <line num="155" count="5" type="stmt"/>
        <line num="157" count="5" type="cond" truecount="2" falsecount="0"/>
        <line num="158" count="1" type="stmt"/>
        <line num="159" count="1" type="stmt"/>
        <line num="163" count="5" type="stmt"/>
        <line num="165" count="5" type="stmt"/>
        <line num="168" count="5" type="stmt"/>
        <line num="175" count="5" type="stmt"/>
        <line num="187" count="79" type="stmt"/>
        <line num="188" count="365" type="stmt"/>
        <line num="189" count="365" type="stmt"/>
        <line num="190" count="365" type="stmt"/>
        <line num="191" count="365" type="stmt"/>
        <line num="194" count="365" type="cond" truecount="3" falsecount="0"/>
        <line num="196" count="365" type="cond" truecount="2" falsecount="1"/>
        <line num="199" count="365" type="cond" truecount="5" falsecount="0"/>
        <line num="202" count="365" type="cond" truecount="5" falsecount="0"/>
        <line num="205" count="365" type="cond" truecount="2" falsecount="0"/>
        <line num="208" count="365" type="cond" truecount="5" falsecount="0"/>
        <line num="211" count="365" type="cond" truecount="5" falsecount="0"/>
        <line num="214" count="365" type="stmt"/>
        <line num="216" count="1145" type="cond" truecount="6" falsecount="1"/>
        <line num="220" count="1145" type="cond" truecount="5" falsecount="0"/>
        <line num="222" count="1145" type="cond" truecount="5" falsecount="0"/>
        <line num="224" count="1145" type="cond" truecount="3" falsecount="1"/>
        <line num="225" count="1145" type="stmt"/>
        <line num="226" count="1145" type="cond" truecount="2" falsecount="0"/>
        <line num="227" count="29" type="stmt"/>
        <line num="228" count="29" type="cond" truecount="3" falsecount="0"/>
        <line num="229" count="29" type="cond" truecount="3" falsecount="0"/>
        <line num="230" count="29" type="stmt"/>
        <line num="232" count="1145" type="stmt"/>
        <line num="252" count="79" type="stmt"/>
        <line num="253" count="15" type="stmt"/>
        <line num="254" count="15" type="stmt"/>
        <line num="255" count="15" type="stmt"/>
        <line num="256" count="56" type="cond" truecount="2" falsecount="0"/>
        <line num="257" count="4" type="stmt"/>
        <line num="262" count="15" type="stmt"/>
        <line num="264" count="15" type="cond" truecount="2" falsecount="0"/>
        <line num="278" count="79" type="cond" truecount="1" falsecount="0"/>
        <line num="279" count="26" type="stmt"/>
        <line num="282" count="26" type="cond" truecount="2" falsecount="0"/>
        <line num="283" count="2" type="stmt"/>
        <line num="286" count="26" type="cond" truecount="2" falsecount="0"/>
        <line num="287" count="2" type="stmt"/>
        <line num="290" count="26" type="stmt"/>
      </file>
      <file name="utils.js" path="D:\lisam\OSF-Academy\app\utils\utils.js">
        <metrics statements="66" coveredstatements="63" conditionals="39" coveredconditionals="33" methods="26" coveredmethods="23"/>
        <line num="14" count="74" type="stmt"/>
        <line num="15" count="2" type="cond" truecount="2" falsecount="0"/>
        <line num="16" count="1" type="stmt"/>
        <line num="18" count="1" type="stmt"/>
        <line num="22" count="74" type="cond" truecount="1" falsecount="0"/>
        <line num="23" count="4" type="stmt"/>
        <line num="24" count="4" type="stmt"/>
        <line num="25" count="4" type="stmt"/>
        <line num="26" count="4" type="stmt"/>
        <line num="27" count="4" type="stmt"/>
        <line num="28" count="1" type="stmt"/>
        <line num="29" count="1" type="stmt"/>
        <line num="31" count="4" type="stmt"/>
        <line num="40" count="74" type="stmt"/>
        <line num="41" count="11" type="stmt"/>
        <line num="42" count="33" type="cond" truecount="4" falsecount="0"/>
        <line num="43" count="8" type="stmt"/>
        <line num="46" count="3" type="stmt"/>
        <line num="47" count="20" type="cond" truecount="4" falsecount="0"/>
        <line num="48" count="1" type="stmt"/>
        <line num="51" count="2" type="stmt"/>
        <line num="60" count="74" type="stmt"/>
        <line num="67" count="74" type="cond" truecount="1" falsecount="0"/>
        <line num="68" count="11" type="cond" truecount="1" falsecount="1"/>
        <line num="69" count="2" type="cond" truecount="4" falsecount="0"/>
        <line num="74" count="11" type="stmt"/>
        <line num="85" count="74" type="stmt"/>
        <line num="92" count="74" type="stmt"/>
        <line num="93" count="63" type="cond" truecount="1" falsecount="1"/>
        <line num="94" count="0" type="stmt"/>
        <line num="96" count="63" type="stmt"/>
        <line num="97" count="63" type="cond" truecount="2" falsecount="0"/>
        <line num="98" count="19" type="stmt"/>
        <line num="100" count="44" type="stmt"/>
        <line num="108" count="74" type="stmt"/>
        <line num="109" count="8" type="stmt"/>
        <line num="116" count="74" type="stmt"/>
        <line num="117" count="10" type="stmt"/>
        <line num="125" count="74" type="stmt"/>
        <line num="133" count="74" type="stmt"/>
        <line num="134" count="23" type="stmt"/>
        <line num="142" count="74" type="stmt"/>
        <line num="143" count="22" type="stmt"/>
        <line num="146" count="24" type="stmt"/>
        <line num="150" count="74" type="stmt"/>
        <line num="151" count="41" type="cond" truecount="4" falsecount="0"/>
        <line num="152" count="4" type="stmt"/>
        <line num="154" count="37" type="stmt"/>
        <line num="155" count="19" type="stmt"/>
        <line num="159" count="74" type="stmt"/>
        <line num="160" count="163" type="cond" truecount="3" falsecount="0"/>
        <line num="163" count="74" type="stmt"/>
        <line num="164" count="163" type="cond" truecount="2" falsecount="0"/>
        <line num="165" count="123" type="stmt"/>
        <line num="167" count="123" type="stmt"/>
        <line num="168" count="41" type="stmt"/>
        <line num="171" count="123" type="stmt"/>
        <line num="172" count="40" type="cond" truecount="2" falsecount="0"/>
        <line num="173" count="6" type="stmt"/>
        <line num="176" count="34" type="stmt"/>
        <line num="189" count="74" type="cond" truecount="0" falsecount="2"/>
        <line num="190" count="9" type="stmt"/>
        <line num="191" count="0" type="stmt"/>
        <line num="192" count="0" type="cond" truecount="0" falsecount="2"/>
        <line num="194" count="9" type="stmt"/>
        <line num="201" count="112" type="cond" truecount="2" falsecount="0"/>
      </file>
    </package>
  </project>
</coverage>
