{"D:\\lisam\\OSF-Academy\\app\\constants.js": {"path":"D:\\lisam\\OSF-Academy\\app\\constants.js","statementMap":{"0":{"start":{"line":11,"column":30},"end":{"line":11,"column":37}},"1":{"start":{"line":12,"column":34},"end":{"line":12,"column":52}},"2":{"start":{"line":13,"column":29},"end":{"line":13,"column":36}},"3":{"start":{"line":16,"column":37},"end":{"line":16,"column":93}},"4":{"start":{"line":17,"column":36},"end":{"line":17,"column":49}},"5":{"start":{"line":20,"column":44},"end":{"line":20,"column":100}},"6":{"start":{"line":23,"column":35},"end":{"line":23,"column":36}},"7":{"start":{"line":24,"column":33},"end":{"line":24,"column":52}},"8":{"start":{"line":25,"column":40},"end":{"line":25,"column":41}},"9":{"start":{"line":28,"column":46},"end":{"line":28,"column":59}},"10":{"start":{"line":29,"column":40},"end":{"line":29,"column":42}},"11":{"start":{"line":32,"column":46},"end":{"line":32,"column":47}},"12":{"start":{"line":33,"column":46},"end":{"line":33,"column":52}},"13":{"start":{"line":35,"column":30},"end":{"line":53,"column":1}},"14":{"start":{"line":56,"column":27},"end":{"line":56,"column":36}},"15":{"start":{"line":58,"column":37},"end":{"line":58,"column":61}},"16":{"start":{"line":60,"column":33},"end":{"line":63,"column":2}},"17":{"start":{"line":65,"column":25},"end":{"line":65,"column":28}},"18":{"start":{"line":67,"column":32},"end":{"line":71,"column":1}},"19":{"start":{"line":79,"column":47},"end":{"line":82,"column":2}},"20":{"start":{"line":84,"column":52},"end":{"line":87,"column":2}},"21":{"start":{"line":89,"column":42},"end":{"line":92,"column":2}},"22":{"start":{"line":94,"column":51},"end":{"line":97,"column":2}},"23":{"start":{"line":100,"column":37},"end":{"line":109,"column":1}},"24":{"start":{"line":111,"column":38},"end":{"line":114,"column":1}}},"fnMap":{},"branchMap":{},"s":{"0":81,"1":81,"2":81,"3":81,"4":81,"5":81,"6":81,"7":81,"8":81,"9":81,"10":81,"11":81,"12":81,"13":81,"14":81,"15":81,"16":81,"17":81,"18":81,"19":81,"20":81,"21":81,"22":81,"23":81,"24":81},"f":{},"b":{},"_coverageSchema":"1a1c01bbd47fc00a2c39e90264f33305004495a9","hash":"84d050f716aac28a469daa20bfa40d29bb16104e"}
,"D:\\lisam\\OSF-Academy\\app\\request-processor.js": {"path":"D:\\lisam\\OSF-Academy\\app\\request-processor.js","statementMap":{"0":{"start":{"line":57,"column":30},"end":{"line":118,"column":1}},"1":{"start":{"line":70,"column":23},"end":{"line":76,"column":5}},"2":{"start":{"line":83,"column":4},"end":{"line":86,"column":5}},"3":{"start":{"line":84,"column":8},"end":{"line":84,"column":31}},"4":{"start":{"line":85,"column":8},"end":{"line":85,"column":31}},"5":{"start":{"line":89,"column":31},"end":{"line":89,"column":63}},"6":{"start":{"line":93,"column":31},"end":{"line":98,"column":5}},"7":{"start":{"line":96,"column":27},"end":{"line":96,"column":62}},"8":{"start":{"line":101,"column":4},"end":{"line":101,"column":47}},"9":{"start":{"line":114,"column":4},"end":{"line":117,"column":5}}},"fnMap":{"0":{"name":"(anonymous_0)","decl":{"start":{"line":57,"column":30},"end":{"line":57,"column":31}},"loc":{"start":{"line":64,"column":6},"end":{"line":118,"column":1}},"line":64},"1":{"name":"(anonymous_1)","decl":{"start":{"line":96,"column":12},"end":{"line":96,"column":13}},"loc":{"start":{"line":96,"column":27},"end":{"line":96,"column":62}},"line":96}},"branchMap":{"0":{"loc":{"start":{"line":83,"column":4},"end":{"line":86,"column":5}},"type":"if","locations":[{"start":{"line":83,"column":4},"end":{"line":86,"column":5}},{"start":{},"end":{}}],"line":83}},"s":{"0":1,"1":2,"2":2,"3":1,"4":1,"5":2,"6":2,"7":4,"8":2,"9":2},"f":{"0":2,"1":4},"b":{"0":[1,1]},"_coverageSchema":"1a1c01bbd47fc00a2c39e90264f33305004495a9","hash":"54c5032469311399fff98003e03edd8df90e1402"}
,"D:\\lisam\\OSF-Academy\\app\\components\\_app\\index.jsx": {"path":"D:\\lisam\\OSF-Academy\\app\\components\\_app\\index.jsx","statementMap":{"0":{"start":{"line":80,"column":17},"end":{"line":80,"column":46}},"1":{"start":{"line":87,"column":30},"end":{"line":112,"column":1}},"2":{"start":{"line":88,"column":21},"end":{"line":88,"column":33}},"3":{"start":{"line":90,"column":37},"end":{"line":92,"column":6}},"4":{"start":{"line":94,"column":16},"end":{"line":94,"column":89}},"5":{"start":{"line":94,"column":77},"end":{"line":94,"column":88}},"6":{"start":{"line":95,"column":20},"end":{"line":97,"column":6}},"7":{"start":{"line":98,"column":22},"end":{"line":98,"column":72}},"8":{"start":{"line":98,"column":45},"end":{"line":98,"column":55}},"9":{"start":{"line":99,"column":22},"end":{"line":99,"column":62}},"10":{"start":{"line":99,"column":46},"end":{"line":99,"column":61}},"11":{"start":{"line":100,"column":20},"end":{"line":100,"column":58}},"12":{"start":{"line":100,"column":44},"end":{"line":100,"column":57}},"13":{"start":{"line":101,"column":4},"end":{"line":111,"column":5}},"14":{"start":{"line":114,"column":21},"end":{"line":117,"column":1}},"15":{"start":{"line":119,"column":12},"end":{"line":459,"column":1}},"16":{"start":{"line":120,"column":25},"end":{"line":120,"column":30}},"17":{"start":{"line":121,"column":37},"end":{"line":121,"column":60}},"18":{"start":{"line":122,"column":23},"end":{"line":122,"column":66}},"19":{"start":{"line":123,"column":34},"end":{"line":123,"column":50}},"20":{"start":{"line":124,"column":22},"end":{"line":124,"column":36}},"21":{"start":{"line":126,"column":20},"end":{"line":126,"column":32}},"22":{"start":{"line":127,"column":21},"end":{"line":127,"column":34}},"23":{"start":{"line":128,"column":22},"end":{"line":128,"column":36}},"24":{"start":{"line":129,"column":29},"end":{"line":129,"column":46}},"25":{"start":{"line":130,"column":39},"end":{"line":130,"column":53}},"26":{"start":{"line":132,"column":36},"end":{"line":132,"column":50}},"27":{"start":{"line":133,"column":19},"end":{"line":133,"column":40}},"28":{"start":{"line":134,"column":44},"end":{"line":134,"column":63}},"29":{"start":{"line":136,"column":40},"end":{"line":136,"column":55}},"30":{"start":{"line":138,"column":25},"end":{"line":154,"column":6}},"31":{"start":{"line":151,"column":12},"end":{"line":151,"column":49}},"32":{"start":{"line":158,"column":43},"end":{"line":160,"column":5}},"33":{"start":{"line":163,"column":31},"end":{"line":174,"column":6}},"34":{"start":{"line":166,"column":12},"end":{"line":170,"column":13}},"35":{"start":{"line":169,"column":16},"end":{"line":169,"column":25}},"36":{"start":{"line":171,"column":12},"end":{"line":171,"column":50}},"37":{"start":{"line":177,"column":36},"end":{"line":187,"column":6}},"38":{"start":{"line":180,"column":12},"end":{"line":184,"column":18}},"39":{"start":{"line":181,"column":29},"end":{"line":181,"column":39}},"40":{"start":{"line":182,"column":20},"end":{"line":182,"column":37}},"41":{"start":{"line":183,"column":20},"end":{"line":183,"column":31}},"42":{"start":{"line":190,"column":23},"end":{"line":190,"column":61}},"43":{"start":{"line":192,"column":21},"end":{"line":192,"column":25}},"44":{"start":{"line":194,"column":21},"end":{"line":194,"column":69}},"45":{"start":{"line":198,"column":31},"end":{"line":198,"column":51}},"46":{"start":{"line":199,"column":30},"end":{"line":202,"column":5}},"47":{"start":{"line":203,"column":29},"end":{"line":203,"column":47}},"48":{"start":{"line":205,"column":25},"end":{"line":205,"column":66}},"49":{"start":{"line":206,"column":25},"end":{"line":206,"column":66}},"50":{"start":{"line":207,"column":36},"end":{"line":207,"column":88}},"51":{"start":{"line":209,"column":4},"end":{"line":216,"column":17}},"52":{"start":{"line":211,"column":8},"end":{"line":215,"column":9}},"53":{"start":{"line":212,"column":12},"end":{"line":214,"column":14}},"54":{"start":{"line":218,"column":4},"end":{"line":226,"column":26}},"55":{"start":{"line":220,"column":8},"end":{"line":225,"column":9}},"56":{"start":{"line":221,"column":12},"end":{"line":224,"column":14}},"57":{"start":{"line":228,"column":4},"end":{"line":243,"column":78}},"58":{"start":{"line":230,"column":8},"end":{"line":242,"column":9}},"59":{"start":{"line":236,"column":12},"end":{"line":241,"column":14}},"60":{"start":{"line":245,"column":4},"end":{"line":263,"column":10}},"61":{"start":{"line":247,"column":8},"end":{"line":249,"column":10}},"62":{"start":{"line":248,"column":12},"end":{"line":248,"column":33}},"63":{"start":{"line":250,"column":27},"end":{"line":261,"column":9}},"64":{"start":{"line":251,"column":24},"end":{"line":253,"column":13}},"65":{"start":{"line":254,"column":12},"end":{"line":260,"column":13}},"66":{"start":{"line":255,"column":36},"end":{"line":255,"column":52}},"67":{"start":{"line":256,"column":35},"end":{"line":256,"column":54}},"68":{"start":{"line":257,"column":16},"end":{"line":259,"column":17}},"69":{"start":{"line":258,"column":20},"end":{"line":258,"column":47}},"70":{"start":{"line":262,"column":8},"end":{"line":262,"column":20}},"71":{"start":{"line":265,"column":4},"end":{"line":269,"column":18}},"72":{"start":{"line":268,"column":8},"end":{"line":268,"column":17}},"73":{"start":{"line":271,"column":24},"end":{"line":279,"column":5}},"74":{"start":{"line":273,"column":21},"end":{"line":273,"column":40}},"75":{"start":{"line":275,"column":8},"end":{"line":275,"column":26}},"76":{"start":{"line":278,"column":8},"end":{"line":278,"column":17}},"77":{"start":{"line":281,"column":24},"end":{"line":287,"column":5}},"78":{"start":{"line":282,"column":21},"end":{"line":282,"column":38}},"79":{"start":{"line":283,"column":8},"end":{"line":283,"column":26}},"80":{"start":{"line":286,"column":8},"end":{"line":286,"column":17}},"81":{"start":{"line":289,"column":27},"end":{"line":299,"column":5}},"82":{"start":{"line":291,"column":8},"end":{"line":298,"column":9}},"83":{"start":{"line":292,"column":25},"end":{"line":292,"column":45}},"84":{"start":{"line":293,"column":12},"end":{"line":293,"column":30}},"85":{"start":{"line":296,"column":12},"end":{"line":296,"column":70}},"86":{"start":{"line":296,"column":64},"end":{"line":296,"column":70}},"87":{"start":{"line":297,"column":12},"end":{"line":297,"column":30}},"88":{"start":{"line":301,"column":28},"end":{"line":304,"column":5}},"89":{"start":{"line":302,"column":21},"end":{"line":302,"column":50}},"90":{"start":{"line":303,"column":8},"end":{"line":303,"column":26}},"91":{"start":{"line":305,"column":4},"end":{"line":458,"column":5}},"92":{"start":{"line":310,"column":24},"end":{"line":314,"column":25}},"93":{"start":{"line":313,"column":28},"end":{"line":313,"column":34}},"94":{"start":{"line":315,"column":24},"end":{"line":320,"column":25}},"95":{"start":{"line":318,"column":28},"end":{"line":318,"column":76}},"96":{"start":{"line":319,"column":28},"end":{"line":319,"column":34}},"97":{"start":{"line":321,"column":24},"end":{"line":321,"column":33}},"98":{"start":{"line":344,"column":32},"end":{"line":349,"column":34}},"99":{"start":{"line":461,"column":0},"end":{"line":463,"column":1}},"100":{"start":{"line":471,"column":31},"end":{"line":506,"column":1}},"101":{"start":{"line":472,"column":16},"end":{"line":472,"column":32}},"102":{"start":{"line":473,"column":34},"end":{"line":473,"column":50}},"103":{"start":{"line":476,"column":8},"end":{"line":476,"column":19}},"104":{"start":{"line":479,"column":8},"end":{"line":479,"column":19}},"105":{"start":{"line":480,"column":21},"end":{"line":480,"column":35}},"106":{"start":{"line":482,"column":20},"end":{"line":503,"column":6}},"107":{"start":{"line":483,"column":8},"end":{"line":502,"column":9}},"108":{"start":{"line":491,"column":30},"end":{"line":491,"column":55}},"109":{"start":{"line":492,"column":28},"end":{"line":497,"column":18}},"110":{"start":{"line":498,"column":16},"end":{"line":498,"column":26}},"111":{"start":{"line":504,"column":16},"end":{"line":504,"column":39}},"112":{"start":{"line":505,"column":4},"end":{"line":505,"column":14}}},"fnMap":{"0":{"name":"(anonymous_0)","decl":{"start":{"line":87,"column":30},"end":{"line":87,"column":31}},"loc":{"start":{"line":87,"column":36},"end":{"line":112,"column":1}},"line":87},"1":{"name":"(anonymous_1)","decl":{"start":{"line":94,"column":63},"end":{"line":94,"column":64}},"loc":{"start":{"line":94,"column":77},"end":{"line":94,"column":88}},"line":94},"2":{"name":"(anonymous_2)","decl":{"start":{"line":98,"column":34},"end":{"line":98,"column":35}},"loc":{"start":{"line":98,"column":45},"end":{"line":98,"column":55}},"line":98},"3":{"name":"(anonymous_3)","decl":{"start":{"line":99,"column":35},"end":{"line":99,"column":36}},"loc":{"start":{"line":99,"column":46},"end":{"line":99,"column":61}},"line":99},"4":{"name":"(anonymous_4)","decl":{"start":{"line":100,"column":33},"end":{"line":100,"column":34}},"loc":{"start":{"line":100,"column":44},"end":{"line":100,"column":57}},"line":100},"5":{"name":"(anonymous_5)","decl":{"start":{"line":119,"column":12},"end":{"line":119,"column":13}},"loc":{"start":{"line":119,"column":23},"end":{"line":459,"column":1}},"line":119},"6":{"name":"(anonymous_6)","decl":{"start":{"line":139,"column":33},"end":{"line":139,"column":34}},"loc":{"start":{"line":139,"column":39},"end":{"line":152,"column":9}},"line":139},"7":{"name":"(anonymous_7)","decl":{"start":{"line":165,"column":17},"end":{"line":165,"column":18}},"loc":{"start":{"line":165,"column":23},"end":{"line":172,"column":9}},"line":165},"8":{"name":"(anonymous_8)","decl":{"start":{"line":179,"column":17},"end":{"line":179,"column":18}},"loc":{"start":{"line":179,"column":23},"end":{"line":185,"column":9}},"line":179},"9":{"name":"(anonymous_9)","decl":{"start":{"line":181,"column":22},"end":{"line":181,"column":23}},"loc":{"start":{"line":181,"column":29},"end":{"line":181,"column":39}},"line":181},"10":{"name":"(anonymous_10)","decl":{"start":{"line":181,"column":46},"end":{"line":181,"column":47}},"loc":{"start":{"line":181,"column":56},"end":{"line":184,"column":17}},"line":181},"11":{"name":"(anonymous_11)","decl":{"start":{"line":209,"column":14},"end":{"line":209,"column":15}},"loc":{"start":{"line":209,"column":20},"end":{"line":216,"column":5}},"line":209},"12":{"name":"(anonymous_12)","decl":{"start":{"line":218,"column":14},"end":{"line":218,"column":15}},"loc":{"start":{"line":218,"column":20},"end":{"line":226,"column":5}},"line":218},"13":{"name":"(anonymous_13)","decl":{"start":{"line":228,"column":14},"end":{"line":228,"column":15}},"loc":{"start":{"line":228,"column":20},"end":{"line":243,"column":5}},"line":228},"14":{"name":"(anonymous_14)","decl":{"start":{"line":245,"column":14},"end":{"line":245,"column":15}},"loc":{"start":{"line":245,"column":20},"end":{"line":263,"column":5}},"line":245},"15":{"name":"(anonymous_15)","decl":{"start":{"line":247,"column":26},"end":{"line":247,"column":27}},"loc":{"start":{"line":247,"column":40},"end":{"line":249,"column":9}},"line":247},"16":{"name":"(anonymous_16)","decl":{"start":{"line":250,"column":27},"end":{"line":250,"column":28}},"loc":{"start":{"line":250,"column":39},"end":{"line":261,"column":9}},"line":250},"17":{"name":"(anonymous_17)","decl":{"start":{"line":265,"column":14},"end":{"line":265,"column":15}},"loc":{"start":{"line":265,"column":20},"end":{"line":269,"column":5}},"line":265},"18":{"name":"(anonymous_18)","decl":{"start":{"line":271,"column":24},"end":{"line":271,"column":25}},"loc":{"start":{"line":271,"column":30},"end":{"line":279,"column":5}},"line":271},"19":{"name":"(anonymous_19)","decl":{"start":{"line":281,"column":24},"end":{"line":281,"column":25}},"loc":{"start":{"line":281,"column":30},"end":{"line":287,"column":5}},"line":281},"20":{"name":"(anonymous_20)","decl":{"start":{"line":289,"column":27},"end":{"line":289,"column":28}},"loc":{"start":{"line":289,"column":33},"end":{"line":299,"column":5}},"line":289},"21":{"name":"(anonymous_21)","decl":{"start":{"line":301,"column":28},"end":{"line":301,"column":29}},"loc":{"start":{"line":301,"column":34},"end":{"line":304,"column":5}},"line":301},"22":{"name":"(anonymous_22)","decl":{"start":{"line":309,"column":29},"end":{"line":309,"column":30}},"loc":{"start":{"line":309,"column":38},"end":{"line":322,"column":21}},"line":309},"23":{"name":"(anonymous_23)","decl":{"start":{"line":343,"column":61},"end":{"line":343,"column":62}},"loc":{"start":{"line":344,"column":32},"end":{"line":349,"column":34}},"line":344},"24":{"name":"(anonymous_24)","decl":{"start":{"line":471,"column":31},"end":{"line":471,"column":32}},"loc":{"start":{"line":471,"column":59},"end":{"line":506,"column":1}},"line":471},"25":{"name":"(anonymous_25)","decl":{"start":{"line":482,"column":28},"end":{"line":482,"column":29}},"loc":{"start":{"line":482,"column":36},"end":{"line":503,"column":5}},"line":482},"26":{"name":"(anonymous_26)","decl":{"start":{"line":490,"column":21},"end":{"line":490,"column":22}},"loc":{"start":{"line":490,"column":33},"end":{"line":499,"column":13}},"line":490}},"branchMap":{"0":{"loc":{"start":{"line":96,"column":17},"end":{"line":96,"column":44}},"type":"binary-expr","locations":[{"start":{"line":96,"column":17},"end":{"line":96,"column":25}},{"start":{"line":96,"column":29},"end":{"line":96,"column":44}}],"line":96},"1":{"loc":{"start":{"line":107,"column":16},"end":{"line":107,"column":63}},"type":"binary-expr","locations":[{"start":{"line":107,"column":16},"end":{"line":107,"column":57}},{"start":{"line":107,"column":61},"end":{"line":107,"column":63}}],"line":107},"2":{"loc":{"start":{"line":122,"column":31},"end":{"line":122,"column":51}},"type":"binary-expr","locations":[{"start":{"line":122,"column":31},"end":{"line":122,"column":45}},{"start":{"line":122,"column":49},"end":{"line":122,"column":51}}],"line":122},"3":{"loc":{"start":{"line":151,"column":20},"end":{"line":151,"column":48}},"type":"binary-expr","locations":[{"start":{"line":151,"column":20},"end":{"line":151,"column":30}},{"start":{"line":151,"column":34},"end":{"line":151,"column":48}}],"line":151},"4":{"loc":{"start":{"line":166,"column":12},"end":{"line":170,"column":13}},"type":"if","locations":[{"start":{"line":166,"column":12},"end":{"line":170,"column":13}},{"start":{},"end":{}}],"line":166},"5":{"loc":{"start":{"line":194,"column":21},"end":{"line":194,"column":69}},"type":"binary-expr","locations":[{"start":{"line":194,"column":21},"end":{"line":194,"column":45}},{"start":{"line":194,"column":49},"end":{"line":194,"column":69}}],"line":194},"6":{"loc":{"start":{"line":201,"column":19},"end":{"line":201,"column":53}},"type":"binary-expr","locations":[{"start":{"line":201,"column":19},"end":{"line":201,"column":40}},{"start":{"line":201,"column":44},"end":{"line":201,"column":53}}],"line":201},"7":{"loc":{"start":{"line":211,"column":8},"end":{"line":215,"column":9}},"type":"if","locations":[{"start":{"line":211,"column":8},"end":{"line":215,"column":9}},{"start":{},"end":{}}],"line":211},"8":{"loc":{"start":{"line":220,"column":8},"end":{"line":225,"column":9}},"type":"if","locations":[{"start":{"line":220,"column":8},"end":{"line":225,"column":9}},{"start":{},"end":{}}],"line":220},"9":{"loc":{"start":{"line":220,"column":12},"end":{"line":220,"column":61}},"type":"binary-expr","locations":[{"start":{"line":220,"column":12},"end":{"line":220,"column":28}},{"start":{"line":220,"column":32},"end":{"line":220,"column":61}}],"line":220},"10":{"loc":{"start":{"line":230,"column":8},"end":{"line":242,"column":9}},"type":"if","locations":[{"start":{"line":230,"column":8},"end":{"line":242,"column":9}},{"start":{},"end":{}}],"line":230},"11":{"loc":{"start":{"line":231,"column":12},"end":{"line":234,"column":59}},"type":"binary-expr","locations":[{"start":{"line":231,"column":12},"end":{"line":231,"column":18}},{"start":{"line":232,"column":12},"end":{"line":232,"column":34}},{"start":{"line":233,"column":12},"end":{"line":233,"column":27}},{"start":{"line":234,"column":12},"end":{"line":234,"column":59}}],"line":231},"12":{"loc":{"start":{"line":254,"column":12},"end":{"line":260,"column":13}},"type":"if","locations":[{"start":{"line":254,"column":12},"end":{"line":260,"column":13}},{"start":{},"end":{}}],"line":254},"13":{"loc":{"start":{"line":257,"column":16},"end":{"line":259,"column":17}},"type":"if","locations":[{"start":{"line":257,"column":16},"end":{"line":259,"column":17}},{"start":{},"end":{}}],"line":257},"14":{"loc":{"start":{"line":291,"column":8},"end":{"line":298,"column":9}},"type":"if","locations":[{"start":{"line":291,"column":8},"end":{"line":298,"column":9}},{"start":{"line":294,"column":15},"end":{"line":298,"column":9}}],"line":291},"15":{"loc":{"start":{"line":296,"column":12},"end":{"line":296,"column":70}},"type":"if","locations":[{"start":{"line":296,"column":12},"end":{"line":296,"column":70}},{"start":{},"end":{}}],"line":296},"16":{"loc":{"start":{"line":310,"column":24},"end":{"line":314,"column":25}},"type":"if","locations":[{"start":{"line":310,"column":24},"end":{"line":314,"column":25}},{"start":{},"end":{}}],"line":310},"17":{"loc":{"start":{"line":315,"column":24},"end":{"line":320,"column":25}},"type":"if","locations":[{"start":{"line":315,"column":24},"end":{"line":320,"column":25}},{"start":{},"end":{}}],"line":315},"18":{"loc":{"start":{"line":367,"column":33},"end":{"line":399,"column":33}},"type":"cond-expr","locations":[{"start":{"line":368,"column":36},"end":{"line":396,"column":39}},{"start":{"line":398,"column":36},"end":{"line":398,"column":54}}],"line":367},"19":{"loc":{"start":{"line":401,"column":29},"end":{"line":401,"column":59}},"type":"binary-expr","locations":[{"start":{"line":401,"column":29},"end":{"line":401,"column":38}},{"start":{"line":401,"column":42},"end":{"line":401,"column":59}}],"line":401},"20":{"loc":{"start":{"line":402,"column":29},"end":{"line":419,"column":29}},"type":"binary-expr","locations":[{"start":{"line":402,"column":29},"end":{"line":402,"column":41}},{"start":{"line":403,"column":32},"end":{"line":418,"column":38}}],"line":402},"21":{"loc":{"start":{"line":443,"column":33},"end":{"line":443,"column":78}},"type":"cond-expr","locations":[{"start":{"line":443,"column":47},"end":{"line":443,"column":57}},{"start":{"line":443,"column":60},"end":{"line":443,"column":78}}],"line":443},"22":{"loc":{"start":{"line":446,"column":37},"end":{"line":448,"column":37}},"type":"binary-expr","locations":[{"start":{"line":446,"column":37},"end":{"line":446,"column":50}},{"start":{"line":447,"column":40},"end":{"line":447,"column":106}}],"line":446},"23":{"loc":{"start":{"line":471,"column":32},"end":{"line":471,"column":40}},"type":"default-arg","locations":[{"start":{"line":471,"column":38},"end":{"line":471,"column":40}}],"line":471},"24":{"loc":{"start":{"line":501,"column":21},"end":{"line":501,"column":66}},"type":"binary-expr","locations":[{"start":{"line":501,"column":21},"end":{"line":501,"column":51}},{"start":{"line":501,"column":55},"end":{"line":501,"column":66}}],"line":501}},"s":{"0":1,"1":1,"2":9,"3":9,"4":9,"5":0,"6":9,"7":9,"8":0,"9":9,"10":0,"11":9,"12":0,"13":9,"14":1,"15":1,"16":9,"17":9,"18":9,"19":9,"20":9,"21":9,"22":9,"23":9,"24":9,"25":9,"26":9,"27":9,"28":9,"29":9,"30":9,"31":9,"32":9,"33":9,"34":0,"35":0,"36":0,"37":9,"38":3,"39":0,"40":0,"41":0,"42":9,"43":9,"44":9,"45":9,"46":9,"47":9,"48":9,"49":9,"50":9,"51":9,"52":6,"53":0,"54":9,"55":6,"56":1,"57":9,"58":6,"59":2,"60":9,"61":3,"62":0,"63":3,"64":3,"65":0,"66":0,"67":0,"68":0,"69":0,"70":3,"71":9,"72":3,"73":9,"74":0,"75":0,"76":0,"77":9,"78":0,"79":0,"80":0,"81":9,"82":0,"83":0,"84":0,"85":0,"86":0,"87":0,"88":9,"89":0,"90":0,"91":9,"92":435,"93":435,"94":0,"95":0,"96":0,"97":0,"98":27,"99":1,"100":1,"101":9,"102":9,"103":9,"104":9,"105":9,"106":9,"107":0,"108":0,"109":0,"110":0,"111":9,"112":9},"f":{"0":9,"1":0,"2":0,"3":0,"4":0,"5":9,"6":9,"7":0,"8":3,"9":0,"10":0,"11":6,"12":6,"13":6,"14":3,"15":0,"16":3,"17":3,"18":0,"19":0,"20":0,"21":0,"22":435,"23":27,"24":9,"25":0,"26":0},"b":{"0":[9,9],"1":[9,9],"2":[9,0],"3":[9,9],"4":[0,0],"5":[9,9],"6":[9,8],"7":[0,6],"8":[1,5],"9":[6,3],"10":[2,4],"11":[6,2,2,2],"12":[0,0],"13":[0,0],"14":[0,0],"15":[0,0],"16":[435,0],"17":[0,0],"18":[9,0],"19":[9,0],"20":[9,0],"21":[9,0],"22":[9,0],"23":[9],"24":[0,0]},"_coverageSchema":"1a1c01bbd47fc00a2c39e90264f33305004495a9","hash":"fa0dc41c5ebc59e7f98f8f39b844b25f538fa762"}
,"D:\\lisam\\OSF-Academy\\app\\components\\_app-config\\index.jsx": {"path":"D:\\lisam\\OSF-Academy\\app\\components\\_app-config\\index.jsx","statementMap":{"0":{"start":{"line":37,"column":18},"end":{"line":66,"column":1}},"1":{"start":{"line":38,"column":28},"end":{"line":38,"column":46}},"2":{"start":{"line":39,"column":20},"end":{"line":41,"column":5}},"3":{"start":{"line":43,"column":30},"end":{"line":43,"column":58}},"4":{"start":{"line":45,"column":22},"end":{"line":45,"column":36}},"5":{"start":{"line":47,"column":4},"end":{"line":65,"column":5}},"6":{"start":{"line":68,"column":0},"end":{"line":88,"column":1}},"7":{"start":{"line":70,"column":8},"end":{"line":72,"column":68}},"8":{"start":{"line":73,"column":17},"end":{"line":73,"column":41}},"9":{"start":{"line":74,"column":19},"end":{"line":74,"column":45}},"10":{"start":{"line":76,"column":29},"end":{"line":76,"column":40}},"11":{"start":{"line":77,"column":22},"end":{"line":80,"column":5}},"12":{"start":{"line":82,"column":4},"end":{"line":82,"column":41}},"13":{"start":{"line":84,"column":4},"end":{"line":84,"column":84}},"14":{"start":{"line":85,"column":4},"end":{"line":85,"column":22}},"15":{"start":{"line":86,"column":4},"end":{"line":86,"column":26}},"16":{"start":{"line":87,"column":4},"end":{"line":87,"column":32}},"17":{"start":{"line":90,"column":0},"end":{"line":90,"column":34}},"18":{"start":{"line":90,"column":25},"end":{"line":90,"column":34}},"19":{"start":{"line":92,"column":0},"end":{"line":98,"column":1}},"20":{"start":{"line":93,"column":4},"end":{"line":97,"column":5}},"21":{"start":{"line":100,"column":0},"end":{"line":103,"column":1}},"22":{"start":{"line":105,"column":21},"end":{"line":105,"column":50}},"23":{"start":{"line":110,"column":16},"end":{"line":124,"column":1}}},"fnMap":{"0":{"name":"(anonymous_0)","decl":{"start":{"line":37,"column":18},"end":{"line":37,"column":19}},"loc":{"start":{"line":37,"column":47},"end":{"line":66,"column":1}},"line":37},"1":{"name":"(anonymous_1)","decl":{"start":{"line":68,"column":20},"end":{"line":68,"column":21}},"loc":{"start":{"line":68,"column":37},"end":{"line":88,"column":1}},"line":68},"2":{"name":"(anonymous_2)","decl":{"start":{"line":90,"column":19},"end":{"line":90,"column":20}},"loc":{"start":{"line":90,"column":25},"end":{"line":90,"column":34}},"line":90},"3":{"name":"(anonymous_3)","decl":{"start":{"line":92,"column":30},"end":{"line":92,"column":31}},"loc":{"start":{"line":92,"column":47},"end":{"line":98,"column":1}},"line":92}},"branchMap":{"0":{"loc":{"start":{"line":37,"column":30},"end":{"line":37,"column":41}},"type":"default-arg","locations":[{"start":{"line":37,"column":39},"end":{"line":37,"column":41}}],"line":37},"1":{"loc":{"start":{"line":68,"column":21},"end":{"line":68,"column":32}},"type":"default-arg","locations":[{"start":{"line":68,"column":30},"end":{"line":68,"column":32}}],"line":68},"2":{"loc":{"start":{"line":70,"column":8},"end":{"line":72,"column":68}},"type":"cond-expr","locations":[{"start":{"line":71,"column":14},"end":{"line":71,"column":32}},{"start":{"line":72,"column":14},"end":{"line":72,"column":68}}],"line":70},"3":{"loc":{"start":{"line":84,"column":51},"end":{"line":84,"column":72}},"type":"binary-expr","locations":[{"start":{"line":84,"column":51},"end":{"line":84,"column":61}},{"start":{"line":84,"column":65},"end":{"line":84,"column":72}}],"line":84},"4":{"loc":{"start":{"line":92,"column":31},"end":{"line":92,"column":42}},"type":"default-arg","locations":[{"start":{"line":92,"column":40},"end":{"line":92,"column":42}}],"line":92},"5":{"loc":{"start":{"line":117,"column":20},"end":{"line":117,"column":61}},"type":"cond-expr","locations":[{"start":{"line":117,"column":35},"end":{"line":117,"column":56}},{"start":{"line":117,"column":59},"end":{"line":117,"column":61}}],"line":117}},"s":{"0":1,"1":1,"2":1,"3":1,"4":1,"5":1,"6":1,"7":2,"8":2,"9":2,"10":2,"11":2,"12":2,"13":2,"14":2,"15":2,"16":2,"17":1,"18":1,"19":1,"20":0,"21":1,"22":1,"23":1},"f":{"0":1,"1":2,"2":1,"3":0},"b":{"0":[0],"1":[1],"2":[0,2],"3":[2,0],"4":[0],"5":[0,1]},"_coverageSchema":"1a1c01bbd47fc00a2c39e90264f33305004495a9","hash":"a70b6edf15f41543086f835b9e5551b6dfcfe56d"}
,"D:\\lisam\\OSF-Academy\\app\\components\\_app\\partials\\above-header.jsx": {"path":"D:\\lisam\\OSF-Academy\\app\\components\\_app\\partials\\above-header.jsx","statementMap":{"0":{"start":{"line":8,"column":20},"end":{"line":8,"column":30}},"1":{"start":{"line":8,"column":26},"end":{"line":8,"column":30}}},"fnMap":{"0":{"name":"(anonymous_0)","decl":{"start":{"line":8,"column":20},"end":{"line":8,"column":21}},"loc":{"start":{"line":8,"column":26},"end":{"line":8,"column":30}},"line":8}},"branchMap":{},"s":{"0":1,"1":7},"f":{"0":7},"b":{},"_coverageSchema":"1a1c01bbd47fc00a2c39e90264f33305004495a9","hash":"173f8e240cf2f7dac1c4a07549e8776d1d494413"}
,"D:\\lisam\\OSF-Academy\\app\\components\\_error\\index.jsx": {"path":"D:\\lisam\\OSF-Academy\\app\\components\\_error\\index.jsx","statementMap":{"0":{"start":{"line":31,"column":14},"end":{"line":139,"column":1}},"1":{"start":{"line":32,"column":29},"end":{"line":32,"column":34}},"2":{"start":{"line":33,"column":20},"end":{"line":33,"column":32}},"3":{"start":{"line":35,"column":18},"end":{"line":35,"column":43}},"4":{"start":{"line":36,"column":4},"end":{"line":138,"column":5}},"5":{"start":{"line":55,"column":39},"end":{"line":55,"column":56}},"6":{"start":{"line":110,"column":51},"end":{"line":110,"column":75}},"7":{"start":{"line":141,"column":0},"end":{"line":148,"column":1}}},"fnMap":{"0":{"name":"(anonymous_0)","decl":{"start":{"line":31,"column":14},"end":{"line":31,"column":15}},"loc":{"start":{"line":31,"column":25},"end":{"line":139,"column":1}},"line":31},"1":{"name":"(anonymous_1)","decl":{"start":{"line":55,"column":33},"end":{"line":55,"column":34}},"loc":{"start":{"line":55,"column":39},"end":{"line":55,"column":56}},"line":55},"2":{"name":"(anonymous_2)","decl":{"start":{"line":110,"column":45},"end":{"line":110,"column":46}},"loc":{"start":{"line":110,"column":51},"end":{"line":110,"column":75}},"line":110}},"branchMap":{"0":{"loc":{"start":{"line":83,"column":29},"end":{"line":97,"column":29}},"type":"binary-expr","locations":[{"start":{"line":83,"column":29},"end":{"line":83,"column":36}},{"start":{"line":84,"column":32},"end":{"line":96,"column":38}}],"line":83},"1":{"loc":{"start":{"line":115,"column":21},"end":{"line":134,"column":21}},"type":"binary-expr","locations":[{"start":{"line":115,"column":21},"end":{"line":115,"column":26}},{"start":{"line":116,"column":24},"end":{"line":133,"column":30}}],"line":115}},"s":{"0":1,"1":3,"2":3,"3":3,"4":3,"5":0,"6":0,"7":1},"f":{"0":3,"1":0,"2":0},"b":{"0":[3,0],"1":[3,1]},"_coverageSchema":"1a1c01bbd47fc00a2c39e90264f33305004495a9","hash":"3ad8c269a70ce30b0c99a9e6d67ec4920328bf4a"}
,"D:\\lisam\\OSF-Academy\\app\\components\\action-card\\index.jsx": {"path":"D:\\lisam\\OSF-Academy\\app\\components\\action-card\\index.jsx","statementMap":{"0":{"start":{"line":19,"column":19},"end":{"line":62,"column":1}},"1":{"start":{"line":20,"column":42},"end":{"line":20,"column":57}},"2":{"start":{"line":22,"column":25},"end":{"line":29,"column":5}},"3":{"start":{"line":23,"column":8},"end":{"line":23,"column":28}},"4":{"start":{"line":24,"column":8},"end":{"line":28,"column":9}},"5":{"start":{"line":25,"column":12},"end":{"line":25,"column":52}},"6":{"start":{"line":27,"column":12},"end":{"line":27,"column":33}},"7":{"start":{"line":31,"column":4},"end":{"line":61,"column":5}},"8":{"start":{"line":64,"column":0},"end":{"line":73,"column":1}}},"fnMap":{"0":{"name":"(anonymous_0)","decl":{"start":{"line":19,"column":19},"end":{"line":19,"column":20}},"loc":{"start":{"line":19,"column":63},"end":{"line":62,"column":1}},"line":19},"1":{"name":"(anonymous_1)","decl":{"start":{"line":22,"column":25},"end":{"line":22,"column":26}},"loc":{"start":{"line":22,"column":37},"end":{"line":29,"column":5}},"line":22}},"branchMap":{"0":{"loc":{"start":{"line":41,"column":13},"end":{"line":41,"column":46}},"type":"binary-expr","locations":[{"start":{"line":41,"column":13},"end":{"line":41,"column":24}},{"start":{"line":41,"column":28},"end":{"line":41,"column":46}}],"line":41},"1":{"loc":{"start":{"line":45,"column":21},"end":{"line":49,"column":21}},"type":"binary-expr","locations":[{"start":{"line":45,"column":21},"end":{"line":45,"column":27}},{"start":{"line":46,"column":24},"end":{"line":48,"column":33}}],"line":45},"2":{"loc":{"start":{"line":50,"column":21},"end":{"line":57,"column":21}},"type":"binary-expr","locations":[{"start":{"line":50,"column":21},"end":{"line":50,"column":29}},{"start":{"line":51,"column":24},"end":{"line":56,"column":33}}],"line":50}},"s":{"0":6,"1":51,"2":51,"3":1,"4":1,"5":1,"6":1,"7":51,"8":6},"f":{"0":51,"1":1},"b":{"0":[51,1],"1":[51,39],"2":[51,39]},"_coverageSchema":"1a1c01bbd47fc00a2c39e90264f33305004495a9","hash":"1191268c50e477865c1431b96c18e670eec3fc24"}
,"D:\\lisam\\OSF-Academy\\app\\components\\address-display\\index.jsx": {"path":"D:\\lisam\\OSF-Academy\\app\\components\\address-display\\index.jsx","statementMap":{"0":{"start":{"line":11,"column":23},"end":{"line":24,"column":1}},"1":{"start":{"line":12,"column":4},"end":{"line":23,"column":5}},"2":{"start":{"line":26,"column":0},"end":{"line":28,"column":1}}},"fnMap":{"0":{"name":"(anonymous_0)","decl":{"start":{"line":11,"column":23},"end":{"line":11,"column":24}},"loc":{"start":{"line":11,"column":38},"end":{"line":24,"column":1}},"line":11}},"branchMap":{},"s":{"0":7,"1":162,"2":7},"f":{"0":162},"b":{},"_coverageSchema":"1a1c01bbd47fc00a2c39e90264f33305004495a9","hash":"873cbe5c88390d99b96483abef68f8495eb96c33"}
,"D:\\lisam\\OSF-Academy\\app\\components\\basic-tile\\index.jsx": {"path":"D:\\lisam\\OSF-Academy\\app\\components\\basic-tile\\index.jsx","statementMap":{"0":{"start":{"line":26,"column":18},"end":{"line":58,"column":1}},"1":{"start":{"line":27,"column":23},"end":{"line":27,"column":26}},"2":{"start":{"line":28,"column":18},"end":{"line":28,"column":28}},"3":{"start":{"line":29,"column":4},"end":{"line":57,"column":5}},"4":{"start":{"line":60,"column":0},"end":{"line":60,"column":35}},"5":{"start":{"line":62,"column":0},"end":{"line":69,"column":1}}},"fnMap":{"0":{"name":"(anonymous_0)","decl":{"start":{"line":26,"column":18},"end":{"line":26,"column":19}},"loc":{"start":{"line":26,"column":52},"end":{"line":58,"column":1}},"line":26}},"branchMap":{},"s":{"0":1,"1":1,"2":1,"3":1,"4":1,"5":1},"f":{"0":1},"b":{},"_coverageSchema":"1a1c01bbd47fc00a2c39e90264f33305004495a9","hash":"96d552acb154893d1139ed40ba59eefe00dbed8a"}
,"D:\\lisam\\OSF-Academy\\app\\components\\breadcrumb\\index.jsx": {"path":"D:\\lisam\\OSF-Academy\\app\\components\\breadcrumb\\index.jsx","statementMap":{"0":{"start":{"line":32,"column":19},"end":{"line":56,"column":1}},"1":{"start":{"line":33,"column":17},"end":{"line":33,"column":26}},"2":{"start":{"line":34,"column":19},"end":{"line":34,"column":47}},"3":{"start":{"line":36,"column":4},"end":{"line":55,"column":5}},"4":{"start":{"line":44,"column":16},"end":{"line":52,"column":39}},"5":{"start":{"line":58,"column":0},"end":{"line":58,"column":37}},"6":{"start":{"line":60,"column":0},"end":{"line":65,"column":1}}},"fnMap":{"0":{"name":"(anonymous_0)","decl":{"start":{"line":32,"column":19},"end":{"line":32,"column":20}},"loc":{"start":{"line":32,"column":46},"end":{"line":56,"column":1}},"line":32},"1":{"name":"(anonymous_1)","decl":{"start":{"line":43,"column":28},"end":{"line":43,"column":29}},"loc":{"start":{"line":44,"column":16},"end":{"line":52,"column":39}},"line":44}},"branchMap":{},"s":{"0":12,"1":87,"2":87,"3":87,"4":99,"5":12,"6":12},"f":{"0":87,"1":99},"b":{},"_coverageSchema":"1a1c01bbd47fc00a2c39e90264f33305004495a9","hash":"5ad2f559af378f6841b7a529aba80860d8c8501c"}
,"D:\\lisam\\OSF-Academy\\app\\components\\confirmation-modal\\index.jsx": {"path":"D:\\lisam\\OSF-Academy\\app\\components\\confirmation-modal\\index.jsx","statementMap":{"0":{"start":{"line":24,"column":26},"end":{"line":70,"column":1}},"1":{"start":{"line":33,"column":28},"end":{"line":33,"column":37}},"2":{"start":{"line":35,"column":31},"end":{"line":38,"column":5}},"3":{"start":{"line":36,"column":8},"end":{"line":36,"column":25}},"4":{"start":{"line":37,"column":8},"end":{"line":37,"column":23}},"5":{"start":{"line":40,"column":39},"end":{"line":43,"column":5}},"6":{"start":{"line":41,"column":8},"end":{"line":41,"column":27}},"7":{"start":{"line":42,"column":8},"end":{"line":42,"column":23}},"8":{"start":{"line":45,"column":4},"end":{"line":69,"column":5}},"9":{"start":{"line":72,"column":0},"end":{"line":109,"column":1}}},"fnMap":{"0":{"name":"(anonymous_0)","decl":{"start":{"line":24,"column":26},"end":{"line":24,"column":27}},"loc":{"start":{"line":32,"column":6},"end":{"line":70,"column":1}},"line":32},"1":{"name":"(anonymous_1)","decl":{"start":{"line":35,"column":31},"end":{"line":35,"column":32}},"loc":{"start":{"line":35,"column":37},"end":{"line":38,"column":5}},"line":35},"2":{"name":"(anonymous_2)","decl":{"start":{"line":40,"column":39},"end":{"line":40,"column":40}},"loc":{"start":{"line":40,"column":45},"end":{"line":43,"column":5}},"line":40}},"branchMap":{"0":{"loc":{"start":{"line":25,"column":4},"end":{"line":25,"column":64}},"type":"default-arg","locations":[{"start":{"line":25,"column":18},"end":{"line":25,"column":64}}],"line":25},"1":{"loc":{"start":{"line":26,"column":4},"end":{"line":26,"column":80}},"type":"default-arg","locations":[{"start":{"line":26,"column":26},"end":{"line":26,"column":80}}],"line":26},"2":{"loc":{"start":{"line":27,"column":4},"end":{"line":27,"column":78}},"type":"default-arg","locations":[{"start":{"line":27,"column":25},"end":{"line":27,"column":78}}],"line":27},"3":{"loc":{"start":{"line":28,"column":4},"end":{"line":28,"column":82}},"type":"default-arg","locations":[{"start":{"line":28,"column":27},"end":{"line":28,"column":82}}],"line":28},"4":{"loc":{"start":{"line":29,"column":4},"end":{"line":29,"column":26}},"type":"default-arg","locations":[{"start":{"line":29,"column":22},"end":{"line":29,"column":26}}],"line":29},"5":{"loc":{"start":{"line":30,"column":4},"end":{"line":30,"column":28}},"type":"default-arg","locations":[{"start":{"line":30,"column":24},"end":{"line":30,"column":28}}],"line":30}},"s":{"0":9,"1":39,"2":39,"3":3,"4":3,"5":39,"6":1,"7":1,"8":39,"9":9},"f":{"0":39,"1":3,"2":1},"b":{"0":[8],"1":[8],"2":[8],"3":[8],"4":[5],"5":[32]},"_coverageSchema":"1a1c01bbd47fc00a2c39e90264f33305004495a9","hash":"423d1fe0a832008e419e139409402ab2843db2b2"}
,"D:\\lisam\\OSF-Academy\\app\\components\\display-price\\index.jsx": {"path":"D:\\lisam\\OSF-Academy\\app\\components\\display-price\\index.jsx","statementMap":{"0":{"start":{"line":14,"column":21},"end":{"line":55,"column":1}},"1":{"start":{"line":23,"column":17},"end":{"line":23,"column":26}},"2":{"start":{"line":24,"column":39},"end":{"line":24,"column":52}},"3":{"start":{"line":25,"column":4},"end":{"line":54,"column":5}},"4":{"start":{"line":57,"column":0},"end":{"line":65,"column":1}}},"fnMap":{"0":{"name":"(anonymous_0)","decl":{"start":{"line":14,"column":21},"end":{"line":14,"column":22}},"loc":{"start":{"line":22,"column":6},"end":{"line":55,"column":1}},"line":22}},"branchMap":{"0":{"loc":{"start":{"line":17,"column":4},"end":{"line":17,"column":25}},"type":"default-arg","locations":[{"start":{"line":17,"column":20},"end":{"line":17,"column":25}}],"line":17},"1":{"loc":{"start":{"line":28,"column":17},"end":{"line":32,"column":25}},"type":"binary-expr","locations":[{"start":{"line":28,"column":17},"end":{"line":28,"column":30}},{"start":{"line":29,"column":20},"end":{"line":32,"column":25}}],"line":28},"2":{"loc":{"start":{"line":34,"column":13},"end":{"line":41,"column":13}},"type":"binary-expr","locations":[{"start":{"line":34,"column":13},"end":{"line":34,"column":46}},{"start":{"line":35,"column":16},"end":{"line":40,"column":23}}],"line":34},"3":{"loc":{"start":{"line":38,"column":34},"end":{"line":38,"column":60}},"type":"binary-expr","locations":[{"start":{"line":38,"column":34},"end":{"line":38,"column":42}},{"start":{"line":38,"column":46},"end":{"line":38,"column":60}}],"line":38},"4":{"loc":{"start":{"line":43,"column":20},"end":{"line":43,"column":65}},"type":"cond-expr","locations":[{"start":{"line":43,"column":56},"end":{"line":43,"column":59}},{"start":{"line":43,"column":62},"end":{"line":43,"column":65}}],"line":43},"5":{"loc":{"start":{"line":44,"column":20},"end":{"line":44,"column":61}},"type":"cond-expr","locations":[{"start":{"line":44,"column":56},"end":{"line":44,"column":57}},{"start":{"line":44,"column":60},"end":{"line":44,"column":61}}],"line":44},"6":{"loc":{"start":{"line":45,"column":28},"end":{"line":45,"column":61}},"type":"cond-expr","locations":[{"start":{"line":45,"column":44},"end":{"line":45,"column":52}},{"start":{"line":45,"column":55},"end":{"line":45,"column":61}}],"line":45},"7":{"loc":{"start":{"line":50,"column":30},"end":{"line":50,"column":56}},"type":"binary-expr","locations":[{"start":{"line":50,"column":30},"end":{"line":50,"column":38}},{"start":{"line":50,"column":42},"end":{"line":50,"column":56}}],"line":50}},"s":{"0":71,"1":224,"2":224,"3":224,"4":71},"f":{"0":224},"b":{"0":[188],"1":[224,36],"2":[224,2],"3":[2,0],"4":[2,222],"5":[2,222],"6":[2,222],"7":[224,18]},"_coverageSchema":"1a1c01bbd47fc00a2c39e90264f33305004495a9","hash":"0d832b11ff5fbc57acfc70cab47ddea901955c66"}
,"D:\\lisam\\OSF-Academy\\app\\components\\drawer-menu\\index.jsx": {"path":"D:\\lisam\\OSF-Academy\\app\\components\\drawer-menu\\index.jsx","statementMap":{"0":{"start":{"line":64,"column":19},"end":{"line":64,"column":37}},"1":{"start":{"line":65,"column":21},"end":{"line":65,"column":56}},"2":{"start":{"line":66,"column":26},"end":{"line":66,"column":30}},"3":{"start":{"line":67,"column":27},"end":{"line":67,"column":31}},"4":{"start":{"line":69,"column":24},"end":{"line":73,"column":1}},"5":{"start":{"line":70,"column":4},"end":{"line":72,"column":10}},"6":{"start":{"line":76,"column":21},"end":{"line":76,"column":29}},"7":{"start":{"line":77,"column":27},"end":{"line":77,"column":43}},"8":{"start":{"line":84,"column":19},"end":{"line":385,"column":1}},"9":{"start":{"line":85,"column":21},"end":{"line":85,"column":33}},"10":{"start":{"line":86,"column":17},"end":{"line":86,"column":26}},"11":{"start":{"line":87,"column":27},"end":{"line":87,"column":44}},"12":{"start":{"line":88,"column":21},"end":{"line":88,"column":36}},"13":{"start":{"line":89,"column":19},"end":{"line":89,"column":52}},"14":{"start":{"line":90,"column":23},"end":{"line":90,"column":90}},"15":{"start":{"line":91,"column":30},"end":{"line":91,"column":82}},"16":{"start":{"line":92,"column":29},"end":{"line":92,"column":43}},"17":{"start":{"line":93,"column":19},"end":{"line":93,"column":23}},"18":{"start":{"line":94,"column":42},"end":{"line":94,"column":57}},"19":{"start":{"line":95,"column":36},"end":{"line":95,"column":52}},"20":{"start":{"line":96,"column":19},"end":{"line":96,"column":52}},"21":{"start":{"line":97,"column":27},"end":{"line":102,"column":5}},"22":{"start":{"line":98,"column":8},"end":{"line":98,"column":28}},"23":{"start":{"line":99,"column":8},"end":{"line":99,"column":34}},"24":{"start":{"line":100,"column":8},"end":{"line":100,"column":26}},"25":{"start":{"line":101,"column":8},"end":{"line":101,"column":29}},"26":{"start":{"line":104,"column":31},"end":{"line":104,"column":80}},"27":{"start":{"line":104,"column":70},"end":{"line":104,"column":79}},"28":{"start":{"line":105,"column":31},"end":{"line":105,"column":61}},"29":{"start":{"line":107,"column":4},"end":{"line":109,"column":10}},"30":{"start":{"line":108,"column":8},"end":{"line":108,"column":28}},"31":{"start":{"line":111,"column":4},"end":{"line":384,"column":5}},"32":{"start":{"line":147,"column":44},"end":{"line":167,"column":45}},"33":{"start":{"line":187,"column":44},"end":{"line":187,"column":76}},"34":{"start":{"line":190,"column":44},"end":{"line":206,"column":45}},"35":{"start":{"line":282,"column":59},"end":{"line":284,"column":46}},"36":{"start":{"line":285,"column":44},"end":{"line":285,"column":68}},"37":{"start":{"line":298,"column":46},"end":{"line":298,"column":49}},"38":{"start":{"line":387,"column":0},"end":{"line":387,"column":37}},"39":{"start":{"line":389,"column":0},"end":{"line":403,"column":1}}},"fnMap":{"0":{"name":"(anonymous_0)","decl":{"start":{"line":69,"column":24},"end":{"line":69,"column":25}},"loc":{"start":{"line":70,"column":4},"end":{"line":72,"column":10}},"line":70},"1":{"name":"(anonymous_1)","decl":{"start":{"line":84,"column":19},"end":{"line":84,"column":20}},"loc":{"start":{"line":84,"column":75},"end":{"line":385,"column":1}},"line":84},"2":{"name":"(anonymous_2)","decl":{"start":{"line":97,"column":27},"end":{"line":97,"column":28}},"loc":{"start":{"line":97,"column":39},"end":{"line":102,"column":5}},"line":97},"3":{"name":"(anonymous_3)","decl":{"start":{"line":104,"column":58},"end":{"line":104,"column":59}},"loc":{"start":{"line":104,"column":70},"end":{"line":104,"column":79}},"line":104},"4":{"name":"(anonymous_4)","decl":{"start":{"line":107,"column":14},"end":{"line":107,"column":15}},"loc":{"start":{"line":107,"column":20},"end":{"line":109,"column":5}},"line":107},"5":{"name":"(anonymous_5)","decl":{"start":{"line":146,"column":53},"end":{"line":146,"column":54}},"loc":{"start":{"line":147,"column":44},"end":{"line":167,"column":45}},"line":147},"6":{"name":"(anonymous_6)","decl":{"start":{"line":186,"column":52},"end":{"line":186,"column":53}},"loc":{"start":{"line":187,"column":44},"end":{"line":187,"column":76}},"line":187},"7":{"name":"(anonymous_7)","decl":{"start":{"line":189,"column":52},"end":{"line":189,"column":53}},"loc":{"start":{"line":190,"column":44},"end":{"line":206,"column":45}},"line":190},"8":{"name":"(anonymous_8)","decl":{"start":{"line":280,"column":50},"end":{"line":280,"column":51}},"loc":{"start":{"line":280,"column":65},"end":{"line":286,"column":41}},"line":280},"9":{"name":"(anonymous_9)","decl":{"start":{"line":298,"column":40},"end":{"line":298,"column":41}},"loc":{"start":{"line":298,"column":46},"end":{"line":298,"column":49}},"line":298}},"branchMap":{"0":{"loc":{"start":{"line":84,"column":35},"end":{"line":84,"column":49}},"type":"default-arg","locations":[{"start":{"line":84,"column":45},"end":{"line":84,"column":49}}],"line":84},"1":{"loc":{"start":{"line":84,"column":51},"end":{"line":84,"column":69}},"type":"default-arg","locations":[{"start":{"line":84,"column":65},"end":{"line":84,"column":69}}],"line":84},"2":{"loc":{"start":{"line":134,"column":29},"end":{"line":134,"column":62}},"type":"binary-expr","locations":[{"start":{"line":134,"column":29},"end":{"line":134,"column":40}},{"start":{"line":134,"column":44},"end":{"line":134,"column":62}}],"line":134},"3":{"loc":{"start":{"line":137,"column":29},"end":{"line":176,"column":29}},"type":"cond-expr","locations":[{"start":{"line":138,"column":32},"end":{"line":171,"column":39}},{"start":{"line":173,"column":32},"end":{"line":175,"column":41}}],"line":137},"4":{"loc":{"start":{"line":147,"column":44},"end":{"line":167,"column":45}},"type":"cond-expr","locations":[{"start":{"line":148,"column":48},"end":{"line":164,"column":49}},{"start":{"line":166,"column":48},"end":{"line":166,"column":53}}],"line":147},"5":{"loc":{"start":{"line":184,"column":33},"end":{"line":259,"column":33}},"type":"cond-expr","locations":[{"start":{"line":185,"column":36},"end":{"line":246,"column":38}},{"start":{"line":248,"column":36},"end":{"line":258,"column":43}}],"line":184},"6":{"loc":{"start":{"line":190,"column":44},"end":{"line":206,"column":45}},"type":"binary-expr","locations":[{"start":{"line":190,"column":44},"end":{"line":190,"column":55}},{"start":{"line":191,"column":48},"end":{"line":205,"column":57}}],"line":190},"7":{"loc":{"start":{"line":274,"column":29},"end":{"line":289,"column":29}},"type":"binary-expr","locations":[{"start":{"line":274,"column":29},"end":{"line":274,"column":47}},{"start":{"line":275,"column":32},"end":{"line":288,"column":38}}],"line":274}},"s":{"0":2,"1":2,"2":2,"3":2,"4":2,"5":12,"6":2,"7":2,"8":2,"9":15,"10":15,"11":15,"12":15,"13":15,"14":15,"15":15,"16":15,"17":15,"18":15,"19":15,"20":15,"21":15,"22":0,"23":0,"24":0,"25":0,"26":15,"27":45,"28":15,"29":15,"30":5,"31":15,"32":5,"33":15,"34":8,"35":0,"36":0,"37":36,"38":2,"39":2},"f":{"0":12,"1":15,"2":0,"3":45,"4":5,"5":5,"6":15,"7":8,"8":0,"9":36},"b":{"0":[5],"1":[5],"2":[15,0],"3":[3,12],"4":[3,2],"5":[13,2],"6":[8,5],"7":[15,15]},"_coverageSchema":"1a1c01bbd47fc00a2c39e90264f33305004495a9","hash":"836c211af6686b5510ff5f57244fc9b3469c7bf2"}
,"D:\\lisam\\OSF-Academy\\app\\components\\dynamic-image\\index.jsx": {"path":"D:\\lisam\\OSF-Academy\\app\\components\\dynamic-image\\index.jsx","statementMap":{"0":{"start":{"line":21,"column":21},"end":{"line":35,"column":1}},"1":{"start":{"line":22,"column":22},"end":{"line":22,"column":35}},"2":{"start":{"line":23,"column":18},"end":{"line":23,"column":28}},"3":{"start":{"line":25,"column":33},"end":{"line":28,"column":5}},"4":{"start":{"line":26,"column":14},"end":{"line":26,"column":89}},"5":{"start":{"line":30,"column":4},"end":{"line":34,"column":5}},"6":{"start":{"line":37,"column":0},"end":{"line":54,"column":1}}},"fnMap":{"0":{"name":"(anonymous_0)","decl":{"start":{"line":21,"column":21},"end":{"line":21,"column":22}},"loc":{"start":{"line":21,"column":65},"end":{"line":35,"column":1}},"line":21},"1":{"name":"(anonymous_1)","decl":{"start":{"line":26,"column":8},"end":{"line":26,"column":9}},"loc":{"start":{"line":26,"column":14},"end":{"line":26,"column":89}},"line":26}},"branchMap":{"0":{"loc":{"start":{"line":22,"column":22},"end":{"line":22,"column":35}},"type":"cond-expr","locations":[{"start":{"line":22,"column":27},"end":{"line":22,"column":29}},{"start":{"line":22,"column":32},"end":{"line":22,"column":35}}],"line":22}},"s":{"0":71,"1":411,"2":411,"3":411,"4":411,"5":411,"6":71},"f":{"0":411,"1":411},"b":{"0":[0,411]},"_coverageSchema":"1a1c01bbd47fc00a2c39e90264f33305004495a9","hash":"1a1c6146c875cfe8b7186fb1c13b40ac754660de"}
,"D:\\lisam\\OSF-Academy\\app\\components\\field\\index.jsx": {"path":"D:\\lisam\\OSF-Academy\\app\\components\\field\\index.jsx","statementMap":{"0":{"start":{"line":23,"column":14},"end":{"line":133,"column":1}},"1":{"start":{"line":38,"column":44},"end":{"line":38,"column":58}},"2":{"start":{"line":39,"column":25},"end":{"line":39,"column":74}},"3":{"start":{"line":41,"column":8},"end":{"line":41,"column":94}},"4":{"start":{"line":42,"column":4},"end":{"line":132,"column":5}},"5":{"start":{"line":50,"column":20},"end":{"line":50,"column":97}},"6":{"start":{"line":52,"column":16},"end":{"line":129,"column":17}},"7":{"start":{"line":88,"column":55},"end":{"line":88,"column":85}},"8":{"start":{"line":102,"column":40},"end":{"line":104,"column":49}},"9":{"start":{"line":112,"column":53},"end":{"line":112,"column":79}},"10":{"start":{"line":135,"column":0},"end":{"line":159,"column":1}}},"fnMap":{"0":{"name":"(anonymous_0)","decl":{"start":{"line":23,"column":14},"end":{"line":23,"column":15}},"loc":{"start":{"line":37,"column":6},"end":{"line":133,"column":1}},"line":37},"1":{"name":"(anonymous_1)","decl":{"start":{"line":48,"column":20},"end":{"line":48,"column":21}},"loc":{"start":{"line":48,"column":57},"end":{"line":130,"column":13}},"line":48},"2":{"name":"(anonymous_2)","decl":{"start":{"line":88,"column":49},"end":{"line":88,"column":50}},"loc":{"start":{"line":88,"column":55},"end":{"line":88,"column":85}},"line":88},"3":{"name":"(anonymous_3)","decl":{"start":{"line":101,"column":49},"end":{"line":101,"column":50}},"loc":{"start":{"line":102,"column":40},"end":{"line":104,"column":49}},"line":102},"4":{"name":"(anonymous_4)","decl":{"start":{"line":112,"column":46},"end":{"line":112,"column":47}},"loc":{"start":{"line":112,"column":53},"end":{"line":112,"column":79}},"line":112}},"branchMap":{"0":{"loc":{"start":{"line":27,"column":4},"end":{"line":27,"column":17}},"type":"default-arg","locations":[{"start":{"line":27,"column":11},"end":{"line":27,"column":17}}],"line":27},"1":{"loc":{"start":{"line":28,"column":4},"end":{"line":28,"column":16}},"type":"default-arg","locations":[{"start":{"line":28,"column":14},"end":{"line":28,"column":16}}],"line":28},"2":{"loc":{"start":{"line":29,"column":4},"end":{"line":29,"column":14}},"type":"default-arg","locations":[{"start":{"line":29,"column":12},"end":{"line":29,"column":14}}],"line":29},"3":{"loc":{"start":{"line":39,"column":25},"end":{"line":39,"column":74}},"type":"cond-expr","locations":[{"start":{"line":39,"column":40},"end":{"line":39,"column":54}},{"start":{"line":39,"column":57},"end":{"line":39,"column":74}}],"line":39},"4":{"loc":{"start":{"line":41,"column":8},"end":{"line":41,"column":94}},"type":"cond-expr","locations":[{"start":{"line":41,"column":46},"end":{"line":41,"column":56}},{"start":{"line":41,"column":59},"end":{"line":41,"column":94}}],"line":41},"5":{"loc":{"start":{"line":41,"column":8},"end":{"line":41,"column":43}},"type":"binary-expr","locations":[{"start":{"line":41,"column":8},"end":{"line":41,"column":27}},{"start":{"line":41,"column":31},"end":{"line":41,"column":43}}],"line":41},"6":{"loc":{"start":{"line":41,"column":59},"end":{"line":41,"column":94}},"type":"cond-expr","locations":[{"start":{"line":41,"column":81},"end":{"line":41,"column":87}},{"start":{"line":41,"column":90},"end":{"line":41,"column":94}}],"line":41},"7":{"loc":{"start":{"line":50,"column":20},"end":{"line":50,"column":97}},"type":"cond-expr","locations":[{"start":{"line":50,"column":55},"end":{"line":50,"column":84}},{"start":{"line":50,"column":87},"end":{"line":50,"column":97}}],"line":50},"8":{"loc":{"start":{"line":54,"column":25},"end":{"line":56,"column":73}},"type":"binary-expr","locations":[{"start":{"line":54,"column":25},"end":{"line":54,"column":62}},{"start":{"line":55,"column":28},"end":{"line":55,"column":45}},{"start":{"line":56,"column":29},"end":{"line":56,"column":38}},{"start":{"line":56,"column":42},"end":{"line":56,"column":72}}],"line":54},"9":{"loc":{"start":{"line":59,"column":29},"end":{"line":70,"column":29}},"type":"binary-expr","locations":[{"start":{"line":59,"column":29},"end":{"line":61,"column":29}},{"start":{"line":62,"column":32},"end":{"line":69,"column":34}}],"line":59},"10":{"loc":{"start":{"line":72,"column":29},"end":{"line":80,"column":29}},"type":"binary-expr","locations":[{"start":{"line":72,"column":29},"end":{"line":72,"column":46}},{"start":{"line":73,"column":32},"end":{"line":79,"column":34}}],"line":72},"11":{"loc":{"start":{"line":82,"column":29},"end":{"line":91,"column":29}},"type":"binary-expr","locations":[{"start":{"line":82,"column":29},"end":{"line":82,"column":48}},{"start":{"line":83,"column":32},"end":{"line":90,"column":52}}],"line":82},"12":{"loc":{"start":{"line":93,"column":29},"end":{"line":107,"column":29}},"type":"binary-expr","locations":[{"start":{"line":93,"column":29},"end":{"line":93,"column":46}},{"start":{"line":94,"column":32},"end":{"line":106,"column":41}}],"line":93},"13":{"loc":{"start":{"line":109,"column":29},"end":{"line":118,"column":29}},"type":"binary-expr","locations":[{"start":{"line":109,"column":29},"end":{"line":109,"column":48}},{"start":{"line":110,"column":32},"end":{"line":117,"column":43}}],"line":109},"14":{"loc":{"start":{"line":116,"column":37},"end":{"line":116,"column":55}},"type":"binary-expr","locations":[{"start":{"line":116,"column":37},"end":{"line":116,"column":46}},{"start":{"line":116,"column":50},"end":{"line":116,"column":55}}],"line":116},"15":{"loc":{"start":{"line":123,"column":25},"end":{"line":125,"column":25}},"type":"binary-expr","locations":[{"start":{"line":123,"column":25},"end":{"line":123,"column":30}},{"start":{"line":123,"column":34},"end":{"line":123,"column":52}},{"start":{"line":124,"column":28},"end":{"line":124,"column":80}}],"line":123}},"s":{"0":71,"1":956,"2":956,"3":956,"4":956,"5":1309,"6":1309,"7":0,"8":1884,"9":0,"10":71},"f":{"0":956,"1":1309,"2":0,"3":1884,"4":0},"b":{"0":[0],"1":[892],"2":[72],"3":[956,0],"4":[167,789],"5":[956,167],"6":[0,789],"7":[197,1112],"8":[1309,1251,1155,1073],"9":[1309,1088],"10":[1309,96],"11":[1309,207],"12":[1309,67],"13":[1309,58],"14":[58,58],"15":[1309,5,5]},"_coverageSchema":"1a1c01bbd47fc00a2c39e90264f33305004495a9","hash":"ab685e91ba95daed2d295965c2cf57219fd98c34"}
,"D:\\lisam\\OSF-Academy\\app\\components\\footer\\index.jsx": {"path":"D:\\lisam\\OSF-Academy\\app\\components\\footer\\index.jsx","statementMap":{"0":{"start":{"line":34,"column":36},"end":{"line":34,"column":65}},"1":{"start":{"line":35,"column":15},"end":{"line":190,"column":1}},"2":{"start":{"line":36,"column":19},"end":{"line":36,"column":48}},"3":{"start":{"line":37,"column":17},"end":{"line":37,"column":26}},"4":{"start":{"line":38,"column":32},"end":{"line":38,"column":53}},"5":{"start":{"line":39,"column":29},"end":{"line":39,"column":43}},"6":{"start":{"line":40,"column":19},"end":{"line":40,"column":23}},"7":{"start":{"line":41,"column":31},"end":{"line":41,"column":80}},"8":{"start":{"line":41,"column":70},"end":{"line":41,"column":79}},"9":{"start":{"line":42,"column":31},"end":{"line":42,"column":61}},"10":{"start":{"line":47,"column":19},"end":{"line":50,"column":6}},"11":{"start":{"line":52,"column":4},"end":{"line":189,"column":5}},"12":{"start":{"line":145,"column":40},"end":{"line":145,"column":63}},"13":{"start":{"line":148,"column":55},"end":{"line":150,"column":42}},"14":{"start":{"line":152,"column":40},"end":{"line":152,"column":64}},"15":{"start":{"line":158,"column":40},"end":{"line":160,"column":49}},"16":{"start":{"line":194,"column":18},"end":{"line":233,"column":1}},"17":{"start":{"line":195,"column":19},"end":{"line":195,"column":30}},"18":{"start":{"line":196,"column":17},"end":{"line":196,"column":26}},"19":{"start":{"line":197,"column":4},"end":{"line":232,"column":5}},"20":{"start":{"line":235,"column":19},"end":{"line":266,"column":1}},"21":{"start":{"line":236,"column":17},"end":{"line":236,"column":26}},"22":{"start":{"line":237,"column":4},"end":{"line":265,"column":5}},"23":{"start":{"line":267,"column":0},"end":{"line":269,"column":1}}},"fnMap":{"0":{"name":"(anonymous_0)","decl":{"start":{"line":35,"column":15},"end":{"line":35,"column":16}},"loc":{"start":{"line":35,"column":36},"end":{"line":190,"column":1}},"line":35},"1":{"name":"(anonymous_1)","decl":{"start":{"line":41,"column":58},"end":{"line":41,"column":59}},"loc":{"start":{"line":41,"column":70},"end":{"line":41,"column":79}},"line":41},"2":{"name":"(anonymous_2)","decl":{"start":{"line":144,"column":46},"end":{"line":144,"column":47}},"loc":{"start":{"line":144,"column":60},"end":{"line":153,"column":37}},"line":144},"3":{"name":"(anonymous_3)","decl":{"start":{"line":157,"column":60},"end":{"line":157,"column":61}},"loc":{"start":{"line":158,"column":40},"end":{"line":160,"column":49}},"line":158},"4":{"name":"(anonymous_4)","decl":{"start":{"line":194,"column":18},"end":{"line":194,"column":19}},"loc":{"start":{"line":194,"column":39},"end":{"line":233,"column":1}},"line":194},"5":{"name":"(anonymous_5)","decl":{"start":{"line":235,"column":19},"end":{"line":235,"column":20}},"loc":{"start":{"line":235,"column":34},"end":{"line":266,"column":1}},"line":235}},"branchMap":{"0":{"loc":{"start":{"line":134,"column":21},"end":{"line":165,"column":21}},"type":"binary-expr","locations":[{"start":{"line":134,"column":21},"end":{"line":134,"column":39}},{"start":{"line":135,"column":24},"end":{"line":164,"column":30}}],"line":134}},"s":{"0":2,"1":2,"2":9,"3":9,"4":9,"5":9,"6":9,"7":9,"8":27,"9":9,"10":9,"11":9,"12":0,"13":0,"14":0,"15":27,"16":2,"17":18,"18":18,"19":18,"20":2,"21":18,"22":18,"23":2},"f":{"0":9,"1":27,"2":0,"3":27,"4":18,"5":18},"b":{"0":[9,9]},"_coverageSchema":"1a1c01bbd47fc00a2c39e90264f33305004495a9","hash":"5d5079b1b8f1e810388ae1d75315afe2a6e401a3"}
,"D:\\lisam\\OSF-Academy\\app\\components\\forms\\address-fields.jsx": {"path":"D:\\lisam\\OSF-Academy\\app\\components\\forms\\address-fields.jsx","statementMap":{"0":{"start":{"line":19,"column":22},"end":{"line":44,"column":1}},"1":{"start":{"line":20,"column":29},"end":{"line":20,"column":49}},"2":{"start":{"line":21,"column":19},"end":{"line":21,"column":51}},"3":{"start":{"line":23,"column":4},"end":{"line":43,"column":5}},"4":{"start":{"line":46,"column":0},"end":{"line":52,"column":1}}},"fnMap":{"0":{"name":"(anonymous_0)","decl":{"start":{"line":19,"column":22},"end":{"line":19,"column":23}},"loc":{"start":{"line":19,"column":47},"end":{"line":44,"column":1}},"line":19}},"branchMap":{"0":{"loc":{"start":{"line":19,"column":30},"end":{"line":19,"column":41}},"type":"default-arg","locations":[{"start":{"line":19,"column":39},"end":{"line":19,"column":41}}],"line":19},"1":{"loc":{"start":{"line":41,"column":13},"end":{"line":41,"column":69}},"type":"binary-expr","locations":[{"start":{"line":41,"column":13},"end":{"line":41,"column":34}},{"start":{"line":41,"column":38},"end":{"line":41,"column":69}}],"line":41}},"s":{"0":6,"1":33,"2":33,"3":33,"4":6},"f":{"0":33},"b":{"0":[33],"1":[33,24]},"_coverageSchema":"1a1c01bbd47fc00a2c39e90264f33305004495a9","hash":"9030928c078673538f31e235aadc61378809eedb"}
,"D:\\lisam\\OSF-Academy\\app\\components\\forms\\credit-card-fields.jsx": {"path":"D:\\lisam\\OSF-Academy\\app\\components\\forms\\credit-card-fields.jsx","statementMap":{"0":{"start":{"line":34,"column":25},"end":{"line":147,"column":1}},"1":{"start":{"line":35,"column":28},"end":{"line":35,"column":37}},"2":{"start":{"line":36,"column":19},"end":{"line":36,"column":54}},"3":{"start":{"line":41,"column":21},"end":{"line":41,"column":43}},"4":{"start":{"line":43,"column":21},"end":{"line":43,"column":65}},"5":{"start":{"line":49,"column":8},"end":{"line":59,"column":16}},"6":{"start":{"line":61,"column":4},"end":{"line":146,"column":5}},"7":{"start":{"line":77,"column":49},"end":{"line":88,"column":21}},"8":{"start":{"line":80,"column":43},"end":{"line":80,"column":83}},"9":{"start":{"line":81,"column":43},"end":{"line":81,"column":69}},"10":{"start":{"line":82,"column":52},"end":{"line":84,"column":40}},"11":{"start":{"line":85,"column":28},"end":{"line":85,"column":71}},"12":{"start":{"line":86,"column":28},"end":{"line":86,"column":60}},"13":{"start":{"line":102,"column":53},"end":{"line":128,"column":25}},"14":{"start":{"line":105,"column":44},"end":{"line":105,"column":77}},"15":{"start":{"line":108,"column":32},"end":{"line":110,"column":33}},"16":{"start":{"line":109,"column":36},"end":{"line":109,"column":42}},"17":{"start":{"line":113,"column":32},"end":{"line":115,"column":33}},"18":{"start":{"line":114,"column":36},"end":{"line":114,"column":42}},"19":{"start":{"line":116,"column":32},"end":{"line":118,"column":33}},"20":{"start":{"line":117,"column":36},"end":{"line":117,"column":86}},"21":{"start":{"line":120,"column":32},"end":{"line":120,"column":54}},"22":{"start":{"line":123,"column":32},"end":{"line":126,"column":33}},"23":{"start":{"line":124,"column":36},"end":{"line":124,"column":56}},"24":{"start":{"line":125,"column":36},"end":{"line":125,"column":82}},"25":{"start":{"line":149,"column":0},"end":{"line":155,"column":1}}},"fnMap":{"0":{"name":"(anonymous_0)","decl":{"start":{"line":34,"column":25},"end":{"line":34,"column":26}},"loc":{"start":{"line":34,"column":50},"end":{"line":147,"column":1}},"line":34},"1":{"name":"(anonymous_1)","decl":{"start":{"line":77,"column":32},"end":{"line":77,"column":33}},"loc":{"start":{"line":77,"column":49},"end":{"line":88,"column":21}},"line":77},"2":{"name":"(anonymous_2)","decl":{"start":{"line":79,"column":24},"end":{"line":79,"column":25}},"loc":{"start":{"line":79,"column":38},"end":{"line":87,"column":25}},"line":79},"3":{"name":"(anonymous_3)","decl":{"start":{"line":102,"column":36},"end":{"line":102,"column":37}},"loc":{"start":{"line":102,"column":53},"end":{"line":128,"column":25}},"line":102},"4":{"name":"(anonymous_4)","decl":{"start":{"line":104,"column":28},"end":{"line":104,"column":29}},"loc":{"start":{"line":104,"column":42},"end":{"line":121,"column":29}},"line":104},"5":{"name":"(anonymous_5)","decl":{"start":{"line":122,"column":28},"end":{"line":122,"column":29}},"loc":{"start":{"line":122,"column":43},"end":{"line":127,"column":29}},"line":122}},"branchMap":{"0":{"loc":{"start":{"line":34,"column":33},"end":{"line":34,"column":44}},"type":"default-arg","locations":[{"start":{"line":34,"column":42},"end":{"line":34,"column":44}}],"line":34},"1":{"loc":{"start":{"line":49,"column":8},"end":{"line":59,"column":16}},"type":"cond-expr","locations":[{"start":{"line":50,"column":14},"end":{"line":54,"column":16}},{"start":{"line":55,"column":14},"end":{"line":59,"column":16}}],"line":49},"2":{"loc":{"start":{"line":82,"column":52},"end":{"line":84,"column":40}},"type":"cond-expr","locations":[{"start":{"line":83,"column":34},"end":{"line":83,"column":70}},{"start":{"line":84,"column":34},"end":{"line":84,"column":40}}],"line":82},"3":{"loc":{"start":{"line":85,"column":54},"end":{"line":85,"column":70}},"type":"binary-expr","locations":[{"start":{"line":85,"column":54},"end":{"line":85,"column":64}},{"start":{"line":85,"column":68},"end":{"line":85,"column":70}}],"line":85},"4":{"loc":{"start":{"line":90,"column":21},"end":{"line":94,"column":21}},"type":"binary-expr","locations":[{"start":{"line":90,"column":21},"end":{"line":90,"column":29}},{"start":{"line":90,"column":33},"end":{"line":90,"column":68}},{"start":{"line":91,"column":24},"end":{"line":93,"column":44}}],"line":90},"5":{"loc":{"start":{"line":108,"column":32},"end":{"line":110,"column":33}},"type":"if","locations":[{"start":{"line":108,"column":32},"end":{"line":110,"column":33}},{"start":{},"end":{}}],"line":108},"6":{"loc":{"start":{"line":113,"column":32},"end":{"line":115,"column":33}},"type":"if","locations":[{"start":{"line":113,"column":32},"end":{"line":115,"column":33}},{"start":{},"end":{}}],"line":113},"7":{"loc":{"start":{"line":116,"column":32},"end":{"line":118,"column":33}},"type":"if","locations":[{"start":{"line":116,"column":32},"end":{"line":118,"column":33}},{"start":{},"end":{}}],"line":116},"8":{"loc":{"start":{"line":123,"column":32},"end":{"line":126,"column":33}},"type":"if","locations":[{"start":{"line":123,"column":32},"end":{"line":126,"column":33}},{"start":{},"end":{}}],"line":123},"9":{"loc":{"start":{"line":123,"column":36},"end":{"line":123,"column":75}},"type":"binary-expr","locations":[{"start":{"line":123,"column":36},"end":{"line":123,"column":53}},{"start":{"line":123,"column":57},"end":{"line":123,"column":75}}],"line":123}},"s":{"0":1,"1":38,"2":38,"3":38,"4":38,"5":38,"6":38,"7":38,"8":32,"9":32,"10":32,"11":32,"12":32,"13":46,"14":8,"15":8,"16":0,"17":8,"18":0,"19":8,"20":6,"21":8,"22":8,"23":0,"24":0,"25":1},"f":{"0":38,"1":38,"2":32,"3":46,"4":8,"5":8},"b":{"0":[38],"1":[0,38],"2":[30,2],"3":[32,2],"4":[38,34,32],"5":[0,8],"6":[0,8],"7":[6,2],"8":[0,8],"9":[8,8]},"_coverageSchema":"1a1c01bbd47fc00a2c39e90264f33305004495a9","hash":"233a90b2ed9e8c4cd1c8c96f231f756df4ff1945"}
,"D:\\lisam\\OSF-Academy\\app\\components\\forms\\form-action-buttons.jsx": {"path":"D:\\lisam\\OSF-Academy\\app\\components\\forms\\form-action-buttons.jsx","statementMap":{"0":{"start":{"line":17,"column":26},"end":{"line":45,"column":1}},"1":{"start":{"line":24,"column":4},"end":{"line":44,"column":5}},"2":{"start":{"line":47,"column":0},"end":{"line":53,"column":1}}},"fnMap":{"0":{"name":"(anonymous_0)","decl":{"start":{"line":17,"column":26},"end":{"line":17,"column":27}},"loc":{"start":{"line":23,"column":6},"end":{"line":45,"column":1}},"line":23},"1":{"name":"(anonymous_1)","decl":{"start":{"line":22,"column":15},"end":{"line":22,"column":16}},"loc":{"start":{"line":22,"column":21},"end":{"line":22,"column":23}},"line":22}},"branchMap":{"0":{"loc":{"start":{"line":18,"column":4},"end":{"line":18,"column":24}},"type":"default-arg","locations":[{"start":{"line":18,"column":22},"end":{"line":18,"column":24}}],"line":18},"1":{"loc":{"start":{"line":19,"column":4},"end":{"line":19,"column":26}},"type":"default-arg","locations":[{"start":{"line":19,"column":24},"end":{"line":19,"column":26}}],"line":19},"2":{"loc":{"start":{"line":22,"column":4},"end":{"line":22,"column":23}},"type":"default-arg","locations":[{"start":{"line":22,"column":15},"end":{"line":22,"column":23}}],"line":22},"3":{"loc":{"start":{"line":27,"column":17},"end":{"line":31,"column":17}},"type":"cond-expr","locations":[{"start":{"line":28,"column":20},"end":{"line":28,"column":61}},{"start":{"line":30,"column":20},"end":{"line":30,"column":99}}],"line":27},"4":{"loc":{"start":{"line":34,"column":17},"end":{"line":41,"column":17}},"type":"cond-expr","locations":[{"start":{"line":35,"column":20},"end":{"line":35,"column":63}},{"start":{"line":37,"column":20},"end":{"line":40,"column":22}}],"line":34}},"s":{"0":6,"1":47,"2":6},"f":{"0":47,"1":0},"b":{"0":[47],"1":[47],"2":[0],"3":[20,27],"4":[0,47]},"_coverageSchema":"1a1c01bbd47fc00a2c39e90264f33305004495a9","hash":"e52b6ebd3b325eb93857d467b0c0f64395b742e2"}
,"D:\\lisam\\OSF-Academy\\app\\components\\forms\\login-fields.jsx": {"path":"D:\\lisam\\OSF-Academy\\app\\components\\forms\\login-fields.jsx","statementMap":{"0":{"start":{"line":13,"column":20},"end":{"line":21,"column":1}},"1":{"start":{"line":14,"column":19},"end":{"line":14,"column":49}},"2":{"start":{"line":15,"column":4},"end":{"line":20,"column":5}},"3":{"start":{"line":23,"column":0},"end":{"line":29,"column":1}}},"fnMap":{"0":{"name":"(anonymous_0)","decl":{"start":{"line":13,"column":20},"end":{"line":13,"column":21}},"loc":{"start":{"line":13,"column":45},"end":{"line":21,"column":1}},"line":13}},"branchMap":{"0":{"loc":{"start":{"line":13,"column":28},"end":{"line":13,"column":39}},"type":"default-arg","locations":[{"start":{"line":13,"column":37},"end":{"line":13,"column":39}}],"line":13}},"s":{"0":71,"1":25,"2":25,"3":71},"f":{"0":25},"b":{"0":[25]},"_coverageSchema":"1a1c01bbd47fc00a2c39e90264f33305004495a9","hash":"84d9dcc6277f2dd9e1d7fcd014efc751e0c7e8c1"}
,"D:\\lisam\\OSF-Academy\\app\\components\\forms\\password-requirements.jsx": {"path":"D:\\lisam\\OSF-Academy\\app\\components\\forms\\password-requirements.jsx","statementMap":{"0":{"start":{"line":17,"column":28},"end":{"line":36,"column":1}},"1":{"start":{"line":18,"column":23},"end":{"line":27,"column":5}},"2":{"start":{"line":28,"column":4},"end":{"line":35,"column":5}},"3":{"start":{"line":38,"column":0},"end":{"line":44,"column":1}},"4":{"start":{"line":50,"column":29},"end":{"line":92,"column":1}},"5":{"start":{"line":51,"column":26},"end":{"line":51,"column":49}},"6":{"start":{"line":53,"column":4},"end":{"line":91,"column":5}},"7":{"start":{"line":94,"column":0},"end":{"line":97,"column":1}}},"fnMap":{"0":{"name":"(anonymous_0)","decl":{"start":{"line":17,"column":28},"end":{"line":17,"column":29}},"loc":{"start":{"line":17,"column":53},"end":{"line":36,"column":1}},"line":17},"1":{"name":"(anonymous_1)","decl":{"start":{"line":50,"column":29},"end":{"line":50,"column":30}},"loc":{"start":{"line":50,"column":42},"end":{"line":92,"column":1}},"line":50}},"branchMap":{"0":{"loc":{"start":{"line":20,"column":12},"end":{"line":20,"column":37}},"type":"cond-expr","locations":[{"start":{"line":20,"column":22},"end":{"line":20,"column":28}},{"start":{"line":20,"column":31},"end":{"line":20,"column":37}}],"line":20},"1":{"loc":{"start":{"line":21,"column":12},"end":{"line":21,"column":36}},"type":"cond-expr","locations":[{"start":{"line":21,"column":22},"end":{"line":21,"column":27}},{"start":{"line":21,"column":30},"end":{"line":21,"column":36}}],"line":21},"2":{"loc":{"start":{"line":22,"column":17},"end":{"line":22,"column":37}},"type":"cond-expr","locations":[{"start":{"line":22,"column":27},"end":{"line":22,"column":28}},{"start":{"line":22,"column":31},"end":{"line":22,"column":37}}],"line":22},"3":{"loc":{"start":{"line":23,"column":15},"end":{"line":23,"column":46}},"type":"cond-expr","locations":[{"start":{"line":23,"column":25},"end":{"line":23,"column":36}},{"start":{"line":23,"column":39},"end":{"line":23,"column":46}}],"line":23},"4":{"loc":{"start":{"line":24,"column":16},"end":{"line":24,"column":47}},"type":"cond-expr","locations":[{"start":{"line":24,"column":27},"end":{"line":24,"column":38}},{"start":{"line":24,"column":41},"end":{"line":24,"column":47}}],"line":24}},"s":{"0":71,"1":410,"2":410,"3":71,"4":71,"5":82,"6":82,"7":71},"f":{"0":410,"1":82},"b":{"0":[224,186],"1":[224,186],"2":[224,186],"3":[224,186],"4":[186,224]},"_coverageSchema":"1a1c01bbd47fc00a2c39e90264f33305004495a9","hash":"2147541514910f21fb4e1c483ae0e89d90c2d429"}
,"D:\\lisam\\OSF-Academy\\app\\components\\forms\\post-checkout-registration-fields.jsx": {"path":"D:\\lisam\\OSF-Academy\\app\\components\\forms\\post-checkout-registration-fields.jsx","statementMap":{"0":{"start":{"line":14,"column":39},"end":{"line":33,"column":1}},"1":{"start":{"line":15,"column":19},"end":{"line":15,"column":56}},"2":{"start":{"line":16,"column":21},"end":{"line":16,"column":52}},"3":{"start":{"line":18,"column":4},"end":{"line":32,"column":5}},"4":{"start":{"line":35,"column":0},"end":{"line":41,"column":1}}},"fnMap":{"0":{"name":"(anonymous_0)","decl":{"start":{"line":14,"column":39},"end":{"line":14,"column":40}},"loc":{"start":{"line":14,"column":64},"end":{"line":33,"column":1}},"line":14}},"branchMap":{"0":{"loc":{"start":{"line":14,"column":47},"end":{"line":14,"column":58}},"type":"default-arg","locations":[{"start":{"line":14,"column":56},"end":{"line":14,"column":58}}],"line":14}},"s":{"0":1,"1":29,"2":29,"3":29,"4":1},"f":{"0":29},"b":{"0":[29]},"_coverageSchema":"1a1c01bbd47fc00a2c39e90264f33305004495a9","hash":"b67c454f3ae2e0cc4cd7dc2abc5a529289b1ba25"}
,"D:\\lisam\\OSF-Academy\\app\\components\\forms\\profile-fields.jsx": {"path":"D:\\lisam\\OSF-Academy\\app\\components\\forms\\profile-fields.jsx","statementMap":{"0":{"start":{"line":13,"column":22},"end":{"line":26,"column":1}},"1":{"start":{"line":14,"column":19},"end":{"line":14,"column":51}},"2":{"start":{"line":16,"column":4},"end":{"line":25,"column":5}},"3":{"start":{"line":28,"column":0},"end":{"line":34,"column":1}}},"fnMap":{"0":{"name":"(anonymous_0)","decl":{"start":{"line":13,"column":22},"end":{"line":13,"column":23}},"loc":{"start":{"line":13,"column":47},"end":{"line":26,"column":1}},"line":13}},"branchMap":{"0":{"loc":{"start":{"line":13,"column":30},"end":{"line":13,"column":41}},"type":"default-arg","locations":[{"start":{"line":13,"column":39},"end":{"line":13,"column":41}}],"line":13}},"s":{"0":4,"1":4,"2":4,"3":4},"f":{"0":4},"b":{"0":[4]},"_coverageSchema":"1a1c01bbd47fc00a2c39e90264f33305004495a9","hash":"1aaff26461bca5a1e5f1ec1616dd07aa6aafb16a"}
,"D:\\lisam\\OSF-Academy\\app\\components\\forms\\promo-code-fields.jsx": {"path":"D:\\lisam\\OSF-Academy\\app\\components\\forms\\promo-code-fields.jsx","statementMap":{"0":{"start":{"line":14,"column":24},"end":{"line":33,"column":1}},"1":{"start":{"line":15,"column":19},"end":{"line":15,"column":53}},"2":{"start":{"line":17,"column":17},"end":{"line":17,"column":35}},"3":{"start":{"line":19,"column":4},"end":{"line":32,"column":5}},"4":{"start":{"line":35,"column":0},"end":{"line":41,"column":1}}},"fnMap":{"0":{"name":"(anonymous_0)","decl":{"start":{"line":14,"column":24},"end":{"line":14,"column":25}},"loc":{"start":{"line":14,"column":59},"end":{"line":33,"column":1}},"line":14}},"branchMap":{"0":{"loc":{"start":{"line":14,"column":32},"end":{"line":14,"column":43}},"type":"default-arg","locations":[{"start":{"line":14,"column":41},"end":{"line":14,"column":43}}],"line":14}},"s":{"0":7,"1":63,"2":63,"3":63,"4":7},"f":{"0":63},"b":{"0":[63]},"_coverageSchema":"1a1c01bbd47fc00a2c39e90264f33305004495a9","hash":"4acb9c90cb1732e573d83fec53e5f632c8c06dc8"}
,"D:\\lisam\\OSF-Academy\\app\\components\\forms\\registration-fields.jsx": {"path":"D:\\lisam\\OSF-Academy\\app\\components\\forms\\registration-fields.jsx","statementMap":{"0":{"start":{"line":14,"column":27},"end":{"line":32,"column":1}},"1":{"start":{"line":15,"column":19},"end":{"line":15,"column":56}},"2":{"start":{"line":16,"column":21},"end":{"line":16,"column":43}},"3":{"start":{"line":18,"column":4},"end":{"line":31,"column":5}},"4":{"start":{"line":34,"column":0},"end":{"line":40,"column":1}}},"fnMap":{"0":{"name":"(anonymous_0)","decl":{"start":{"line":14,"column":27},"end":{"line":14,"column":28}},"loc":{"start":{"line":14,"column":52},"end":{"line":32,"column":1}},"line":14}},"branchMap":{"0":{"loc":{"start":{"line":14,"column":35},"end":{"line":14,"column":46}},"type":"default-arg","locations":[{"start":{"line":14,"column":44},"end":{"line":14,"column":46}}],"line":14}},"s":{"0":71,"1":34,"2":34,"3":34,"4":71},"f":{"0":34},"b":{"0":[34]},"_coverageSchema":"1a1c01bbd47fc00a2c39e90264f33305004495a9","hash":"7e81030e67f022d7140842e8d305f0738f9e2c95"}
,"D:\\lisam\\OSF-Academy\\app\\components\\forms\\reset-password-fields.jsx": {"path":"D:\\lisam\\OSF-Academy\\app\\components\\forms\\reset-password-fields.jsx","statementMap":{"0":{"start":{"line":13,"column":28},"end":{"line":21,"column":1}},"1":{"start":{"line":14,"column":19},"end":{"line":14,"column":57}},"2":{"start":{"line":16,"column":4},"end":{"line":20,"column":5}},"3":{"start":{"line":23,"column":0},"end":{"line":29,"column":1}}},"fnMap":{"0":{"name":"(anonymous_0)","decl":{"start":{"line":13,"column":28},"end":{"line":13,"column":29}},"loc":{"start":{"line":13,"column":53},"end":{"line":21,"column":1}},"line":13}},"branchMap":{"0":{"loc":{"start":{"line":13,"column":36},"end":{"line":13,"column":47}},"type":"default-arg","locations":[{"start":{"line":13,"column":45},"end":{"line":13,"column":47}}],"line":13}},"s":{"0":71,"1":15,"2":15,"3":71},"f":{"0":15},"b":{"0":[15]},"_coverageSchema":"1a1c01bbd47fc00a2c39e90264f33305004495a9","hash":"760517c398f1d8731ebe905ccdcece427c5162fb"}
,"D:\\lisam\\OSF-Academy\\app\\components\\forms\\state-province-options.jsx": {"path":"D:\\lisam\\OSF-Academy\\app\\components\\forms\\state-province-options.jsx","statementMap":{"0":{"start":{"line":7,"column":28},"end":{"line":59,"column":1}},"1":{"start":{"line":61,"column":31},"end":{"line":75,"column":1}}},"fnMap":{},"branchMap":{},"s":{"0":6,"1":6},"f":{},"b":{},"_coverageSchema":"1a1c01bbd47fc00a2c39e90264f33305004495a9","hash":"14b7e45d43964feff964edf14b49690d93f72bc9"}
[...]
"locations":[{"start":{"line":222,"column":70},"end":{"line":222,"column":82}},{"start":{"line":222,"column":85},"end":{"line":222,"column":87}}],"line":222},"27":{"loc":{"start":{"line":222,"column":12},"end":{"line":222,"column":67}},"type":"binary-expr","locations":[{"start":{"line":222,"column":12},"end":{"line":222,"column":22}},{"start":{"line":222,"column":26},"end":{"line":222,"column":32}},{"start":{"line":222,"column":36},"end":{"line":222,"column":67}}],"line":222},"28":{"loc":{"start":{"line":224,"column":25},"end":{"line":224,"column":87}},"type":"binary-expr","locations":[{"start":{"line":224,"column":25},"end":{"line":224,"column":32}},{"start":{"line":224,"column":37},"end":{"line":224,"column":41}},{"start":{"line":224,"column":45},"end":{"line":224,"column":51}},{"start":{"line":224,"column":56},"end":{"line":224,"column":87}}],"line":224},"29":{"loc":{"start":{"line":226,"column":8},"end":{"line":231,"column":9}},"type":"if","locations":[{"start":{"line":226,"column":8},"end":{"line":231,"column":9}},{"start":{},"end":{}}],"line":226},"30":{"loc":{"start":{"line":228,"column":12},"end":{"line":228,"column":66}},"type":"binary-expr","locations":[{"start":{"line":228,"column":12},"end":{"line":228,"column":21}},{"start":{"line":228,"column":25},"end":{"line":228,"column":29}},{"start":{"line":228,"column":33},"end":{"line":228,"column":66}}],"line":228},"31":{"loc":{"start":{"line":229,"column":12},"end":{"line":229,"column":74}},"type":"binary-expr","locations":[{"start":{"line":229,"column":12},"end":{"line":229,"column":23}},{"start":{"line":229,"column":27},"end":{"line":229,"column":33}},{"start":{"line":229,"column":37},"end":{"line":229,"column":74}}],"line":229},"32":{"loc":{"start":{"line":256,"column":8},"end":{"line":258,"column":9}},"type":"if","locations":[{"start":{"line":256,"column":8},"end":{"line":258,"column":9}},{"start":{},"end":{}}],"line":256},"33":{"loc":{"start":{"line":264,"column":25},"end":{"line":264,"column":40}},"type":"binary-expr","locations":[{"start":{"line":264,"column":25},"end":{"line":264,"column":33}},{"start":{"line":264,"column":37},"end":{"line":264,"column":40}}],"line":264},"34":{"loc":{"start":{"line":278,"column":41},"end":{"line":278,"column":54}},"type":"default-arg","locations":[{"start":{"line":278,"column":52},"end":{"line":278,"column":54}}],"line":278},"35":{"loc":{"start":{"line":282,"column":4},"end":{"line":284,"column":5}},"type":"if","locations":[{"start":{"line":282,"column":4},"end":{"line":284,"column":5}},{"start":{},"end":{}}],"line":282},"36":{"loc":{"start":{"line":286,"column":4},"end":{"line":288,"column":5}},"type":"if","locations":[{"start":{"line":286,"column":4},"end":{"line":288,"column":5}},{"start":{},"end":{}}],"line":286}},"s":{"0":79,"1":95,"2":79,"3":177,"4":177,"5":177,"6":177,"7":177,"8":79,"9":608,"10":1300,"11":1,"12":1299,"13":79,"14":81,"15":165,"16":79,"17":115,"18":79,"19":322,"20":79,"21":8,"22":79,"23":5,"24":5,"25":5,"26":5,"27":3,"28":3,"29":5,"30":3,"31":3,"32":5,"33":5,"34":5,"35":5,"36":5,"37":1,"38":1,"39":5,"40":5,"41":5,"42":5,"43":79,"44":365,"45":365,"46":365,"47":365,"48":365,"49":365,"50":365,"51":365,"52":365,"53":365,"54":365,"55":365,"56":1145,"57":1145,"58":1145,"59":1145,"60":1145,"61":1145,"62":29,"63":29,"64":29,"65":29,"66":1145,"67":79,"68":15,"69":15,"70":15,"71":56,"72":4,"73":15,"74":15,"75":79,"76":26,"77":26,"78":2,"79":26,"80":2,"81":26},"f":{"0":95,"1":177,"2":608,"3":1300,"4":81,"5":165,"6":115,"7":322,"8":8,"9":5,"10":1,"11":365,"12":1145,"13":15,"14":56,"15":26},"b":{"0":[177,0],"1":[1,1299],"2":[1300,145],"3":[1],"4":[1],"5":[1],"6":[28],"7":[0],"8":[5,0],"9":[3,2],"10":[3,2],"11":[4],"12":[1,4],"13":[1,4],"14":[5,0],"15":[5,1],"16":[365,311,311],"17":[365,41,0],"18":[365,32,357,24,24],"19":[365,31,358,24,24],"20":[365,345],"21":[365,303,86,24,24],"22":[365,304,85,24,24],"23":[1145,155,155,155,136,10,0],"24":[960,185],"25":[1145,1071,1071],"26":[960,185],"27":[1145,1072,1071],"28":[1145,34,0,34],"29":[29,1116],"30":[29,17,17],"31":[29,16,16],"32":[4,52],"33":[15,1],"34":[1],"35":[2,24],"36":[2,24]},"_coverageSchema":"1a1c01bbd47fc00a2c39e90264f33305004495a9","hash":"f83460ee7d65b3a3d0b3932900f39a3021c245bb"}
,"D:\\lisam\\OSF-Academy\\app\\utils\\utils.js": {"path":"D:\\lisam\\OSF-Academy\\app\\utils\\utils.js","statementMap":{"0":{"start":{"line":14,"column":35},"end":{"line":20,"column":1}},"1":{"start":{"line":15,"column":4},"end":{"line":19,"column":5}},"2":{"start":{"line":16,"column":8},"end":{"line":16,"column":45}},"3":{"start":{"line":18,"column":8},"end":{"line":18,"column":40}},"4":{"start":{"line":18,"column":32},"end":{"line":18,"column":36}},"5":{"start":{"line":22,"column":33},"end":{"line":32,"column":1}},"6":{"start":{"line":23,"column":16},"end":{"line":23,"column":37}},"7":{"start":{"line":23,"column":22},"end":{"line":23,"column":37}},"8":{"start":{"line":24,"column":15},"end":{"line":24,"column":35}},"9":{"start":{"line":24,"column":21},"end":{"line":24,"column":35}},"10":{"start":{"line":25,"column":4},"end":{"line":25,"column":40}},"11":{"start":{"line":26,"column":4},"end":{"line":26,"column":38}},"12":{"start":{"line":27,"column":24},"end":{"line":30,"column":5}},"13":{"start":{"line":28,"column":8},"end":{"line":28,"column":47}},"14":{"start":{"line":29,"column":8},"end":{"line":29,"column":45}},"15":{"start":{"line":31,"column":4},"end":{"line":31,"column":22}},"16":{"start":{"line":40,"column":29},"end":{"line":52,"column":1}},"17":{"start":{"line":41,"column":4},"end":{"line":45,"column":5}},"18":{"start":{"line":42,"column":8},"end":{"line":44,"column":9}},"19":{"start":{"line":43,"column":12},"end":{"line":43,"column":24}},"20":{"start":{"line":46,"column":4},"end":{"line":50,"column":5}},"21":{"start":{"line":47,"column":8},"end":{"line":49,"column":9}},"22":{"start":{"line":48,"column":12},"end":{"line":48,"column":24}},"23":{"start":{"line":51,"column":4},"end":{"line":51,"column":15}},"24":{"start":{"line":60,"column":20},"end":{"line":60,"column":28}},"25":{"start":{"line":67,"column":23},"end":{"line":78,"column":1}},"26":{"start":{"line":68,"column":21},"end":{"line":72,"column":10}},"27":{"start":{"line":69,"column":8},"end":{"line":71,"column":31}},"28":{"start":{"line":74,"column":4},"end":{"line":77,"column":5}},"29":{"start":{"line":85,"column":24},"end":{"line":85,"column":53}},"30":{"start":{"line":92,"column":34},"end":{"line":102,"column":1}},"31":{"start":{"line":93,"column":4},"end":{"line":95,"column":5}},"32":{"start":{"line":94,"column":8},"end":{"line":94,"column":24}},"33":{"start":{"line":96,"column":17},"end":{"line":96,"column":51}},"34":{"start":{"line":97,"column":4},"end":{"line":101,"column":5}},"35":{"start":{"line":98,"column":8},"end":{"line":98,"column":31}},"36":{"start":{"line":100,"column":8},"end":{"line":100,"column":24}},"37":{"start":{"line":108,"column":34},"end":{"line":110,"column":1}},"38":{"start":{"line":109,"column":4},"end":{"line":109,"column":61}},"39":{"start":{"line":116,"column":36},"end":{"line":118,"column":1}},"40":{"start":{"line":117,"column":4},"end":{"line":117,"column":41}},"41":{"start":{"line":125,"column":32},"end":{"line":125,"column":88}},"42":{"start":{"line":125,"column":41},"end":{"line":125,"column":88}},"43":{"start":{"line":133,"column":26},"end":{"line":135,"column":1}},"44":{"start":{"line":134,"column":4},"end":{"line":134,"column":82}},"45":{"start":{"line":142,"column":26},"end":{"line":148,"column":1}},"46":{"start":{"line":143,"column":4},"end":{"line":147,"column":18}},"47":{"start":{"line":146,"column":20},"end":{"line":146,"column":62}},"48":{"start":{"line":150,"column":20},"end":{"line":157,"column":1}},"49":{"start":{"line":151,"column":4},"end":{"line":153,"column":5}},"50":{"start":{"line":152,"column":8},"end":{"line":152,"column":18}},"51":{"start":{"line":154,"column":4},"end":{"line":156,"column":6}},"52":{"start":{"line":155,"column":8},"end":{"line":155,"column":34}},"53":{"start":{"line":159,"column":22},"end":{"line":161,"column":1}},"54":{"start":{"line":160,"column":4},"end":{"line":160,"column":82}},"55":{"start":{"line":163,"column":27},"end":{"line":177,"column":1}},"56":{"start":{"line":164,"column":4},"end":{"line":174,"column":5}},"57":{"start":{"line":165,"column":18},"end":{"line":165,"column":20}},"58":{"start":{"line":167,"column":8},"end":{"line":169,"column":10}},"59":{"start":{"line":168,"column":12},"end":{"line":168,"column":51}},"60":{"start":{"line":171,"column":8},"end":{"line":171,"column":16}},"61":{"start":{"line":172,"column":11},"end":{"line":174,"column":5}},"62":{"start":{"line":173,"column":8},"end":{"line":173,"column":35}},"63":{"start":{"line":176,"column":4},"end":{"line":176,"column":14}},"64":{"start":{"line":189,"column":33},"end":{"line":195,"column":1}},"65":{"start":{"line":190,"column":19},"end":{"line":193,"column":6}},"66":{"start":{"line":191,"column":22},"end":{"line":191,"column":64}},"67":{"start":{"line":191,"column":43},"end":{"line":191,"column":63}},"68":{"start":{"line":192,"column":8},"end":{"line":192,"column":49}},"69":{"start":{"line":194,"column":4},"end":{"line":194,"column":17}},"70":{"start":{"line":201,"column":26},"end":{"line":201,"column":86}},"71":{"start":{"line":201,"column":32},"end":{"line":201,"column":86}}},"fnMap":{"0":{"name":"(anonymous_0)","decl":{"start":{"line":14,"column":35},"end":{"line":14,"column":36}},"loc":{"start":{"line":14,"column":43},"end":{"line":20,"column":1}},"line":14},"1":{"name":"(anonymous_1)","decl":{"start":{"line":18,"column":26},"end":{"line":18,"column":27}},"loc":{"start":{"line":18,"column":32},"end":{"line":18,"column":36}},"line":18},"2":{"name":"(anonymous_2)","decl":{"start":{"line":22,"column":33},"end":{"line":22,"column":34}},"loc":{"start":{"line":22,"column":61},"end":{"line":32,"column":1}},"line":22},"3":{"name":"(anonymous_3)","decl":{"start":{"line":23,"column":16},"end":{"line":23,"column":17}},"loc":{"start":{"line":23,"column":22},"end":{"line":23,"column":37}},"line":23},"4":{"name":"(anonymous_4)","decl":{"start":{"line":24,"column":15},"end":{"line":24,"column":16}},"loc":{"start":{"line":24,"column":21},"end":{"line":24,"column":35}},"line":24},"5":{"name":"(anonymous_5)","decl":{"start":{"line":27,"column":24},"end":{"line":27,"column":25}},"loc":{"start":{"line":27,"column":30},"end":{"line":30,"column":5}},"line":27},"6":{"name":"(anonymous_6)","decl":{"start":{"line":40,"column":29},"end":{"line":40,"column":30}},"loc":{"start":{"line":40,"column":39},"end":{"line":52,"column":1}},"line":40},"7":{"name":"(anonymous_7)","decl":{"start":{"line":60,"column":20},"end":{"line":60,"column":21}},"loc":{"start":{"line":60,"column":26},"end":{"line":60,"column":28}},"line":60},"8":{"name":"(anonymous_8)","decl":{"start":{"line":67,"column":23},"end":{"line":67,"column":24}},"loc":{"start":{"line":67,"column":51},"end":{"line":78,"column":1}},"line":67},"9":{"name":"(anonymous_9)","decl":{"start":{"line":68,"column":46},"end":{"line":68,"column":47}},"loc":{"start":{"line":68,"column":56},"end":{"line":72,"column":5}},"line":68},"10":{"name":"(anonymous_10)","decl":{"start":{"line":92,"column":34},"end":{"line":92,"column":35}},"loc":{"start":{"line":92,"column":43},"end":{"line":102,"column":1}},"line":92},"11":{"name":"(anonymous_11)","decl":{"start":{"line":108,"column":34},"end":{"line":108,"column":35}},"loc":{"start":{"line":108,"column":50},"end":{"line":110,"column":1}},"line":108},"12":{"name":"(anonymous_12)","decl":{"start":{"line":116,"column":36},"end":{"line":116,"column":37}},"loc":{"start":{"line":116,"column":45},"end":{"line":118,"column":1}},"line":116},"13":{"name":"(anonymous_13)","decl":{"start":{"line":125,"column":32},"end":{"line":125,"column":33}},"loc":{"start":{"line":125,"column":41},"end":{"line":125,"column":88}},"line":125},"14":{"name":"(anonymous_14)","decl":{"start":{"line":133,"column":26},"end":{"line":133,"column":27}},"loc":{"start":{"line":133,"column":43},"end":{"line":135,"column":1}},"line":133},"15":{"name":"(anonymous_15)","decl":{"start":{"line":142,"column":26},"end":{"line":142,"column":27}},"loc":{"start":{"line":142,"column":36},"end":{"line":148,"column":1}},"line":142},"16":{"name":"(anonymous_16)","decl":{"start":{"line":146,"column":13},"end":{"line":146,"column":14}},"loc":{"start":{"line":146,"column":20},"end":{"line":146,"column":62}},"line":146},"17":{"name":"(anonymous_17)","decl":{"start":{"line":150,"column":20},"end":{"line":150,"column":21}},"loc":{"start":{"line":150,"column":29},"end":{"line":157,"column":1}},"line":150},"18":{"name":"(anonymous_18)","decl":{"start":{"line":154,"column":40},"end":{"line":154,"column":41}},"loc":{"start":{"line":154,"column":48},"end":{"line":156,"column":5}},"line":154},"19":{"name":"(anonymous_19)","decl":{"start":{"line":159,"column":22},"end":{"line":159,"column":23}},"loc":{"start":{"line":159,"column":31},"end":{"line":161,"column":1}},"line":159},"20":{"name":"(anonymous_20)","decl":{"start":{"line":163,"column":27},"end":{"line":163,"column":28}},"loc":{"start":{"line":163,"column":36},"end":{"line":177,"column":1}},"line":163},"21":{"name":"(anonymous_21)","decl":{"start":{"line":167,"column":33},"end":{"line":167,"column":34}},"loc":{"start":{"line":167,"column":40},"end":{"line":169,"column":9}},"line":167},"22":{"name":"(anonymous_22)","decl":{"start":{"line":189,"column":33},"end":{"line":189,"column":34}},"loc":{"start":{"line":189,"column":59},"end":{"line":195,"column":1}},"line":189},"23":{"name":"(anonymous_23)","decl":{"start":{"line":190,"column":28},"end":{"line":190,"column":29}},"loc":{"start":{"line":190,"column":38},"end":{"line":193,"column":5}},"line":190},"24":{"name":"(anonymous_24)","decl":{"start":{"line":191,"column":32},"end":{"line":191,"column":33}},"loc":{"start":{"line":191,"column":43},"end":{"line":191,"column":63}},"line":191},"25":{"name":"(anonymous_25)","decl":{"start":{"line":201,"column":26},"end":{"line":201,"column":27}},"loc":{"start":{"line":201,"column":32},"end":{"line":201,"column":86}},"line":201}},"branchMap":{"0":{"loc":{"start":{"line":15,"column":4},"end":{"line":19,"column":5}},"type":"if","locations":[{"start":{"line":15,"column":4},"end":{"line":19,"column":5}},{"start":{"line":17,"column":11},"end":{"line":19,"column":5}}],"line":15},"1":{"loc":{"start":{"line":22,"column":44},"end":{"line":22,"column":56}},"type":"default-arg","locations":[{"start":{"line":22,"column":50},"end":{"line":22,"column":56}}],"line":22},"2":{"loc":{"start":{"line":42,"column":8},"end":{"line":44,"column":9}},"type":"if","locations":[{"start":{"line":42,"column":8},"end":{"line":44,"column":9}},{"start":{},"end":{}}],"line":42},"3":{"loc":{"start":{"line":42,"column":12},"end":{"line":42,"column":44}},"type":"binary-expr","locations":[{"start":{"line":42,"column":12},"end":{"line":42,"column":23}},{"start":{"line":42,"column":27},"end":{"line":42,"column":44}}],"line":42},"4":{"loc":{"start":{"line":47,"column":8},"end":{"line":49,"column":9}},"type":"if","locations":[{"start":{"line":47,"column":8},"end":{"line":49,"column":9}},{"start":{},"end":{}}],"line":47},"5":{"loc":{"start":{"line":47,"column":12},"end":{"line":47,"column":44}},"type":"binary-expr","locations":[{"start":{"line":47,"column":12},"end":{"line":47,"column":23}},{"start":{"line":47,"column":27},"end":{"line":47,"column":44}}],"line":47},"6":{"loc":{"start":{"line":67,"column":30},"end":{"line":67,"column":46}},"type":"default-arg","locations":[{"start":{"line":67,"column":36},"end":{"line":67,"column":46}}],"line":67},"7":{"loc":{"start":{"line":68,"column":22},"end":{"line":68,"column":37}},"type":"binary-expr","locations":[{"start":{"line":68,"column":22},"end":{"line":68,"column":31}},{"start":{"line":68,"column":35},"end":{"line":68,"column":37}}],"line":68},"8":{"loc":{"start":{"line":69,"column":15},"end":{"line":71,"column":31}},"type":"cond-expr","locations":[{"start":{"line":70,"column":14},"end":{"line":70,"column":40}},{"start":{"line":71,"column":14},"end":{"line":71,"column":31}}],"line":69},"9":{"loc":{"start":{"line":69,"column":15},"end":{"line":69,"column":55}},"type":"binary-expr","locations":[{"start":{"line":69,"column":15},"end":{"line":69,"column":36}},{"start":{"line":69,"column":40},"end":{"line":69,"column":55}}],"line":69},"10":{"loc":{"start":{"line":93,"column":4},"end":{"line":95,"column":5}},"type":"if","locations":[{"start":{"line":93,"column":4},"end":{"line":95,"column":5}},{"start":{},"end":{}}],"line":93},"11":{"loc":{"start":{"line":97,"column":4},"end":{"line":101,"column":5}},"type":"if","locations":[{"start":{"line":97,"column":4},"end":{"line":101,"column":5}},{"start":{"line":99,"column":11},"end":{"line":101,"column":5}}],"line":97},"12":{"loc":{"start":{"line":151,"column":4},"end":{"line":153,"column":5}},"type":"if","locations":[{"start":{"line":151,"column":4},"end":{"line":153,"column":5}},{"start":{},"end":{}}],"line":151},"13":{"loc":{"start":{"line":151,"column":8},"end":{"line":151,"column":51}},"type":"binary-expr","locations":[{"start":{"line":151,"column":8},"end":{"line":151,"column":27}},{"start":{"line":151,"column":31},"end":{"line":151,"column":51}}],"line":151},"14":{"loc":{"start":{"line":160,"column":11},"end":{"line":160,"column":82}},"type":"binary-expr","locations":[{"start":{"line":160,"column":11},"end":{"line":160,"column":30}},{"start":{"line":160,"column":34},"end":{"line":160,"column":53}},{"start":{"line":160,"column":57},"end":{"line":160,"column":82}}],"line":160},"15":{"loc":{"start":{"line":164,"column":4},"end":{"line":174,"column":5}},"type":"if","locations":[{"start":{"line":164,"column":4},"end":{"line":174,"column":5}},{"start":{"line":172,"column":11},"end":{"line":174,"column":5}}],"line":164},"16":{"loc":{"start":{"line":172,"column":11},"end":{"line":174,"column":5}},"type":"if","locations":[{"start":{"line":172,"column":11},"end":{"line":174,"column":5}},{"start":{},"end":{}}],"line":172},"17":{"loc":{"start":{"line":189,"column":34},"end":{"line":189,"column":43}},"type":"default-arg","locations":[{"start":{"line":189,"column":41},"end":{"line":189,"column":43}}],"line":189},"18":{"loc":{"start":{"line":189,"column":45},"end":{"line":189,"column":54}},"type":"default-arg","locations":[{"start":{"line":189,"column":52},"end":{"line":189,"column":54}}],"line":189},"19":{"loc":{"start":{"line":192,"column":15},"end":{"line":192,"column":49}},"type":"cond-expr","locations":[{"start":{"line":192,"column":23},"end":{"line":192,"column":42}},{"start":{"line":192,"column":45},"end":{"line":192,"column":49}}],"line":192},"20":{"loc":{"start":{"line":201,"column":32},"end":{"line":201,"column":86}},"type":"binary-expr","locations":[{"start":{"line":201,"column":32},"end":{"line":201,"column":61}},{"start":{"line":201,"column":65},"end":{"line":201,"column":86}}],"line":201}},"s":{"0":74,"1":2,"2":1,"3":1,"4":1,"5":74,"6":4,"7":1,"8":4,"9":2,"10":4,"11":4,"12":4,"13":1,"14":1,"15":4,"16":74,"17":11,"18":33,"19":8,"20":3,"21":20,"22":1,"23":2,"24":74,"25":74,"26":11,"27":2,"28":11,"29":74,"30":74,"31":63,"32":0,"33":63,"34":63,"35":19,"36":44,"37":74,"38":8,"39":74,"40":10,"41":74,"42":24,"43":74,"44":23,"45":74,"46":22,"47":24,"48":74,"49":41,"50":4,"51":37,"52":19,"53":74,"54":163,"55":74,"56":163,"57":123,"58":123,"59":41,"60":123,"61":40,"62":6,"63":34,"64":74,"65":9,"66":0,"67":0,"68":0,"69":9,"70":74,"71":112},"f":{"0":2,"1":1,"2":4,"3":1,"4":2,"5":1,"6":11,"7":0,"8":11,"9":2,"10":63,"11":8,"12":10,"13":24,"14":23,"15":22,"16":24,"17":41,"18":19,"19":163,"20":163,"21":41,"22":9,"23":0,"24":0,"25":112},"b":{"0":[1,1],"1":[3],"2":[8,25],"3":[33,33],"4":[1,19],"5":[20,19],"6":[1],"7":[11,0],"8":[1,1],"9":[2,1],"10":[0,63],"11":[19,44],"12":[4,37],"13":[41,39],"14":[163,129,123],"15":[123,40],"16":[6,34],"17":[0],"18":[0],"19":[0,0],"20":[112,112]},"_coverageSchema":"1a1c01bbd47fc00a2c39e90264f33305004495a9","hash":"43785f277642384a828c1b3269dbc20da4907481"}
}
