TN:
SF:app\constants.js
FNF:0
FNH:0
DA:11,81
DA:12,81
DA:13,81
DA:16,81
DA:17,81
DA:20,81
DA:23,81
DA:24,81
DA:25,81
DA:28,81
DA:29,81
DA:32,81
DA:33,81
DA:35,81
DA:56,81
DA:58,81
DA:60,81
DA:65,81
DA:67,81
DA:79,81
DA:84,81
DA:89,81
DA:94,81
DA:100,81
DA:111,81
LF:25
LH:25
BRF:0
BRH:0
end_of_record
TN:
SF:app\request-processor.js
FN:57,(anonymous_0)
FN:96,(anonymous_1)
FNF:2
FNH:2
FNDA:2,(anonymous_0)
FNDA:4,(anonymous_1)
DA:57,1
DA:70,2
DA:83,2
DA:84,1
DA:85,1
DA:89,2
DA:93,2
DA:96,4
DA:101,2
DA:114,2
LF:10
LH:10
BRDA:83,0,0,1
BRDA:83,0,1,1
BRF:2
BRH:2
end_of_record
TN:
SF:app\components\_app\index.jsx
FN:87,(anonymous_0)
FN:94,(anonymous_1)
FN:98,(anonymous_2)
FN:99,(anonymous_3)
FN:100,(anonymous_4)
FN:119,(anonymous_5)
FN:139,(anonymous_6)
FN:165,(anonymous_7)
FN:179,(anonymous_8)
FN:181,(anonymous_9)
FN:181,(anonymous_10)
FN:209,(anonymous_11)
FN:218,(anonymous_12)
FN:228,(anonymous_13)
FN:245,(anonymous_14)
FN:247,(anonymous_15)
FN:250,(anonymous_16)
FN:265,(anonymous_17)
FN:271,(anonymous_18)
FN:281,(anonymous_19)
FN:289,(anonymous_20)
FN:301,(anonymous_21)
FN:309,(anonymous_22)
FN:343,(anonymous_23)
FN:471,(anonymous_24)
FN:482,(anonymous_25)
FN:490,(anonymous_26)
FNF:27
FNH:13
FNDA:9,(anonymous_0)
FNDA:0,(anonymous_1)
FNDA:0,(anonymous_2)
FNDA:0,(anonymous_3)
FNDA:0,(anonymous_4)
FNDA:9,(anonymous_5)
FNDA:9,(anonymous_6)
FNDA:0,(anonymous_7)
FNDA:3,(anonymous_8)
FNDA:0,(anonymous_9)
FNDA:0,(anonymous_10)
FNDA:6,(anonymous_11)
FNDA:6,(anonymous_12)
FNDA:6,(anonymous_13)
FNDA:3,(anonymous_14)
FNDA:0,(anonymous_15)
FNDA:3,(anonymous_16)
FNDA:3,(anonymous_17)
FNDA:0,(anonymous_18)
FNDA:0,(anonymous_19)
FNDA:0,(anonymous_20)
FNDA:0,(anonymous_21)
FNDA:435,(anonymous_22)
FNDA:27,(anonymous_23)
FNDA:9,(anonymous_24)
FNDA:0,(anonymous_25)
FNDA:0,(anonymous_26)
DA:80,1
DA:87,1
DA:88,9
DA:90,9
DA:94,9
DA:95,9
DA:98,9
DA:99,9
DA:100,9
DA:101,9
DA:114,1
DA:119,1
DA:120,9
DA:121,9
DA:122,9
DA:123,9
DA:124,9
DA:126,9
DA:127,9
DA:128,9
DA:129,9
DA:130,9
DA:132,9
DA:133,9
DA:134,9
DA:136,9
DA:138,9
DA:151,9
DA:158,9
DA:163,9
DA:166,0
DA:169,0
DA:171,0
DA:177,9
DA:180,3
DA:181,0
DA:182,0
DA:183,0
DA:190,9
DA:192,9
DA:194,9
DA:198,9
DA:199,9
DA:203,9
DA:205,9
DA:206,9
DA:207,9
DA:209,9
DA:211,6
DA:212,0
DA:218,9
DA:220,6
DA:221,1
DA:228,9
DA:230,6
DA:236,2
DA:245,9
DA:247,3
DA:248,0
DA:250,3
DA:251,3
DA:254,0
DA:255,0
DA:256,0
DA:257,0
DA:258,0
DA:262,3
DA:265,9
DA:268,3
DA:271,9
DA:273,0
DA:275,0
DA:278,0
DA:281,9
DA:282,0
DA:283,0
DA:286,0
DA:289,9
DA:291,0
DA:292,0
DA:293,0
DA:296,0
DA:297,0
DA:301,9
DA:302,0
DA:303,0
DA:305,9
DA:310,435
DA:313,435
DA:315,0
DA:318,0
DA:319,0
DA:321,0
DA:344,27
DA:461,1
DA:471,1
DA:472,9
DA:473,9
DA:476,9
DA:479,9
DA:480,9
DA:482,9
DA:483,0
DA:491,0
DA:492,0
DA:498,0
DA:504,9
DA:505,9
LF:108
LH:74
BRDA:96,0,0,9
BRDA:96,0,1,9
BRDA:107,1,0,9
BRDA:107,1,1,9
BRDA:122,2,0,9
BRDA:122,2,1,0
BRDA:151,3,0,9
BRDA:151,3,1,9
BRDA:166,4,0,0
BRDA:166,4,1,0
BRDA:194,5,0,9
BRDA:194,5,1,9
BRDA:201,6,0,9
BRDA:201,6,1,8
BRDA:211,7,0,0
BRDA:211,7,1,6
BRDA:220,8,0,1
BRDA:220,8,1,5
BRDA:220,9,0,6
BRDA:220,9,1,3
BRDA:230,10,0,2
BRDA:230,10,1,4
BRDA:231,11,0,6
BRDA:231,11,1,2
BRDA:231,11,2,2
BRDA:231,11,3,2
BRDA:254,12,0,0
BRDA:254,12,1,0
BRDA:257,13,0,0
BRDA:257,13,1,0
BRDA:291,14,0,0
BRDA:291,14,1,0
BRDA:296,15,0,0
BRDA:296,15,1,0
BRDA:310,16,0,435
BRDA:310,16,1,0
BRDA:315,17,0,0
BRDA:315,17,1,0
BRDA:367,18,0,9
BRDA:367,18,1,0
BRDA:401,19,0,9
BRDA:401,19,1,0
BRDA:402,20,0,9
BRDA:402,20,1,0
BRDA:443,21,0,9
BRDA:443,21,1,0
BRDA:446,22,0,9
BRDA:446,22,1,0
BRDA:471,23,0,9
BRDA:501,24,0,0
BRDA:501,24,1,0
BRF:51
BRH:29
end_of_record
TN:
SF:app\components\_app-config\index.jsx
FN:37,(anonymous_0)
FN:68,(anonymous_1)
FN:90,(anonymous_2)
FN:92,(anonymous_3)
FNF:4
FNH:3
FNDA:1,(anonymous_0)
FNDA:2,(anonymous_1)
FNDA:1,(anonymous_2)
FNDA:0,(anonymous_3)
DA:37,1
DA:38,1
DA:39,1
DA:43,1
DA:45,1
DA:47,1
DA:68,1
DA:70,2
DA:73,2
DA:74,2
DA:76,2
DA:77,2
DA:82,2
DA:84,2
DA:85,2
DA:86,2
DA:87,2
DA:90,1
DA:92,1
DA:93,0
DA:100,1
DA:105,1
DA:110,1
LF:23
LH:22
BRDA:37,0,0,0
BRDA:68,1,0,1
BRDA:70,2,0,0
BRDA:70,2,1,2
BRDA:84,3,0,2
BRDA:84,3,1,0
BRDA:92,4,0,0
BRDA:117,5,0,0
BRDA:117,5,1,1
BRF:9
BRH:4
end_of_record
TN:
SF:app\components\_app\partials\above-header.jsx
FN:8,(anonymous_0)
FNF:1
FNH:1
FNDA:7,(anonymous_0)
DA:8,7
LF:1
LH:1
BRF:0
BRH:0
end_of_record
TN:
SF:app\components\_error\index.jsx
FN:31,(anonymous_0)
FN:55,(anonymous_1)
FN:110,(anonymous_2)
FNF:3
FNH:1
FNDA:3,(anonymous_0)
FNDA:0,(anonymous_1)
FNDA:0,(anonymous_2)
DA:31,1
DA:32,3
DA:33,3
DA:35,3
DA:36,3
DA:55,0
DA:110,0
DA:141,1
LF:8
LH:6
BRDA:83,0,0,3
BRDA:83,0,1,0
BRDA:115,1,0,3
BRDA:115,1,1,1
BRF:4
BRH:3
end_of_record
TN:
SF:app\components\action-card\index.jsx
FN:19,(anonymous_0)
FN:22,(anonymous_1)
FNF:2
FNH:2
FNDA:51,(anonymous_0)
FNDA:1,(anonymous_1)
DA:19,6
DA:20,51
DA:22,51
DA:23,1
DA:24,1
DA:25,1
DA:27,1
DA:31,51
DA:64,6
LF:9
LH:9
BRDA:41,0,0,51
BRDA:41,0,1,1
BRDA:45,1,0,51
BRDA:45,1,1,39
BRDA:50,2,0,51
BRDA:50,2,1,39
BRF:6
BRH:6
end_of_record
TN:
SF:app\components\address-display\index.jsx
FN:11,(anonymous_0)
FNF:1
FNH:1
FNDA:162,(anonymous_0)
DA:11,7
DA:12,162
DA:26,7
LF:3
LH:3
BRF:0
BRH:0
end_of_record
TN:
SF:app\components\basic-tile\index.jsx
FN:26,(anonymous_0)
FNF:1
FNH:1
FNDA:1,(anonymous_0)
DA:26,1
DA:27,1
DA:28,1
DA:29,1
DA:60,1
DA:62,1
LF:6
LH:6
BRF:0
BRH:0
end_of_record
TN:
SF:app\components\breadcrumb\index.jsx
FN:32,(anonymous_0)
FN:43,(anonymous_1)
FNF:2
FNH:2
FNDA:87,(anonymous_0)
FNDA:99,(anonymous_1)
DA:32,12
DA:33,87
DA:34,87
DA:36,87
DA:44,99
DA:58,12
DA:60,12
LF:7
LH:7
BRF:0
BRH:0
end_of_record
TN:
SF:app\components\confirmation-modal\index.jsx
FN:24,(anonymous_0)
FN:35,(anonymous_1)
FN:40,(anonymous_2)
FNF:3
FNH:3
FNDA:39,(anonymous_0)
FNDA:3,(anonymous_1)
FNDA:1,(anonymous_2)
DA:24,9
DA:33,39
DA:35,39
DA:36,3
DA:37,3
DA:40,39
DA:41,1
DA:42,1
DA:45,39
DA:72,9
LF:10
LH:10
BRDA:25,0,0,8
BRDA:26,1,0,8
BRDA:27,2,0,8
BRDA:28,3,0,8
BRDA:29,4,0,5
BRDA:30,5,0,32
BRF:6
BRH:6
end_of_record
TN:
SF:app\components\display-price\index.jsx
FN:14,(anonymous_0)
FNF:1
FNH:1
FNDA:224,(anonymous_0)
DA:14,71
DA:23,224
DA:24,224
DA:25,224
DA:57,71
LF:5
LH:5
BRDA:17,0,0,188
BRDA:28,1,0,224
BRDA:28,1,1,36
BRDA:34,2,0,224
BRDA:34,2,1,2
BRDA:38,3,0,2
BRDA:38,3,1,0
BRDA:43,4,0,2
BRDA:43,4,1,222
BRDA:44,5,0,2
BRDA:44,5,1,222
BRDA:45,6,0,2
BRDA:45,6,1,222
BRDA:50,7,0,224
BRDA:50,7,1,18
BRF:15
BRH:14
end_of_record
TN:
SF:app\components\drawer-menu\index.jsx
FN:69,(anonymous_0)
FN:84,(anonymous_1)
FN:97,(anonymous_2)
FN:104,(anonymous_3)
FN:107,(anonymous_4)
FN:146,(anonymous_5)
FN:186,(anonymous_6)
FN:189,(anonymous_7)
FN:280,(anonymous_8)
FN:298,(anonymous_9)
FNF:10
FNH:8
FNDA:12,(anonymous_0)
FNDA:15,(anonymous_1)
FNDA:0,(anonymous_2)
FNDA:45,(anonymous_3)
FNDA:5,(anonymous_4)
FNDA:5,(anonymous_5)
FNDA:15,(anonymous_6)
FNDA:8,(anonymous_7)
FNDA:0,(anonymous_8)
FNDA:36,(anonymous_9)
DA:64,2
DA:65,2
DA:66,2
DA:67,2
DA:69,2
DA:70,12
DA:76,2
DA:77,2
DA:84,2
DA:85,15
DA:86,15
DA:87,15
DA:88,15
DA:89,15
DA:90,15
DA:91,15
DA:92,15
DA:93,15
DA:94,15
DA:95,15
DA:96,15
DA:97,15
DA:98,0
DA:99,0
DA:100,0
DA:101,0
DA:104,45
DA:105,15
DA:107,15
DA:108,5
DA:111,15
DA:147,5
DA:187,15
DA:190,8
DA:282,0
DA:285,0
DA:298,36
DA:387,2
DA:389,2
LF:39
LH:33
BRDA:84,0,0,5
BRDA:84,1,0,5
BRDA:134,2,0,15
BRDA:134,2,1,0
BRDA:137,3,0,3
BRDA:137,3,1,12
BRDA:147,4,0,3
BRDA:147,4,1,2
BRDA:184,5,0,13
BRDA:184,5,1,2
BRDA:190,6,0,8
BRDA:190,6,1,5
BRDA:274,7,0,15
BRDA:274,7,1,15
BRF:14
BRH:13
end_of_record
TN:
SF:app\components\dynamic-image\index.jsx
FN:21,(anonymous_0)
FN:26,(anonymous_1)
FNF:2
FNH:2
FNDA:411,(anonymous_0)
FNDA:411,(anonymous_1)
DA:21,71
DA:22,411
DA:23,411
DA:25,411
DA:26,411
DA:30,411
DA:37,71
LF:7
LH:7
BRDA:22,0,0,0
BRDA:22,0,1,411
BRF:2
BRH:1
end_of_record
TN:
SF:app\components\field\index.jsx
FN:23,(anonymous_0)
FN:48,(anonymous_1)
FN:88,(anonymous_2)
FN:101,(anonymous_3)
FN:112,(anonymous_4)
FNF:5
FNH:3
FNDA:956,(anonymous_0)
FNDA:1309,(anonymous_1)
FNDA:0,(anonymous_2)
FNDA:1884,(anonymous_3)
FNDA:0,(anonymous_4)
DA:23,71
DA:38,956
DA:39,956
DA:41,956
DA:42,956
DA:50,1309
DA:52,1309
DA:88,0
DA:102,1884
DA:112,0
DA:135,71
LF:11
LH:9
BRDA:27,0,0,0
BRDA:28,1,0,892
BRDA:29,2,0,72
BRDA:39,3,0,956
BRDA:39,3,1,0
BRDA:41,4,0,167
BRDA:41,4,1,789
BRDA:41,5,0,956
BRDA:41,5,1,167
BRDA:41,6,0,0
BRDA:41,6,1,789
BRDA:50,7,0,197
BRDA:50,7,1,1112
BRDA:54,8,0,1309
BRDA:54,8,1,1251
BRDA:54,8,2,1155
BRDA:54,8,3,1073
BRDA:59,9,0,1309
BRDA:59,9,1,1088
BRDA:72,10,0,1309
BRDA:72,10,1,96
BRDA:82,11,0,1309
BRDA:82,11,1,207
BRDA:93,12,0,1309
BRDA:93,12,1,67
BRDA:109,13,0,1309
BRDA:109,13,1,58
BRDA:116,14,0,58
BRDA:116,14,1,58
BRDA:123,15,0,1309
BRDA:123,15,1,5
BRDA:123,15,2,5
BRF:32
BRH:29
end_of_record
TN:
SF:app\components\footer\index.jsx
FN:35,(anonymous_0)
FN:41,(anonymous_1)
FN:144,(anonymous_2)
FN:157,(anonymous_3)
FN:194,(anonymous_4)
FN:235,(anonymous_5)
FNF:6
FNH:5
FNDA:9,(anonymous_0)
FNDA:27,(anonymous_1)
FNDA:0,(anonymous_2)
FNDA:27,(anonymous_3)
FNDA:18,(anonymous_4)
FNDA:18,(anonymous_5)
DA:34,2
DA:35,2
DA:36,9
DA:37,9
DA:38,9
DA:39,9
DA:40,9
DA:41,27
DA:42,9
DA:47,9
DA:52,9
DA:145,0
DA:148,0
DA:152,0
DA:158,27
DA:194,2
DA:195,18
DA:196,18
DA:197,18
DA:235,2
DA:236,18
DA:237,18
DA:267,2
LF:23
LH:20
BRDA:134,0,0,9
BRDA:134,0,1,9
BRF:2
BRH:2
end_of_record
TN:
SF:app\components\forms\address-fields.jsx
FN:19,(anonymous_0)
FNF:1
FNH:1
FNDA:33,(anonymous_0)
DA:19,6
DA:20,33
DA:21,33
DA:23,33
DA:46,6
LF:5
LH:5
BRDA:19,0,0,33
BRDA:41,1,0,33
BRDA:41,1,1,24
BRF:3
BRH:3
end_of_record
TN:
SF:app\components\forms\credit-card-fields.jsx
FN:34,(anonymous_0)
FN:77,(anonymous_1)
FN:79,(anonymous_2)
FN:102,(anonymous_3)
FN:104,(anonymous_4)
FN:122,(anonymous_5)
FNF:6
FNH:6
FNDA:38,(anonymous_0)
FNDA:38,(anonymous_1)
FNDA:32,(anonymous_2)
FNDA:46,(anonymous_3)
FNDA:8,(anonymous_4)
FNDA:8,(anonymous_5)
DA:34,1
DA:35,38
DA:36,38
DA:41,38
DA:43,38
DA:49,38
DA:61,38
DA:77,38
DA:80,32
DA:81,32
DA:82,32
DA:85,32
DA:86,32
DA:102,46
DA:105,8
DA:108,8
DA:109,0
DA:113,8
DA:114,0
DA:116,8
DA:117,6
DA:120,8
DA:123,8
DA:124,0
DA:125,0
DA:149,1
LF:26
LH:22
BRDA:34,0,0,38
BRDA:49,1,0,0
BRDA:49,1,1,38
BRDA:82,2,0,30
BRDA:82,2,1,2
BRDA:85,3,0,32
BRDA:85,3,1,2
BRDA:90,4,0,38
BRDA:90,4,1,34
BRDA:90,4,2,32
BRDA:108,5,0,0
BRDA:108,5,1,8
BRDA:113,6,0,0
BRDA:113,6,1,8
BRDA:116,7,0,6
BRDA:116,7,1,2
BRDA:123,8,0,0
BRDA:123,8,1,8
BRDA:123,9,0,8
BRDA:123,9,1,8
BRF:20
BRH:16
end_of_record
TN:
SF:app\components\forms\form-action-buttons.jsx
FN:17,(anonymous_0)
FN:22,(anonymous_1)
FNF:2
FNH:1
FNDA:47,(anonymous_0)
FNDA:0,(anonymous_1)
DA:17,6
DA:24,47
DA:47,6
LF:3
LH:3
BRDA:18,0,0,47
BRDA:19,1,0,47
BRDA:22,2,0,0
BRDA:27,3,0,20
BRDA:27,3,1,27
BRDA:34,4,0,0
BRDA:34,4,1,47
BRF:7
BRH:5
end_of_record
TN:
SF:app\components\forms\login-fields.jsx
FN:13,(anonymous_0)
FNF:1
FNH:1
FNDA:25,(anonymous_0)
DA:13,71
DA:14,25
DA:15,25
DA:23,71
LF:4
LH:4
BRDA:13,0,0,25
BRF:1
BRH:1
end_of_record
TN:
SF:app\components\forms\password-requirements.jsx
FN:17,(anonymous_0)
FN:50,(anonymous_1)
FNF:2
FNH:2
FNDA:410,(anonymous_0)
FNDA:82,(anonymous_1)
DA:17,71
DA:18,410
DA:28,410
DA:38,71
DA:50,71
DA:51,82
DA:53,82
DA:94,71
LF:8
LH:8
BRDA:20,0,0,224
BRDA:20,0,1,186
BRDA:21,1,0,224
BRDA:21,1,1,186
BRDA:22,2,0,224
BRDA:22,2,1,186
BRDA:23,3,0,224
BRDA:23,3,1,186
BRDA:24,4,0,186
BRDA:24,4,1,224
BRF:10
BRH:10
end_of_record
TN:
SF:app\components\forms\post-checkout-registration-fields.jsx
FN:14,(anonymous_0)
FNF:1
FNH:1
FNDA:29,(anonymous_0)
DA:14,1
DA:15,29
DA:16,29
DA:18,29
DA:35,1
LF:5
LH:5
BRDA:14,0,0,29
BRF:1
BRH:1
end_of_record
TN:
SF:app\components\forms\profile-fields.jsx
FN:13,(anonymous_0)
FNF:1
FNH:1
FNDA:4,(anonymous_0)
DA:13,4
DA:14,4
DA:16,4
DA:28,4
LF:4
LH:4
BRDA:13,0,0,4
BRF:1
BRH:1
end_of_record
TN:
SF:app\components\forms\promo-code-fields.jsx
FN:14,(anonymous_0)
FNF:1
FNH:1
FNDA:63,(anonymous_0)
DA:14,7
DA:15,63
DA:17,63
DA:19,63
DA:35,7
LF:5
LH:5
BRDA:14,0,0,63
BRF:1
BRH:1
end_of_record
TN:
SF:app\components\forms\registration-fields.jsx
FN:14,(anonymous_0)
FNF:1
FNH:1
FNDA:34,(anonymous_0)
DA:14,71
DA:15,34
DA:16,34
DA:18,34
DA:34,71
LF:5
LH:5
BRDA:14,0,0,34
BRF:1
BRH:1
end_of_record
TN:
SF:app\components\forms\reset-password-fields.jsx
FN:13,(anonymous_0)
FNF:1
FNH:1
FNDA:15,(anonymous_0)
DA:13,71
DA:14,15
DA:16,15
DA:23,71
LF:4
LH:4
BRDA:13,0,0,15
BRF:1
BRH:1
end_of_record
TN:
SF:app\components\forms\state-province-options.jsx
FNF:0
FNH:0
DA:7,6
DA:61,6
LF:2
LH:2
BRF:0
BRH:0
end_of_record
TN:
SF:app\components\forms\update-password-fields.jsx
FN:20,(anonymous_0)
FN:29,(anonymous_1)
FNF:2
FNH:2
FNDA:19,(anonymous_0)
FNDA:1,(anonymous_1)
DA:20,4
DA:21,19
DA:22,19
DA:24,19
DA:29,1
DA:46,4
LF:6
LH:6
BRDA:20,0,0,19
BRF:1
BRH:1
end_of_record
TN:
SF:app\components\forms\useAddressFields.jsx
FN:41,useAddressFields
FN:94,(anonymous_1)
FN:96,(anonymous_2)
FNF:3
FNH:3
FNDA:33,useAddressFields
FNDA:65,(anonymous_1)
FNDA:34,(anonymous_2)
DA:15,6
DA:49,33
DA:51,33
DA:53,33
DA:94,65
DA:97,34
DA:193,33
LF:7
LH:7
BRDA:47,0,0,0
BRDA:147,1,0,0
BRDA:147,1,1,33
BRDA:152,2,0,0
BRDA:152,2,1,33
BRDA:160,3,0,0
BRDA:160,3,1,33
BRDA:168,4,0,0
BRDA:168,4,1,33
BRDA:177,5,0,0
BRDA:177,5,1,33
BRF:11
BRH:5
end_of_record
TN:
SF:app\components\forms\useCreditCardFields.jsx
FN:45,useCreditCardFields
FN:65,(anonymous_1)
FN:92,(anonymous_2)
FN:110,(anonymous_3)
FN:130,(anonymous_4)
FN:134,(anonymous_5)
FN:137,(anonymous_6)
FNF:7
FNH:7
FNDA:38,useCreditCardFields
FNDA:2,(anonymous_1)
FNDA:2,(anonymous_2)
FNDA:2,(anonymous_3)
FNDA:2,(anonymous_4)
FNDA:44,(anonymous_5)
FNDA:6,(anonymous_6)
DA:10,1
DA:52,38
DA:54,38
DA:66,2
DA:93,2
DA:111,2
DA:131,2
DA:134,44
DA:138,6
DA:145,38
LF:10
LH:10
BRDA:50,0,0,0
BRDA:66,1,0,2
BRDA:66,1,1,0
BRDA:93,2,0,2
BRDA:93,2,1,0
BRDA:111,3,0,2
BRDA:111,3,1,0
BRDA:131,4,0,2
BRDA:131,4,1,0
BRF:9
BRH:4
end_of_record
TN:
SF:app\components\forms\useLoginFields.jsx
FN:9,useLoginFields
FNF:1
FNH:1
FNDA:91,useLoginFields
DA:16,91
DA:17,91
DA:51,91
LF:3
LH:3
BRDA:14,0,0,66
BRF:1
BRH:1
end_of_record
TN:
SF:app\components\forms\useProfileFields.jsx
FN:10,useProfileFields
FN:84,(anonymous_1)
FN:86,(anonymous_2)
FNF:3
FNH:3
FNDA:4,useProfileFields
FNDA:4,(anonymous_1)
FNDA:10,(anonymous_2)
DA:17,4
DA:19,4
DA:84,4
DA:87,10
DA:94,4
LF:5
LH:5
BRDA:15,0,0,0
BRF:1
BRH:0
end_of_record
TN:
SF:app\components\forms\usePromoCodeFields.jsx
FN:9,usePromoCodeFields
FNF:1
FNH:1
FNDA:63,usePromoCodeFields
DA:16,63
DA:18,63
DA:38,63
LF:3
LH:3
BRDA:14,0,0,0
BRF:1
BRH:0
end_of_record
TN:
SF:app\components\forms\useRegistrationFields.jsx
FN:10,useRegistrationFields
FN:86,(anonymous_1)
FN:92,(anonymous_2)
FN:98,(anonymous_3)
FN:104,(anonymous_4)
FN:110,(anonymous_5)
FNF:6
FNH:6
FNDA:63,useRegistrationFields
FNDA:4,(anonymous_1)
FNDA:4,(anonymous_2)
FNDA:4,(anonymous_3)
FNDA:4,(anonymous_4)
FNDA:4,(anonymous_5)
DA:17,63
DA:19,63
DA:87,4
DA:93,4
DA:99,4
DA:105,4
DA:111,4
DA:135,63
LF:8
LH:8
BRDA:15,0,0,0
BRDA:87,1,0,4
BRDA:87,1,1,0
BRDA:93,2,0,4
BRDA:93,2,1,0
BRDA:99,3,0,4
BRDA:99,3,1,0
BRDA:105,4,0,4
BRDA:105,4,1,0
BRDA:111,5,0,4
BRDA:111,5,1,0
BRF:11
BRH:5
end_of_record
TN:
SF:app\components\forms\useResetPasswordFields.jsx
FN:9,useResetPasswordFields
FNF:1
FNH:1
FNDA:15,useResetPasswordFields
DA:16,15
DA:18,15
DA:39,15
LF:3
LH:3
BRDA:14,0,0,0
BRF:1
BRH:0
end_of_record
TN:
SF:app\components\forms\useUpdatePasswordFields.jsx
FN:10,useUpdatePasswordFields
FN:51,(anonymous_1)
FN:57,(anonymous_2)
FN:63,(anonymous_3)
FN:69,(anonymous_4)
FN:75,(anonymous_5)
FNF:6
FNH:6
FNDA:19,useUpdatePasswordFields
FNDA:1,(anonymous_1)
FNDA:1,(anonymous_2)
FNDA:1,(anonymous_3)
FNDA:1,(anonymous_4)
FNDA:1,(anonymous_5)
DA:17,19
DA:19,19
DA:52,1
DA:58,1
DA:64,1
DA:70,1
DA:76,1
DA:88,19
LF:8
LH:8
BRDA:15,0,0,0
BRDA:52,1,0,1
BRDA:52,1,1,0
BRDA:58,2,0,1
BRDA:58,2,1,0
BRDA:64,3,0,1
BRDA:64,3,1,0
BRDA:70,4,0,1
BRDA:70,4,1,0
BRDA:76,5,0,1
BRDA:76,5,1,0
BRF:11
BRH:5
end_of_record
TN:
SF:app\components\header\index.jsx
FN:72,(anonymous_0)
FN:99,(anonymous_1)
FN:107,(anonymous_2)
FN:108,(anonymous_3)
FN:111,(anonymous_4)
FN:113,(anonymous_5)
FN:157,(anonymous_6)
FN:180,(anonymous_7)
FN:191,(anonymous_8)
FN:195,(anonymous_9)
FN:210,(anonymous_10)
FNF:11
FNH:3
FNDA:42,(anonymous_0)
FNDA:0,(anonymous_1)
FNDA:0,(anonymous_2)
FNDA:0,(anonymous_3)
FNDA:0,(anonymous_4)
FNDA:0,(anonymous_5)
FNDA:1,(anonymous_6)
FNDA:0,(anonymous_7)
FNDA:0,(anonymous_8)
FNDA:0,(anonymous_9)
FNDA:128,(anonymous_10)
DA:52,2
DA:54,2
DA:72,2
DA:81,42
DA:85,42
DA:86,42
DA:87,42
DA:88,42
DA:89,42
DA:90,42
DA:92,42
DA:95,42
DA:97,42
DA:99,42
DA:100,0
DA:101,0
DA:102,0
DA:103,0
DA:106,42
DA:107,0
DA:108,0
DA:111,42
DA:113,0
DA:114,0
DA:117,42
DA:158,1
DA:181,0
DA:192,0
DA:193,0
DA:196,0
DA:211,128
DA:212,128
DA:277,2
LF:33
LH:21
BRDA:74,0,0,29
BRDA:75,1,0,16
BRDA:76,2,0,29
BRDA:77,3,0,29
BRDA:78,4,0,19
BRDA:114,5,0,0
BRDA:114,5,1,0
BRDA:120,6,0,42
BRDA:120,6,1,0
BRDA:156,7,0,32
BRDA:156,7,1,10
BRDA:158,8,0,1
BRDA:158,8,1,0
BRDA:167,9,0,42
BRDA:167,9,1,32
BRDA:167,9,2,32
BRDA:262,10,0,42
BRDA:262,10,1,8
BRDA:262,10,2,6
BRF:19
BRH:15
end_of_record
TN:
SF:app\components\hero\index.jsx
FN:18,(anonymous_0)
FNF:1
FNH:1
FNDA:4,(anonymous_0)
DA:18,2
DA:19,4
DA:21,4
DA:70,2
DA:72,2
LF:5
LH:5
BRDA:44,0,0,4
BRDA:44,0,1,3
BRF:2
BRH:2
end_of_record
TN:
SF:app\components\icons\index.jsx
FNF:0
FNH:0
DA:72,72
DA:73,72
DA:74,72
DA:75,72
DA:76,72
DA:77,72
DA:78,72
DA:79,72
DA:80,72
DA:108,72
DA:109,72
DA:110,72
DA:111,72
DA:112,72
DA:113,72
DA:114,72
DA:115,72
DA:116,72
DA:117,72
DA:118,72
DA:119,72
DA:120,72
DA:121,72
DA:122,72
DA:123,72
DA:124,72
DA:125,72
DA:126,72
DA:127,72
DA:128,72
DA:129,72
DA:130,72
DA:131,72
DA:132,72
DA:133,72
DA:134,72
DA:135,72
DA:136,72
DA:137,72
DA:138,72
DA:139,72
DA:140,72
DA:141,72
DA:142,72
DA:143,72
DA:144,72
DA:145,72
DA:146,72
DA:149,72
DA:150,72
DA:151,72
DA:152,72
DA:153,72
DA:154,72
DA:155,72
DA:156,72
DA:157,72
DA:158,72
LF:58
LH:58
BRDA:72,0,0,72
BRDA:72,0,1,0
BRDA:73,1,0,72
BRDA:73,1,1,0
BRDA:74,2,0,72
BRDA:74,2,1,0
BRDA:75,3,0,72
BRDA:75,3,1,0
BRDA:76,4,0,72
BRDA:76,4,1,0
BRDA:77,5,0,72
BRDA:77,5,1,0
BRDA:78,6,0,72
BRDA:78,6,1,0
BRDA:79,7,0,72
BRDA:79,7,1,0
BRDA:80,8,0,72
BRDA:80,8,1,0
BRF:18
BRH:9
end_of_record
TN:
SF:app\components\image-gallery\index.jsx
FN:37,(anonymous_0)
FN:47,(anonymous_1)
FN:66,(anonymous_2)
FN:73,(anonymous_3)
FN:81,(anonymous_4)
FN:90,(anonymous_5)
FN:125,(anonymous_6)
FN:133,(anonymous_7)
FN:138,(anonymous_8)
FNF:9
FNH:9
FNDA:8,(anonymous_0)
FNDA:32,(anonymous_1)
FNDA:108,(anonymous_2)
FNDA:103,(anonymous_3)
FNDA:39,(anonymous_4)
FNDA:103,(anonymous_5)
FNDA:198,(anonymous_6)
FNDA:1,(anonymous_7)
FNDA:1,(anonymous_8)
DA:28,11
DA:30,11
DA:31,11
DA:37,11
DA:38,8
DA:40,8
DA:48,32
DA:58,11
DA:66,11
DA:67,108
DA:68,108
DA:69,108
DA:72,108
DA:74,103
DA:81,108
DA:83,39
DA:89,108
DA:91,103
DA:98,108
DA:99,108
DA:100,108
DA:102,108
DA:104,108
DA:126,198
DA:127,198
DA:134,1
DA:135,1
DA:138,1
DA:157,11
LF:29
LH:29
BRDA:66,0,0,0
BRDA:66,1,0,0
BRDA:66,2,0,7
BRDA:99,3,0,108
BRDA:99,3,1,0
BRDA:100,4,0,42
BRDA:100,4,1,66
BRDA:106,5,0,108
BRDA:106,5,1,108
BRDA:110,6,0,108
BRDA:110,6,1,0
BRDA:134,7,0,1
BRDA:134,7,1,0
BRDA:139,8,0,108
BRDA:139,8,1,90
BRDA:140,9,0,108
BRDA:140,9,1,90
BRDA:145,10,0,198
BRDA:145,10,1,0
BRF:19
BRH:13
end_of_record
TN:
SF:app\components\item-variant\index.jsx
FN:17,(anonymous_0)
FN:24,(anonymous_1)
FNF:2
FNH:2
FNDA:334,(anonymous_0)
FNDA:68,(anonymous_1)
DA:15,14
DA:17,14
DA:18,334
DA:24,14
DA:25,68
DA:28,14
LF:6
LH:6
BRF:0
BRH:0
end_of_record
TN:
SF:app\components\item-variant\item-attributes.jsx
FN:22,(anonymous_0)
FN:26,(anonymous_1)
FN:43,(anonymous_2)
FN:45,(anonymous_3)
FN:49,(anonymous_4)
FN:55,(anonymous_5)
FN:84,(anonymous_6)
FN:92,(anonymous_7)
FNF:8
FNH:8
FNDA:70,(anonymous_0)
FNDA:3,(anonymous_1)
FNDA:82,(anonymous_2)
FNDA:132,(anonymous_3)
FNDA:163,(anonymous_4)
FNDA:82,(anonymous_5)
FNDA:3,(anonymous_6)
FNDA:2,(anonymous_7)
DA:22,10
DA:23,70
DA:24,70
DA:25,70
DA:26,70
DA:30,70
DA:40,70
DA:43,70
DA:44,82
DA:45,132
DA:46,82
DA:49,163
DA:53,70
DA:56,82
DA:84,3
DA:93,2
DA:105,10
LF:17
LH:17
BRDA:26,0,0,70
BRDA:26,0,1,67
BRDA:40,1,0,70
BRDA:40,1,1,68
BRDA:43,2,0,70
BRDA:43,2,1,32
BRDA:48,3,0,82
BRDA:48,3,1,0
BRDA:49,4,0,82
BRDA:49,4,1,0
BRDA:61,5,0,70
BRDA:61,5,1,54
BRDA:71,6,0,70
BRDA:71,6,1,3
BRDA:82,7,0,3
BRDA:82,7,1,3
BRDA:82,7,2,0
BRDA:84,8,0,3
BRDA:84,8,1,0
BRF:19
BRH:15
end_of_record
TN:
SF:app\components\item-variant\item-image.jsx
FN:22,(anonymous_0)
FNF:1
FNH:1
FNDA:61,(anonymous_0)
DA:22,10
DA:23,61
DA:26,61
DA:31,61
DA:68,10
LF:5
LH:5
BRDA:22,0,0,61
BRDA:35,1,0,61
BRDA:35,1,1,1
BRDA:54,2,0,61
BRDA:54,2,1,40
BRDA:57,3,0,40
BRDA:57,3,1,0
BRF:7
BRH:6
end_of_record
TN:
SF:app\components\item-variant\item-name.jsx
FN:17,(anonymous_0)
FNF:1
FNH:1
FNDA:61,(anonymous_0)
DA:17,10
DA:18,61
DA:19,61
DA:21,61
LF:4
LH:4
BRDA:19,0,0,61
BRDA:19,0,1,25
BRDA:23,1,0,61
BRDA:23,1,1,7
BRF:4
BRH:4
end_of_record
TN:
SF:app\components\item-variant\item-price.jsx
FN:16,(anonymous_0)
FN:44,(anonymous_1)
FNF:2
FNH:2
FNDA:34,(anonymous_0)
FNDA:84,(anonymous_1)
DA:16,10
DA:17,34
DA:18,34
DA:34,10
DA:44,10
DA:45,84
DA:46,84
DA:47,84
DA:48,84
DA:50,84
DA:51,84
DA:54,84
DA:56,84
DA:58,84
DA:112,10
LF:15
LH:15
BRDA:22,0,0,34
BRDA:22,0,1,34
BRDA:22,0,2,0
BRDA:44,1,0,69
BRDA:44,2,0,63
BRDA:54,3,0,66
BRDA:54,3,1,18
BRDA:61,4,0,4
BRDA:61,4,1,80
BRDA:62,5,0,15
BRDA:62,5,1,69
BRDA:64,6,0,4
BRDA:64,6,1,80
BRDA:68,7,0,84
BRDA:68,7,1,66
BRDA:68,7,2,21
BRDA:74,8,0,84
BRDA:74,8,1,4
BRDA:82,9,0,84
BRDA:82,9,1,82
BRDA:82,9,2,0
BRDA:85,10,0,84
BRDA:85,10,1,4
BRDA:96,11,0,4
BRDA:96,11,1,4
BRDA:96,11,2,0
BRDA:103,12,0,84
BRDA:103,12,1,66
BRDA:103,12,2,21
BRF:29
BRH:26
end_of_record
TN:
SF:app\components\link\index.jsx
FN:13,(anonymous_0)
FNF:1
FNH:1
FNDA:974,(anonymous_0)
DA:13,71
DA:14,974
DA:15,974
DA:16,974
DA:17,974
DA:28,71
DA:30,71
LF:7
LH:7
BRDA:13,0,0,658
BRDA:14,1,0,974
BRDA:14,1,1,88
BRDA:19,2,0,316
BRDA:19,2,1,658
BRDA:20,3,0,974
BRDA:20,3,1,316
BRF:7
BRH:7
end_of_record
TN:
SF:app\components\links-list\index.jsx
FN:19,(anonymous_0)
FN:51,(anonymous_1)
FN:64,(anonymous_2)
FNF:3
FNH:3
FNDA:52,(anonymous_0)
FNDA:31,(anonymous_1)
FNDA:88,(anonymous_2)
DA:19,5
DA:28,52
DA:29,52
DA:52,31
DA:65,88
DA:82,5
LF:6
LH:6
BRDA:20,0,0,0
BRDA:21,1,0,23
BRDA:30,2,0,21
BRDA:30,2,1,31
BRDA:31,3,0,52
BRDA:31,3,1,29
BRDA:32,4,0,1
BRDA:32,4,1,28
BRDA:39,5,0,1
BRDA:39,5,1,0
BRDA:47,6,0,52
BRDA:47,6,1,52
BRDA:49,7,0,11
BRDA:49,7,1,41
BRDA:56,8,0,0
BRDA:56,8,1,31
BRDA:69,9,0,0
BRDA:69,9,1,88
BRF:18
BRH:14
end_of_record
TN:
SF:app\components\list-menu\index.jsx
FN:42,ChevronIconTrigger
FN:50,(anonymous_1)
FN:55,(anonymous_2)
FN:56,(anonymous_3)
FN:76,(anonymous_4)
FN:99,(anonymous_5)
FN:116,(anonymous_6)
FN:130,(anonymous_7)
FN:168,(anonymous_8)
FN:223,(anonymous_9)
FN:229,(anonymous_10)
FN:244,(anonymous_11)
FNF:12
FNH:8
FNDA:3,ChevronIconTrigger
FNDA:3,(anonymous_1)
FNDA:0,(anonymous_2)
FNDA:0,(anonymous_3)
FNDA:0,(anonymous_4)
FNDA:3,(anonymous_5)
FNDA:3,(anonymous_6)
FNDA:0,(anonymous_7)
FNDA:3,(anonymous_8)
FNDA:13,(anonymous_9)
FNDA:5,(anonymous_10)
FNDA:2,(anonymous_11)
DA:40,2
DA:42,2
DA:43,3
DA:50,2
DA:51,3
DA:52,3
DA:54,3
DA:55,0
DA:56,0
DA:59,3
DA:77,0
DA:90,2
DA:99,2
DA:100,3
DA:101,3
DA:102,3
DA:104,3
DA:117,3
DA:118,3
DA:120,3
DA:129,3
DA:131,0
DA:132,0
DA:143,3
DA:160,2
DA:168,2
DA:169,3
DA:170,3
DA:171,3
DA:206,2
DA:223,2
DA:224,13
DA:225,13
DA:226,13
DA:227,13
DA:229,13
DA:230,5
DA:233,13
DA:245,2
DA:246,2
DA:270,2
DA:272,2
LF:42
LH:37
BRDA:66,0,0,3
BRDA:66,0,1,0
BRDA:67,1,0,1
BRDA:67,1,1,2
BRDA:112,2,0,0
BRDA:112,2,1,3
BRDA:129,3,0,0
BRDA:129,3,1,3
BRDA:150,4,0,3
BRDA:150,4,1,0
BRDA:191,5,0,3
BRDA:191,5,1,3
BRDA:223,6,0,13
BRDA:242,7,0,2
BRDA:242,7,1,11
BRF:15
BRH:11
end_of_record
TN:
SF:app\components\loading-spinner\index.jsx
FN:11,(anonymous_0)
FNF:1
FNH:1
FNDA:24,(anonymous_0)
DA:11,14
DA:12,24
DA:41,14
LF:3
LH:3
BRDA:11,0,0,22
BRDA:11,1,0,24
BRF:2
BRH:2
end_of_record
TN:
SF:app\components\locale-selector\index.jsx
FN:53,(anonymous_0)
FN:53,(anonymous_1)
FN:59,(anonymous_2)
FN:76,(anonymous_3)
FN:80,(anonymous_4)
FNF:5
FNH:4
FNDA:6,(anonymous_0)
FNDA:0,(anonymous_1)
FNDA:10,(anonymous_2)
FNDA:38,(anonymous_3)
FNDA:1,(anonymous_4)
DA:40,3
DA:53,3
DA:54,6
DA:55,6
DA:60,10
DA:77,38
DA:80,1
DA:107,3
DA:109,3
LF:9
LH:9
BRDA:53,0,0,0
BRDA:53,1,0,0
BRDA:53,2,0,1
BRDA:63,3,0,0
BRDA:63,3,1,10
BRDA:91,4,0,38
BRDA:91,4,1,10
BRF:7
BRH:4
end_of_record
TN:
SF:app\components\locale-text\index.jsx
FN:12,(anonymous_0)
FNF:1
FNH:1
FNDA:77,(anonymous_0)
DA:12,5
DA:13,77
DA:14,77
DA:16,77
DA:17,1
DA:20,1
DA:23,76
DA:26,5
DA:28,5
DA:43,5
LF:10
LH:10
BRDA:16,0,0,1
BRDA:16,0,1,76
BRF:2
BRH:2
end_of_record
TN:
SF:app\components\login\index.jsx
FN:22,(anonymous_0)
FN:63,(anonymous_1)
FNF:2
FNH:2
FNDA:25,(anonymous_0)
FNDA:1,(anonymous_1)
DA:22,71
DA:23,25
DA:64,1
DA:95,71
LF:4
LH:4
BRDA:22,0,0,0
BRDA:22,1,0,0
BRDA:40,2,0,25
BRDA:40,2,1,0
BRF:4
BRH:1
end_of_record
TN:
SF:app\components\nested-accordion\index.jsx
FN:31,(anonymous_0)
FN:36,(anonymous_1)
FN:42,(anonymous_2)
FN:50,(anonymous_3)
FN:58,(anonymous_4)
FN:64,(anonymous_5)
FNF:6
FNH:6
FNDA:47,(anonymous_0)
FNDA:157,(anonymous_1)
FNDA:18,(anonymous_2)
FNDA:165,(anonymous_3)
FNDA:95,(anonymous_4)
FNDA:112,(anonymous_5)
DA:31,3
DA:32,47
DA:36,157
DA:42,18
DA:44,47
DA:46,47
DA:47,47
DA:50,47
DA:51,165
DA:53,47
DA:59,95
DA:60,95
DA:62,95
DA:65,112
DA:124,3
DA:126,3
LF:16
LH:16
BRDA:35,0,0,13
BRDA:36,1,0,42
BRDA:39,2,0,42
BRDA:40,3,0,42
BRDA:41,4,0,42
BRDA:42,5,0,9
BRDA:47,6,0,47
BRDA:47,6,1,0
BRDA:51,7,0,157
BRDA:51,7,1,8
BRDA:56,8,0,8
BRDA:56,8,1,39
BRDA:69,9,0,34
BRDA:69,9,1,78
BRDA:69,10,0,112
BRDA:69,10,1,34
BRDA:72,11,0,0
BRDA:72,11,1,34
BRDA:102,12,0,112
BRDA:102,12,1,34
BRDA:119,13,0,11
BRDA:119,13,1,36
BRF:22
BRH:20
end_of_record
TN:
SF:app\components\offline-banner\index.jsx
FN:23,(anonymous_0)
FNF:1
FNH:1
FNDA:1,(anonymous_0)
DA:23,2
DA:24,1
DA:25,1
DA:27,1
LF:4
LH:4
BRF:0
BRH:0
end_of_record
TN:
SF:app\components\offline-boundary\index.jsx
FN:21,(anonymous_0)
FN:28,(anonymous_1)
FN:36,(anonymous_2)
FN:40,(anonymous_3)
FN:47,(anonymous_4)
FN:57,(anonymous_5)
FN:59,(anonymous_6)
FN:64,(anonymous_7)
FN:84,(anonymous_8)
FNF:9
FNH:4
FNDA:4,(anonymous_0)
FNDA:0,(anonymous_1)
FNDA:0,(anonymous_2)
FNDA:4,(anonymous_3)
FNDA:8,(anonymous_4)
FNDA:0,(anonymous_5)
FNDA:0,(anonymous_6)
FNDA:8,(anonymous_7)
FNDA:0,(anonymous_8)
DA:22,4
DA:23,4
DA:31,0
DA:32,0
DA:37,0
DA:41,4
DA:42,4
DA:44,4
DA:46,4
DA:47,8
DA:50,4
DA:52,4
DA:53,0
DA:59,0
DA:60,0
DA:65,8
DA:66,8
DA:68,8
DA:84,0
DA:97,2
LF:20
LH:13
BRDA:31,0,0,0
BRDA:31,0,1,0
BRDA:44,1,0,4
BRDA:44,1,1,4
BRDA:47,2,0,8
BRDA:47,2,1,0
BRDA:47,3,0,8
BRDA:47,3,1,0
BRDA:50,4,0,4
BRDA:50,4,1,4
BRDA:52,5,0,0
BRDA:52,5,1,4
BRDA:60,6,0,0
BRDA:60,6,1,0
BRDA:70,7,0,0
BRDA:70,7,1,8
BRF:16
BRH:8
end_of_record
TN:
SF:app\components\order-summary\index.jsx
FN:34,(anonymous_0)
FN:35,(anonymous_1)
FN:36,(anonymous_2)
FN:46,(anonymous_3)
FN:48,(anonymous_4)
FN:66,(anonymous_5)
FN:79,(anonymous_6)
FN:119,(anonymous_7)
FN:163,(anonymous_8)
FN:197,(anonymous_9)
FN:208,(anonymous_10)
FN:302,(anonymous_11)
FN:312,(anonymous_12)
FNF:13
FNH:12
FNDA:44,(anonymous_0)
FNDA:42,(anonymous_1)
FNDA:42,(anonymous_2)
FNDA:42,(anonymous_3)
FNDA:42,(anonymous_4)
FNDA:1,(anonymous_5)
FNDA:16,(anonymous_6)
FNDA:73,(anonymous_7)
FNDA:0,(anonymous_8)
FNDA:19,(anonymous_9)
FNDA:19,(anonymous_10)
FNDA:4,(anonymous_11)
FNDA:1,(anonymous_12)
DA:34,7
DA:35,44
DA:36,44
DA:37,44
DA:48,42
DA:49,42
DA:50,42
DA:51,42
DA:57,44
DA:59,44
DA:66,1
DA:80,16
DA:85,16
DA:115,7
DA:119,7
DA:126,73
DA:128,73
DA:129,0
DA:131,73
DA:132,73
DA:134,73
DA:164,0
DA:198,19
DA:208,19
DA:303,4
DA:312,1
DA:331,7
LF:27
LH:25
BRDA:35,0,0,44
BRDA:35,0,1,2
BRDA:36,1,0,44
BRDA:36,1,1,2
BRDA:65,2,0,17
BRDA:65,2,1,27
BRDA:77,3,0,44
BRDA:77,3,1,17
BRDA:82,4,0,16
BRDA:82,4,1,16
BRDA:121,5,0,54
BRDA:122,6,0,20
BRDA:123,7,0,54
BRDA:124,8,0,72
BRDA:128,9,0,0
BRDA:128,9,1,73
BRDA:128,10,0,73
BRDA:128,10,1,3
BRDA:144,11,0,73
BRDA:144,11,1,53
BRDA:183,12,0,73
BRDA:183,12,1,19
BRDA:194,13,0,73
BRDA:194,13,1,19
BRDA:207,14,0,19
BRDA:207,14,1,54
BRDA:236,15,0,71
BRDA:236,15,1,2
BRDA:252,16,0,19
BRDA:252,16,1,54
BRDA:262,17,0,19
BRDA:262,17,1,54
BRDA:281,18,0,73
BRDA:281,18,1,21
BRDA:286,19,0,73
BRDA:286,19,1,4
BRDA:307,20,0,4
BRDA:307,20,1,4
BRF:38
BRH:37
end_of_record
TN:
SF:app\components\page-action-placeholder\index.jsx
FN:13,(anonymous_0)
FNF:1
FNH:1
FNDA:4,(anonymous_0)
DA:13,7
DA:14,4
DA:41,7
LF:3
LH:3
BRF:0
BRH:0
end_of_record
TN:
SF:app\components\pagination\index.jsx
FN:35,(anonymous_0)
FN:73,(anonymous_1)
FN:79,(anonymous_2)
FNF:3
FNH:2
FNDA:39,(anonymous_0)
FNDA:0,(anonymous_1)
FNDA:42,(anonymous_2)
DA:28,7
DA:35,7
DA:36,39
DA:37,38
DA:38,38
DA:39,38
DA:41,38
DA:42,38
DA:43,38
DA:46,38
DA:74,0
DA:80,42
DA:121,7
DA:123,7
LF:14
LH:13
BRDA:41,0,0,0
BRDA:41,0,1,38
BRDA:54,1,0,38
BRDA:54,1,1,38
BRDA:55,2,0,38
BRDA:55,2,1,38
BRDA:103,3,0,38
BRDA:103,3,1,18
BRDA:104,4,0,38
BRDA:104,4,1,18
BRF:10
BRH:9
end_of_record
TN:
SF:app\components\product-item\index.jsx
FN:39,(anonymous_0)
FN:79,(anonymous_1)
FN:87,(anonymous_2)
FN:92,(anonymous_3)
FNF:4
FNH:1
FNDA:12,(anonymous_0)
FNDA:0,(anonymous_1)
FNDA:0,(anonymous_2)
FNDA:0,(anonymous_3)
DA:39,7
DA:47,12
DA:48,12
DA:81,0
DA:83,0
DA:84,0
DA:89,0
DA:91,0
DA:93,0
DA:95,0
DA:98,0
DA:136,7
LF:12
LH:4
BRDA:43,0,0,1
BRDA:44,1,0,1
BRDA:51,2,0,12
BRDA:51,2,1,0
BRDA:83,3,0,0
BRDA:83,3,1,0
BRDA:89,4,0,0
BRDA:89,4,1,0
BRDA:93,5,0,0
BRDA:93,5,1,0
BRDA:95,6,0,0
BRDA:95,6,1,0
BRDA:114,7,0,12
BRDA:114,7,1,12
BRDA:114,7,2,1
BRF:15
BRH:6
end_of_record
TN:
SF:app\components\product-scroller\index.jsx
FN:25,(anonymous_0)
FN:47,(anonymous_1)
FN:83,(anonymous_2)
FN:137,(anonymous_3)
FN:157,(anonymous_4)
FNF:5
FNH:5
FNDA:99,(anonymous_0)
FNDA:2,(anonymous_1)
FNDA:129,(anonymous_2)
FNDA:1,(anonymous_3)
FNDA:1,(anonymous_4)
DA:24,71
DA:38,99
DA:41,99
DA:42,61
DA:47,38
DA:48,2
DA:55,38
DA:84,129
DA:137,1
DA:157,1
DA:167,71
DA:169,71
LF:12
LH:12
BRDA:32,0,0,99
BRDA:41,1,0,61
BRDA:41,1,1,38
BRDA:41,2,0,99
BRDA:41,2,1,13
BRDA:41,2,2,86
BRDA:47,3,0,0
BRDA:58,4,0,38
BRDA:58,4,1,25
BRDA:60,5,0,38
BRDA:60,5,1,34
BRDA:60,5,2,34
BRDA:60,5,3,10
BRDA:66,6,0,38
BRDA:66,6,1,4
BRDA:66,6,2,3
BRDA:83,7,0,25
BRDA:83,7,1,13
BRDA:86,8,0,129
BRDA:86,8,1,100
BRDA:91,9,0,100
BRDA:91,9,1,29
BRDA:105,10,0,11
BRDA:105,10,1,18
BRDA:119,11,0,38
BRDA:119,11,1,5
BRF:26
BRH:25
end_of_record
TN:
SF:app\components\product-tile\index.jsx
FN:36,(anonymous_0)
FN:58,(anonymous_1)
FN:104,(anonymous_2)
FN:119,(anonymous_3)
FNF:4
FNH:2
FNDA:601,(anonymous_0)
FNDA:307,(anonymous_1)
FNDA:0,(anonymous_2)
FNDA:0,(anonymous_3)
DA:33,71
DA:36,71
DA:37,601
DA:38,601
DA:58,71
DA:59,307
DA:67,306
DA:69,306
DA:75,306
DA:77,306
DA:78,306
DA:79,306
DA:81,306
DA:108,0
DA:120,0
DA:121,0
DA:122,0
DA:148,71
DA:150,71
LF:19
LH:15
BRDA:62,0,0,24
BRDA:75,1,0,306
BRDA:75,1,1,306
BRDA:89,2,0,306
BRDA:89,2,1,306
BRDA:92,3,0,306
BRDA:92,3,1,0
BRDA:102,4,0,306
BRDA:102,4,1,282
BRDA:116,5,0,0
BRDA:116,5,1,282
BRDA:134,6,0,306
BRDA:134,6,1,1
BRDA:141,7,0,306
BRDA:141,7,1,7
BRF:15
BRH:13
end_of_record
TN:
SF:app\components\product-view\index.jsx
FN:42,(anonymous_0)
FN:85,(anonymous_1)
FN:99,(anonymous_2)
FN:100,(anonymous_3)
FN:134,(anonymous_4)
FN:153,(anonymous_5)
FN:178,(anonymous_6)
FN:185,(anonymous_7)
FN:213,(anonymous_8)
FN:271,(anonymous_9)
FN:277,(anonymous_10)
FN:283,(anonymous_11)
FN:361,(anonymous_12)
FN:371,(anonymous_13)
FN:381,(anonymous_14)
FN:436,(anonymous_15)
FN:446,(anonymous_16)
FN:453,(anonymous_17)
FNF:18
FNH:16
FNDA:214,(anonymous_0)
FNDA:130,(anonymous_1)
FNDA:13,(anonymous_2)
FNDA:97,(anonymous_3)
FNDA:11,(anonymous_4)
FNDA:260,(anonymous_5)
FNDA:0,(anonymous_6)
FNDA:5,(anonymous_7)
FNDA:2,(anonymous_8)
FNDA:33,(anonymous_9)
FNDA:107,(anonymous_10)
FNDA:37,(anonymous_11)
FNDA:242,(anonymous_12)
FNDA:1,(anonymous_13)
FNDA:983,(anonymous_14)
FNDA:2,(anonymous_15)
FNDA:0,(anonymous_16)
FNDA:1,(anonymous_17)
DA:42,10
DA:43,214
DA:45,214
DA:68,10
DA:77,10
DA:84,10
DA:101,97
DA:105,130
DA:106,130
DA:107,130
DA:108,130
DA:113,130
DA:114,130
DA:115,130
DA:128,130
DA:129,130
DA:130,130
DA:131,130
DA:132,130
DA:134,130
DA:135,11
DA:137,11
DA:138,11
DA:139,11
DA:141,11
DA:143,11
DA:144,0
DA:150,11
DA:153,130
DA:154,260
DA:155,260
DA:178,260
DA:179,0
DA:185,260
DA:186,5
DA:188,5
DA:189,2
DA:192,3
DA:193,3
DA:194,1
DA:195,1
DA:197,2
DA:198,2
DA:202,2
DA:203,1
DA:209,0
DA:213,260
DA:214,2
DA:215,2
DA:216,1
DA:217,1
DA:219,1
DA:222,260
DA:223,242
DA:242,260
DA:243,222
DA:262,260
DA:267,130
DA:268,51
DA:271,130
DA:272,33
DA:273,0
DA:277,130
DA:278,107
DA:279,50
DA:283,130
DA:284,37
DA:285,17
DA:289,130
DA:367,242
DA:368,242
DA:372,1
DA:373,1
DA:382,983
DA:438,2
DA:439,1
DA:440,1
DA:443,1
DA:448,0
DA:449,0
DA:450,0
DA:457,1
DA:527,10
DA:529,10
LF:84
LH:77
BRDA:47,0,0,214
BRDA:47,0,1,62
BRDA:89,1,0,126
BRDA:90,2,0,126
BRDA:91,3,0,39
BRDA:97,4,0,79
BRDA:98,5,0,35
BRDA:99,6,0,74
BRDA:100,7,0,109
BRDA:101,8,0,97
BRDA:101,8,1,90
BRDA:101,8,2,56
BRDA:101,8,3,55
BRDA:134,9,0,5
BRDA:135,10,0,5
BRDA:138,11,0,11
BRDA:138,11,1,8
BRDA:139,12,0,11
BRDA:139,12,1,3
BRDA:143,13,0,0
BRDA:143,13,1,11
BRDA:188,14,0,2
BRDA:188,14,1,3
BRDA:192,15,0,0
BRDA:192,15,1,3
BRDA:192,16,0,3
BRDA:192,16,1,1
BRDA:193,17,0,1
BRDA:193,17,1,2
BRDA:202,18,0,1
BRDA:202,18,1,1
BRDA:214,19,0,0
BRDA:214,19,1,2
BRDA:214,20,0,2
BRDA:214,20,1,1
BRDA:215,21,0,1
BRDA:215,21,1,1
BRDA:222,22,0,242
BRDA:222,22,1,18
BRDA:222,23,0,260
BRDA:222,23,1,20
BRDA:227,24,0,242
BRDA:227,24,1,216
BRDA:233,25,0,2
BRDA:233,25,1,240
BRDA:235,26,0,46
BRDA:235,26,1,194
BRDA:242,27,0,222
BRDA:242,27,1,38
BRDA:242,28,0,260
BRDA:242,28,1,46
BRDA:247,29,0,222
BRDA:247,29,1,208
BRDA:253,30,0,8
BRDA:253,30,1,214
BRDA:255,31,0,46
BRDA:255,31,1,168
BRDA:267,32,0,51
BRDA:267,32,1,79
BRDA:272,33,0,0
BRDA:272,33,1,33
BRDA:278,34,0,50
BRDA:278,34,1,57
BRDA:278,35,0,107
BRDA:278,35,1,89
BRDA:284,36,0,17
BRDA:284,36,1,20
BRDA:304,37,0,123
BRDA:304,37,1,7
BRDA:313,38,0,123
BRDA:313,38,1,4
BRDA:313,38,2,4
BRDA:348,39,0,7
BRDA:348,39,1,123
BRDA:366,40,0,0
BRDA:372,41,0,0
BRDA:372,41,1,1
BRDA:375,42,0,100
BRDA:375,42,1,142
BRDA:377,43,0,242
BRDA:377,43,1,70
BRDA:389,44,0,117
BRDA:389,44,1,866
BRDA:398,45,0,117
BRDA:398,45,1,0
BRDA:400,46,0,117
BRDA:400,46,1,0
BRDA:419,47,0,130
BRDA:419,47,1,107
BRDA:438,48,0,1
BRDA:438,48,1,1
BRDA:440,49,0,1
BRDA:440,49,1,0
BRDA:449,50,0,0
BRDA:449,50,1,0
BRDA:449,51,0,0
BRDA:449,51,1,0
BRDA:463,52,0,130
BRDA:463,52,1,123
BRDA:463,52,2,6
BRDA:475,53,0,130
BRDA:475,53,1,4
BRDA:475,53,2,4
BRDA:486,54,0,130
BRDA:486,54,1,23
BRDA:490,55,0,130
BRDA:490,55,1,123
BRDA:490,55,2,0
BRDA:499,56,0,51
BRDA:499,56,1,79
BRDA:513,57,0,51
BRDA:513,57,1,79
BRF:112
BRH:98
end_of_record
TN:
SF:app\components\product-view-modal\index.jsx
FN:23,(anonymous_0)
FNF:1
FNH:1
FNDA:8,(anonymous_0)
DA:23,8
DA:24,8
DA:25,8
DA:44,8
LF:4
LH:4
BRF:0
BRH:0
end_of_record
TN:
SF:app\components\promo-code\index.jsx
FN:26,(anonymous_0)
FN:35,(anonymous_1)
FN:44,(anonymous_2)
FN:56,(anonymous_3)
FN:70,(anonymous_4)
FN:76,(anonymous_5)
FN:87,(anonymous_6)
FN:102,(anonymous_7)
FN:105,(anonymous_8)
FN:112,(anonymous_9)
FN:114,(anonymous_10)
FN:122,(anonymous_11)
FNF:12
FNH:10
FNDA:165,(anonymous_0)
FNDA:1,(anonymous_1)
FNDA:1,(anonymous_2)
FNDA:0,(anonymous_3)
FNDA:1,(anonymous_4)
FNDA:1,(anonymous_5)
FNDA:0,(anonymous_6)
FNDA:59,(anonymous_7)
FNDA:3,(anonymous_8)
FNDA:1,(anonymous_9)
FNDA:63,(anonymous_10)
FNDA:1,(anonymous_11)
DA:26,7
DA:27,165
DA:28,165
DA:29,165
DA:30,165
DA:32,165
DA:33,165
DA:35,165
DA:36,1
DA:45,1
DA:46,1
DA:57,0
DA:70,165
DA:71,1
DA:77,1
DA:88,0
DA:99,165
DA:102,7
DA:103,59
DA:105,59
DA:106,3
DA:107,0
DA:111,59
DA:112,1
DA:115,63
DA:122,1
DA:151,7
LF:27
LH:24
BRDA:106,0,0,0
BRDA:106,0,1,3
BRDA:112,1,0,15
BRDA:112,1,1,44
BRDA:121,2,0,15
BRDA:121,2,1,48
BRF:6
BRH:5
end_of_record
TN:
SF:app\components\promo-popover\index.jsx
FN:30,(anonymous_0)
FNF:1
FNH:1
FNDA:50,(anonymous_0)
DA:30,10
DA:31,50
DA:78,10
LF:3
LH:3
BRDA:60,0,0,50
BRDA:60,0,1,50
BRF:2
BRH:2
end_of_record
TN:
SF:app\components\quantity-picker\index.jsx
FN:27,(anonymous_0)
FN:32,(anonymous_1)
FNF:2
FNH:2
FNDA:102,(anonymous_0)
FNDA:1,(anonymous_1)
DA:27,11
DA:28,102
DA:34,1
DA:38,1
DA:42,1
DA:46,102
DA:47,102
DA:48,102
DA:50,102
LF:9
LH:9
BRDA:42,0,0,1
BRDA:42,0,1,1
BRF:2
BRH:2
end_of_record
TN:
SF:app\components\radio-card\index.jsx
FN:14,(anonymous_0)
FN:63,(anonymous_1)
FNF:2
FNH:2
FNDA:68,(anonymous_0)
FNDA:32,(anonymous_1)
DA:12,1
DA:14,1
DA:15,68
DA:16,68
DA:18,68
DA:19,68
DA:20,68
DA:63,1
DA:64,32
DA:65,32
DA:67,32
DA:74,1
DA:75,1
LF:13
LH:13
BRDA:41,0,0,68
BRDA:41,0,1,30
BRF:2
BRH:2
end_of_record
TN:
SF:app\components\recommended-products\index.jsx
FN:32,(anonymous_0)
FN:59,(anonymous_1)
FN:78,(anonymous_2)
FN:86,(anonymous_3)
FN:92,(anonymous_4)
FN:99,(anonymous_5)
FN:111,(anonymous_6)
FN:139,(anonymous_7)
FN:152,(anonymous_8)
FN:155,(anonymous_9)
FN:186,(anonymous_10)
FN:187,(anonymous_11)
FN:198,(anonymous_12)
FN:200,(anonymous_13)
FNF:14
FNH:9
FNDA:153,(anonymous_0)
FNDA:40,(anonymous_1)
FNDA:67,(anonymous_2)
FNDA:54,(anonymous_3)
FNDA:56,(anonymous_4)
FNDA:2,(anonymous_5)
FNDA:0,(anonymous_6)
FNDA:0,(anonymous_7)
FNDA:0,(anonymous_8)
FNDA:0,(anonymous_9)
FNDA:7,(anonymous_10)
FNDA:1,(anonymous_11)
FNDA:7,(anonymous_12)
FNDA:0,(anonymous_13)
DA:32,71
DA:40,153
DA:41,153
DA:42,153
DA:43,153
DA:45,153
DA:48,153
DA:51,153
DA:52,153
DA:53,153
DA:55,153
DA:56,153
DA:57,153
DA:59,153
DA:62,40
DA:63,12
DA:68,28
DA:69,0
DA:70,0
DA:72,28
DA:73,28
DA:74,28
DA:78,153
DA:81,67
DA:82,13
DA:84,54
DA:86,54
DA:88,14
DA:92,153
DA:93,56
DA:94,2
DA:99,2
DA:106,153
DA:107,48
DA:111,105
DA:112,0
DA:113,0
DA:114,0
DA:116,0
DA:130,0
DA:139,0
DA:145,0
DA:152,105
DA:153,0
DA:154,0
DA:155,0
DA:157,0
DA:158,0
DA:160,0
DA:167,0
DA:173,0
DA:180,105
DA:186,7
DA:188,1
DA:198,7
DA:201,0
DA:202,0
DA:210,71
LF:58
LH:39
BRDA:62,0,0,12
BRDA:62,0,1,28
BRDA:62,1,0,40
BRDA:62,1,1,27
BRDA:68,2,0,0
BRDA:68,2,1,28
BRDA:72,3,0,28
BRDA:72,3,1,0
BRDA:81,4,0,13
BRDA:81,4,1,54
BRDA:84,5,0,14
BRDA:84,5,1,40
BRDA:85,6,0,54
BRDA:85,6,1,54
BRDA:93,7,0,2
BRDA:93,7,1,54
BRDA:93,8,0,56
BRDA:93,8,1,2
BRDA:106,9,0,48
BRDA:106,9,1,105
BRDA:106,10,0,153
BRDA:106,10,1,120
BRDA:106,10,2,120
BRDA:113,11,0,0
BRDA:113,11,1,0
BRDA:113,12,0,0
BRDA:113,12,1,0
BRDA:157,13,0,0
BRDA:157,13,1,0
BRDA:157,14,0,0
BRDA:157,14,1,0
BRDA:157,14,2,0
BRDA:183,15,0,105
BRDA:183,15,1,0
BRDA:201,16,0,0
BRDA:201,16,1,0
BRF:36
BRH:22
end_of_record
TN:
SF:app\components\register\index.jsx
FN:23,(anonymous_0)
FN:60,(anonymous_1)
FN:89,(anonymous_2)
FN:95,(anonymous_3)
FNF:4
FNH:4
FNDA:34,(anonymous_0)
FNDA:2,(anonymous_1)
FNDA:34,(anonymous_2)
FNDA:34,(anonymous_3)
DA:23,71
DA:24,34
DA:60,2
DA:90,34
DA:96,34
DA:114,71
LF:6
LH:6
BRDA:23,0,0,0
BRDA:48,1,0,34
BRDA:48,1,1,0
BRF:3
BRH:1
end_of_record
TN:
SF:app\components\reset-password\index.jsx
FN:16,(anonymous_0)
FN:50,(anonymous_1)
FNF:2
FNH:2
FNDA:15,(anonymous_0)
FNDA:2,(anonymous_1)
DA:16,71
DA:17,15
DA:50,2
DA:81,71
LF:4
LH:4
BRDA:16,0,0,0
BRDA:38,1,0,15
BRDA:38,1,1,1
BRF:3
BRH:2
end_of_record
TN:
SF:app\components\responsive\index.jsx
FN:15,(anonymous_0)
FN:24,(anonymous_1)
FNF:2
FNH:2
FNDA:296,(anonymous_0)
FNDA:204,(anonymous_1)
DA:15,20
DA:16,296
DA:18,20
DA:24,20
DA:25,204
DA:27,20
LF:6
LH:6
BRF:0
BRH:0
end_of_record
TN:
SF:app\components\scroll-to-top\index.jsx
FN:16,ScrollToTop
FN:19,(anonymous_1)
FNF:2
FNH:2
FNDA:10,ScrollToTop
FNDA:6,(anonymous_1)
DA:17,10
DA:19,10
DA:20,6
DA:23,10
LF:4
LH:4
BRF:0
BRH:0
end_of_record
TN:
SF:app\components\search\index.jsx
FN:45,(anonymous_0)
FN:48,(anonymous_1)
FN:57,(anonymous_2)
FN:68,(anonymous_3)
FN:87,(anonymous_4)
FN:104,(anonymous_5)
FN:109,(anonymous_6)
FN:118,(anonymous_7)
FN:123,(anonymous_8)
FN:135,(anonymous_9)
FN:140,(anonymous_10)
FN:149,(anonymous_11)
FN:154,(anonymous_12)
FN:167,(anonymous_13)
FN:178,(anonymous_14)
FN:191,(anonymous_15)
FN:209,(anonymous_16)
FN:210,(anonymous_17)
FN:211,(anonymous_18)
FN:223,(anonymous_19)
FNF:20
FNH:19
FNDA:55,(anonymous_0)
FNDA:3,(anonymous_1)
FNDA:15,(anonymous_2)
FNDA:3,(anonymous_3)
FNDA:56,(anonymous_4)
FNDA:55,(anonymous_5)
FNDA:21,(anonymous_6)
FNDA:3,(anonymous_7)
FNDA:8,(anonymous_8)
FNDA:4,(anonymous_9)
FNDA:22,(anonymous_10)
FNDA:4,(anonymous_11)
FNDA:3,(anonymous_12)
FNDA:1,(anonymous_13)
FNDA:49,(anonymous_14)
FNDA:22,(anonymous_15)
FNDA:22,(anonymous_16)
FNDA:6,(anonymous_17)
FNDA:4,(anonymous_18)
FNDA:0,(anonymous_19)
DA:45,3
DA:46,55
DA:49,3
DA:58,15
DA:69,3
DA:87,3
DA:88,56
DA:89,55
DA:90,55
DA:91,55
DA:101,55
DA:102,55
DA:103,55
DA:104,55
DA:109,55
DA:110,21
DA:114,55
DA:118,55
DA:120,3
DA:123,3
DA:124,8
DA:129,3
DA:132,3
DA:135,55
DA:136,4
DA:137,4
DA:140,55
DA:141,22
DA:142,22
DA:143,14
DA:145,8
DA:149,55
DA:150,4
DA:151,4
DA:154,55
DA:155,3
DA:157,3
DA:159,3
DA:160,0
DA:162,3
DA:163,3
DA:164,3
DA:167,55
DA:168,1
DA:169,1
DA:170,1
DA:172,0
DA:173,0
DA:174,0
DA:178,55
DA:181,49
DA:185,15
DA:187,34
DA:191,55
DA:192,22
DA:193,22
DA:196,55
DA:209,22
DA:210,6
DA:211,4
DA:223,0
DA:277,3
LF:62
LH:57
BRDA:114,0,0,55
BRDA:114,0,1,55
BRDA:114,0,2,52
BRDA:120,1,0,3
BRDA:120,1,1,1
BRDA:142,2,0,14
BRDA:142,2,1,8
BRDA:159,3,0,0
BRDA:159,3,1,3
BRDA:168,4,0,1
BRDA:168,4,1,0
BRDA:181,5,0,15
BRDA:181,5,1,34
BRDA:182,6,0,49
BRDA:182,6,1,30
BRDA:182,6,2,35
BRDA:182,6,3,1
BRDA:220,7,0,9
BRDA:220,7,1,46
BRDA:247,8,0,9
BRDA:247,8,1,46
BRDA:247,9,0,55
BRDA:247,9,1,46
BRDA:254,10,0,52
BRDA:254,10,1,3
BRF:25
BRH:23
end_of_record
TN:
SF:app\components\search\partials\recent-searches.jsx
FN:17,(anonymous_0)
FN:18,(anonymous_1)
FN:33,(anonymous_2)
FN:40,(anonymous_3)
FN:52,(anonymous_4)
FNF:5
FNH:4
FNDA:4,(anonymous_0)
FNDA:1,(anonymous_1)
FNDA:14,(anonymous_2)
FNDA:0,(anonymous_3)
FNDA:1,(anonymous_4)
DA:17,3
DA:18,4
DA:19,1
DA:20,1
DA:22,4
DA:34,14
DA:41,0
DA:53,1
DA:71,3
LF:9
LH:8
BRDA:24,0,0,4
BRDA:24,0,1,4
BRF:2
BRH:2
end_of_record
TN:
SF:app\components\search\partials\search-suggestions.jsx
FN:13,(anonymous_0)
FNF:1
FNH:1
FNDA:7,(anonymous_0)
DA:13,3
DA:14,7
DA:15,7
DA:39,3
LF:4
LH:4
BRDA:14,0,0,7
BRDA:14,0,1,7
BRDA:17,1,0,3
BRDA:17,1,1,4
BRF:4
BRH:4
end_of_record
TN:
SF:app\components\search\partials\suggestions.jsx
FN:11,(anonymous_0)
FN:18,(anonymous_1)
FN:21,(anonymous_2)
FNF:3
FNH:2
FNDA:4,(anonymous_0)
FNDA:3,(anonymous_1)
FNDA:0,(anonymous_2)
DA:11,3
DA:12,4
DA:13,1
DA:15,3
DA:19,3
DA:21,0
DA:38,3
LF:7
LH:6
BRDA:12,0,0,1
BRDA:12,0,1,3
BRF:2
BRH:2
end_of_record
TN:
SF:app\components\section\index.jsx
FN:23,(anonymous_0)
FNF:1
FNH:1
FNDA:6,(anonymous_0)
DA:23,1
DA:24,6
DA:25,6
DA:49,1
DA:51,1
LF:5
LH:5
BRDA:24,0,0,6
BRDA:24,0,1,4
BRDA:28,1,0,6
BRDA:28,1,1,4
BRDA:33,2,0,6
BRDA:33,2,1,4
BRDA:38,3,0,6
BRDA:38,3,1,2
BRF:8
BRH:8
end_of_record
TN:
SF:app\components\seo\index.jsx
FN:13,(anonymous_0)
FNF:1
FNH:1
FNDA:91,(anonymous_0)
DA:13,7
DA:14,91
DA:16,91
DA:26,7
LF:4
LH:4
BRDA:14,0,0,84
BRDA:14,0,1,7
BRDA:19,1,0,91
BRDA:19,1,1,84
BRDA:20,2,0,91
BRDA:20,2,1,0
BRF:6
BRH:5
end_of_record
TN:
SF:app\components\shared\theme\index.jsx
FNF:0
FNH:0
LF:0
LH:0
BRF:0
BRH:0
end_of_record
TN:
SF:app\components\shared\ui\index.jsx
FNF:0
FNH:0
LF:0
LH:0
BRF:0
BRH:0
end_of_record
TN:
SF:app\components\shared\ui\Accordion\index.jsx
FNF:0
FNH:0
LF:0
LH:0
BRF:0
BRH:0
end_of_record
TN:
SF:app\components\shared\ui\AccordionButton\index.jsx
FNF:0
FNH:0
LF:0
LH:0
BRF:0
BRH:0
end_of_record
TN:
SF:app\components\shared\ui\AccordionIcon\index.jsx
FNF:0
FNH:0
LF:0
LH:0
BRF:0
BRH:0
end_of_record
TN:
SF:app\components\shared\ui\AccordionItem\index.jsx
FNF:0
FNH:0
LF:0
LH:0
BRF:0
BRH:0
end_of_record
TN:
SF:app\components\shared\ui\AccordionPanel\index.jsx
FNF:0
FNH:0
LF:0
LH:0
BRF:0
BRH:0
end_of_record
TN:
SF:app\components\shared\ui\Alert\index.jsx
FNF:0
FNH:0
LF:0
LH:0
BRF:0
BRH:0
end_of_record
TN:
SF:app\components\shared\ui\AlertDialog\index.jsx
FNF:0
FNH:0
LF:0
LH:0
BRF:0
BRH:0
end_of_record
TN:
SF:app\components\shared\ui\AlertDialogBody\index.jsx
FNF:0
FNH:0
LF:0
LH:0
BRF:0
BRH:0
end_of_record
TN:
SF:app\components\shared\ui\AlertDialogContent\index.jsx
FNF:0
FNH:0
LF:0
LH:0
BRF:0
BRH:0
end_of_record
TN:
SF:app\components\shared\ui\AlertDialogFooter\index.jsx
FNF:0
FNH:0
LF:0
LH:0
BRF:0
BRH:0
end_of_record
TN:
SF:app\components\shared\ui\AlertDialogHeader\index.jsx
FNF:0
FNH:0
LF:0
LH:0
BRF:0
BRH:0
end_of_record
TN:
SF:app\components\shared\ui\AlertDialogOverlay\index.jsx
FNF:0
FNH:0
LF:0
LH:0
BRF:0
BRH:0
end_of_record
TN:
SF:app\components\shared\ui\AlertIcon\index.jsx
FNF:0
FNH:0
LF:0
LH:0
BRF:0
BRH:0
end_of_record
TN:
SF:app\components\shared\ui\AlertTitle\index.jsx
FNF:0
FNH:0
LF:0
LH:0
BRF:0
BRH:0
end_of_record
TN:
SF:app\components\shared\ui\AspectRatio\index.jsx
FNF:0
FNH:0
LF:0
LH:0
BRF:0
BRH:0
end_of_record
TN:
SF:app\components\shared\ui\Badge\index.jsx
FNF:0
FNH:0
LF:0
LH:0
BRF:0
BRH:0
end_of_record
TN:
SF:app\components\shared\ui\Box\index.jsx
FNF:0
FNH:0
LF:0
LH:0
BRF:0
BRH:0
end_of_record
TN:
SF:app\components\shared\ui\Breadcrumb\index.jsx
FNF:0
FNH:0
LF:0
LH:0
BRF:0
BRH:0
end_of_record
TN:
SF:app\components\shared\ui\BreadcrumbItem\index.jsx
FNF:0
FNH:0
LF:0
LH:0
BRF:0
BRH:0
end_of_record
TN:
SF:app\components\shared\ui\BreadcrumbLink\index.jsx
FNF:0
FNH:0
LF:0
LH:0
BRF:0
BRH:0
end_of_record
TN:
SF:app\components\shared\ui\Button\index.jsx
FNF:0
FNH:0
LF:0
LH:0
BRF:0
BRH:0
end_of_record
TN:
SF:app\components\shared\ui\ButtonGroup\index.jsx
FNF:0
FNH:0
LF:0
LH:0
BRF:0
BRH:0
end_of_record
TN:
SF:app\components\shared\ui\Center\index.jsx
FNF:0
FNH:0
LF:0
LH:0
BRF:0
BRH:0
end_of_record
TN:
SF:app\components\shared\ui\ChakraProvider\index.jsx
FNF:0
FNH:0
LF:0
LH:0
BRF:0
BRH:0
end_of_record
TN:
SF:app\components\shared\ui\Checkbox\index.jsx
FNF:0
FNH:0
LF:0
LH:0
BRF:0
BRH:0
end_of_record
TN:
SF:app\components\shared\ui\CloseButton\index.jsx
FNF:0
FNH:0
LF:0
LH:0
BRF:0
BRH:0
end_of_record
TN:
SF:app\components\shared\ui\Container\index.jsx
FNF:0
FNH:0
LF:0
LH:0
BRF:0
BRH:0
end_of_record
TN:
SF:app\components\shared\ui\Divider\index.jsx
FNF:0
FNH:0
LF:0
LH:0
BRF:0
BRH:0
end_of_record
TN:
SF:app\components\shared\ui\Drawer\index.jsx
FNF:0
FNH:0
LF:0
LH:0
BRF:0
BRH:0
end_of_record
TN:
SF:app\components\shared\ui\DrawerBody\index.jsx
FNF:0
FNH:0
LF:0
LH:0
BRF:0
BRH:0
end_of_record
TN:
SF:app\components\shared\ui\DrawerCloseButton\index.jsx
FNF:0
FNH:0
LF:0
LH:0
BRF:0
BRH:0
end_of_record
TN:
SF:app\components\shared\ui\DrawerContent\index.jsx
FNF:0
FNH:0
LF:0
LH:0
BRF:0
BRH:0
end_of_record
TN:
SF:app\components\shared\ui\DrawerFooter\index.jsx
FNF:0
FNH:0
LF:0
LH:0
BRF:0
BRH:0
end_of_record
TN:
SF:app\components\shared\ui\DrawerHeader\index.jsx
FNF:0
FNH:0
LF:0
LH:0
BRF:0
BRH:0
end_of_record
TN:
SF:app\components\shared\ui\DrawerOverlay\index.jsx
FNF:0
FNH:0
LF:0
LH:0
BRF:0
BRH:0
end_of_record
TN:
SF:app\components\shared\ui\Fade\index.jsx
FNF:0
FNH:0
LF:0
LH:0
BRF:0
BRH:0
end_of_record
TN:
SF:app\components\shared\ui\Flex\index.jsx
FNF:0
FNH:0
LF:0
LH:0
BRF:0
BRH:0
end_of_record
TN:
SF:app\components\shared\ui\FormControl\index.jsx
FNF:0
FNH:0
LF:0
LH:0
BRF:0
BRH:0
end_of_record
TN:
SF:app\components\shared\ui\FormErrorMessage\index.jsx
FNF:0
FNH:0
LF:0
LH:0
BRF:0
BRH:0
end_of_record
TN:
SF:app\components\shared\ui\FormLabel\index.jsx
FNF:0
FNH:0
LF:0
LH:0
BRF:0
BRH:0
end_of_record
TN:
SF:app\components\shared\ui\Grid\index.jsx
FNF:0
FNH:0
LF:0
LH:0
BRF:0
BRH:0
end_of_record
TN:
SF:app\components\shared\ui\GridItem\index.jsx
FNF:0
FNH:0
LF:0
LH:0
BRF:0
BRH:0
end_of_record
TN:
SF:app\components\shared\ui\HStack\index.jsx
FNF:0
FNH:0
LF:0
LH:0
BRF:0
BRH:0
end_of_record
TN:
SF:app\components\shared\ui\Heading\index.jsx
FNF:0
FNH:0
LF:0
LH:0
BRF:0
BRH:0
end_of_record
TN:
SF:app\components\shared\ui\Icon\index.jsx
FNF:0
FNH:0
LF:0
LH:0
BRF:0
BRH:0
end_of_record
TN:
SF:app\components\shared\ui\IconButton\index.jsx
FNF:0
FNH:0
LF:0
LH:0
BRF:0
BRH:0
end_of_record
TN:
SF:app\components\shared\ui\Image\index.jsx
FNF:0
FNH:0
LF:0
LH:0
BRF:0
BRH:0
end_of_record
TN:
SF:app\components\shared\ui\Img\index.jsx
FNF:0
FNH:0
LF:0
LH:0
BRF:0
BRH:0
end_of_record
TN:
SF:app\components\shared\ui\Input\index.jsx
FNF:0
FNH:0
LF:0
LH:0
BRF:0
BRH:0
end_of_record
TN:
SF:app\components\shared\ui\InputGroup\index.jsx
FNF:0
FNH:0
LF:0
LH:0
BRF:0
BRH:0
end_of_record
TN:
SF:app\components\shared\ui\InputLeftElement\index.jsx
FNF:0
FNH:0
LF:0
LH:0
BRF:0
BRH:0
end_of_record
TN:
SF:app\components\shared\ui\InputRightElement\index.jsx
FNF:0
FNH:0
LF:0
LH:0
BRF:0
BRH:0
end_of_record
TN:
SF:app\components\shared\ui\Link\index.jsx
FNF:0
FNH:0
LF:0
LH:0
BRF:0
BRH:0
end_of_record
TN:
SF:app\components\shared\ui\List\index.jsx
FNF:0
FNH:0
LF:0
LH:0
BRF:0
BRH:0
end_of_record
TN:
SF:app\components\shared\ui\ListItem\index.jsx
FNF:0
FNH:0
LF:0
LH:0
BRF:0
BRH:0
end_of_record
TN:
SF:app\components\shared\ui\Modal\index.jsx
FNF:0
FNH:0
LF:0
LH:0
BRF:0
BRH:0
end_of_record
TN:
SF:app\components\shared\ui\ModalBody\index.jsx
FNF:0
FNH:0
LF:0
LH:0
BRF:0
BRH:0
end_of_record
TN:
SF:app\components\shared\ui\ModalCloseButton\index.jsx
FNF:0
FNH:0
LF:0
LH:0
BRF:0
BRH:0
end_of_record
TN:
SF:app\components\shared\ui\ModalContent\index.jsx
FNF:0
FNH:0
LF:0
LH:0
BRF:0
BRH:0
end_of_record
TN:
SF:app\components\shared\ui\ModalFooter\index.jsx
FNF:0
FNH:0
LF:0
LH:0
BRF:0
BRH:0
end_of_record
TN:
SF:app\components\shared\ui\ModalHeader\index.jsx
FNF:0
FNH:0
LF:0
LH:0
BRF:0
BRH:0
end_of_record
TN:
SF:app\components\shared\ui\ModalOverlay\index.jsx
FNF:0
FNH:0
LF:0
LH:0
BRF:0
BRH:0
end_of_record
TN:
SF:app\components\shared\ui\Popover\index.jsx
FNF:0
FNH:0
LF:0
LH:0
BRF:0
BRH:0
end_of_record
TN:
SF:app\components\shared\ui\PopoverArrow\index.jsx
FNF:0
FNH:0
LF:0
LH:0
BRF:0
BRH:0
end_of_record
TN:
SF:app\components\shared\ui\PopoverBody\index.jsx
FNF:0
FNH:0
LF:0
LH:0
BRF:0
BRH:0
end_of_record
TN:
SF:app\components\shared\ui\PopoverCloseButton\index.jsx
FNF:0
FNH:0
LF:0
LH:0
BRF:0
BRH:0
end_of_record
TN:
SF:app\components\shared\ui\PopoverContent\index.jsx
FNF:0
FNH:0
LF:0
LH:0
BRF:0
BRH:0
end_of_record
TN:
SF:app\components\shared\ui\PopoverFooter\index.jsx
FNF:0
FNH:0
LF:0
LH:0
BRF:0
BRH:0
end_of_record
TN:
SF:app\components\shared\ui\PopoverHeader\index.jsx
FNF:0
FNH:0
LF:0
LH:0
BRF:0
BRH:0
end_of_record
TN:
SF:app\components\shared\ui\PopoverTrigger\index.jsx
FNF:0
FNH:0
LF:0
LH:0
BRF:0
BRH:0
end_of_record
TN:
SF:app\components\shared\ui\Portal\index.jsx
FNF:0
FNH:0
LF:0
LH:0
BRF:0
BRH:0
end_of_record
TN:
SF:app\components\shared\ui\Radio\index.jsx
FNF:0
FNH:0
LF:0
LH:0
BRF:0
BRH:0
end_of_record
TN:
SF:app\components\shared\ui\RadioGroup\index.jsx
FNF:0
FNH:0
LF:0
LH:0
BRF:0
BRH:0
end_of_record
TN:
SF:app\components\shared\ui\Select\index.jsx
FNF:0
FNH:0
LF:0
LH:0
BRF:0
BRH:0
end_of_record
TN:
SF:app\components\shared\ui\SimpleGrid\index.jsx
FNF:0
FNH:0
LF:0
LH:0
BRF:0
BRH:0
end_of_record
TN:
SF:app\components\shared\ui\Skeleton\index.jsx
FNF:0
FNH:0
LF:0
LH:0
BRF:0
BRH:0
end_of_record
TN:
SF:app\components\shared\ui\Spacer\index.jsx
FNF:0
FNH:0
LF:0
LH:0
BRF:0
BRH:0
end_of_record
TN:
SF:app\components\shared\ui\Spinner\index.jsx
FNF:0
FNH:0
LF:0
LH:0
BRF:0
BRH:0
end_of_record
TN:
SF:app\components\shared\ui\Stack\index.jsx
FNF:0
FNH:0
LF:0
LH:0
BRF:0
BRH:0
end_of_record
TN:
SF:app\components\shared\ui\StackDivider\index.jsx
FNF:0
FNH:0
LF:0
LH:0
BRF:0
BRH:0
end_of_record
TN:
SF:app\components\shared\ui\StylesProvider\index.jsx
FNF:0
FNH:0
LF:0
LH:0
BRF:0
BRH:0
end_of_record
TN:
SF:app\components\shared\ui\Text\index.jsx
FNF:0
FNH:0
LF:0
LH:0
BRF:0
BRH:0
end_of_record
TN:
SF:app\components\shared\ui\Tooltip\index.jsx
FNF:0
FNH:0
LF:0
LH:0
BRF:0
BRH:0
end_of_record
TN:
SF:app\components\shared\ui\VStack\index.jsx
FNF:0
FNH:0
LF:0
LH:0
BRF:0
BRH:0
end_of_record
TN:
SF:app\components\shared\ui\Wrap\index.jsx
FNF:0
FNH:0
LF:0
LH:0
BRF:0
BRH:0
end_of_record
TN:
SF:app\components\shared\ui\WrapItem\index.jsx
FNF:0
FNH:0
LF:0
LH:0
BRF:0
BRH:0
end_of_record
TN:
SF:app\components\shared\ui\createStylesContext\index.jsx
FNF:0
FNH:0
LF:0
LH:0
BRF:0
BRH:0
end_of_record
TN:
SF:app\components\shared\ui\extendTheme\index.jsx
FNF:0
FNH:0
LF:0
LH:0
BRF:0
BRH:0
end_of_record
TN:
SF:app\components\shared\ui\useBreakpoint\index.jsx
FNF:0
FNH:0
LF:0
LH:0
BRF:0
BRH:0
end_of_record
TN:
SF:app\components\shared\ui\useBreakpointValue\index.jsx
FNF:0
FNH:0
LF:0
LH:0
BRF:0
BRH:0
end_of_record
TN:
SF:app\components\shared\ui\useDisclosure\index.jsx
FNF:0
FNH:0
LF:0
LH:0
BRF:0
BRH:0
end_of_record
TN:
SF:app\components\shared\ui\useMediaQuery\index.jsx
FNF:0
FNH:0
LF:0
LH:0
BRF:0
BRH:0
end_of_record
TN:
SF:app\components\shared\ui\useMultiStyleConfig\index.jsx
FNF:0
FNH:0
LF:0
LH:0
BRF:0
BRH:0
end_of_record
TN:
SF:app\components\shared\ui\useNumberInput\index.jsx
FNF:0
FNH:0
LF:0
LH:0
BRF:0
BRH:0
end_of_record
TN:
SF:app\components\shared\ui\useRadio\index.jsx
FNF:0
FNH:0
LF:0
LH:0
BRF:0
BRH:0
end_of_record
TN:
SF:app\components\shared\ui\useRadioGroup\index.jsx
FNF:0
FNH:0
LF:0
LH:0
BRF:0
BRH:0
end_of_record
TN:
SF:app\components\shared\ui\useStyleConfig\index.jsx
FNF:0
FNH:0
LF:0
LH:0
BRF:0
BRH:0
end_of_record
TN:
SF:app\components\shared\ui\useStyles\index.jsx
FNF:0
FNH:0
LF:0
LH:0
BRF:0
BRH:0
end_of_record
TN:
SF:app\components\shared\ui\useTheme\index.jsx
FNF:0
FNH:0
LF:0
LH:0
BRF:0
BRH:0
end_of_record
TN:
SF:app\components\shared\ui\useToast\index.jsx
FNF:0
FNH:0
LF:0
LH:0
BRF:0
BRH:0
end_of_record
TN:
SF:app\components\shared\util\index.jsx
FNF:0
FNH:0
LF:0
LH:0
BRF:0
BRH:0
end_of_record
TN:
SF:app\components\shared\util\SkipNavContent\index.jsx
FNF:0
FNH:0
LF:0
LH:0
BRF:0
BRH:0
end_of_record
TN:
SF:app\components\shared\util\SkipNavLink\index.jsx
FNF:0
FNH:0
LF:0
LH:0
BRF:0
BRH:0
end_of_record
TN:
SF:app\components\social-icons\index.jsx
FN:32,(anonymous_0)
FN:69,(anonymous_1)
FN:75,(anonymous_2)
FNF:3
FNH:3
FNDA:24,(anonymous_0)
FNDA:120,(anonymous_1)
FNDA:1,(anonymous_2)
DA:32,4
DA:33,24
DA:35,24
DA:70,120
DA:76,1
DA:85,4
DA:87,4
LF:7
LH:7
BRDA:32,0,0,6
BRF:1
BRH:1
end_of_record
TN:
SF:app\components\swatch-group\index.jsx
FN:22,(anonymous_0)
FN:39,(anonymous_1)
FNF:2
FNH:2
FNDA:202,(anonymous_0)
FNDA:811,(anonymous_1)
DA:22,11
DA:30,202
DA:31,202
DA:32,202
DA:40,811
DA:42,811
DA:53,11
DA:55,11
LF:8
LH:8
BRDA:27,0,0,0
BRDA:28,1,0,0
BRDA:29,2,0,0
BRF:3
BRH:0
end_of_record
TN:
SF:app\components\swatch-group\swatch.jsx
FN:21,(anonymous_0)
FN:40,(anonymous_1)
FNF:2
FNH:2
FNDA:811,(anonymous_0)
FNDA:2,(anonymous_1)
DA:21,11
DA:32,811
DA:33,811
DA:34,811
DA:41,2
DA:42,2
DA:56,11
DA:58,11
LF:8
LH:8
BRDA:28,0,0,0
BRDA:50,1,0,811
BRDA:50,1,1,0
BRF:3
BRH:1
end_of_record
TN:
SF:app\components\toggle-card\index.jsx
FN:26,(anonymous_0)
FN:76,(anonymous_1)
FN:81,(anonymous_2)
FNF:3
FNH:3
FNDA:314,(anonymous_0)
FNDA:314,(anonymous_1)
FNDA:256,(anonymous_2)
DA:19,6
DA:26,6
DA:37,314
DA:76,6
DA:77,314
DA:78,314
DA:81,6
DA:82,256
DA:83,256
DA:86,6
DA:97,6
DA:101,6
LF:12
LH:12
BRDA:47,0,0,244
BRDA:47,0,1,70
BRDA:47,1,0,314
BRDA:47,1,1,204
BRDA:47,1,2,204
BRDA:52,2,0,314
BRDA:52,2,1,114
BRDA:52,2,2,70
BRDA:56,3,0,314
BRDA:56,3,1,204
BRDA:56,3,2,134
BRDA:56,3,3,122
BRDA:58,4,0,122
BRDA:58,4,1,97
BRDA:70,5,0,314
BRDA:70,5,1,19
BRDA:70,5,2,19
BRDA:78,6,0,110
BRDA:78,6,1,204
BRDA:83,7,0,128
BRDA:83,7,1,128
BRDA:83,8,0,256
BRDA:83,8,1,162
BRF:23
BRH:23
end_of_record
TN:
SF:app\components\with-registration\index.jsx
FN:16,(anonymous_0)
FN:17,(anonymous_1)
FN:25,(anonymous_2)
FNF:3
FNH:3
FNDA:84,(anonymous_0)
FNDA:552,(anonymous_1)
FNDA:5,(anonymous_2)
DA:16,71
DA:17,84
DA:18,552
DA:19,552
DA:20,552
DA:21,552
DA:22,552
DA:23,552
DA:25,552
DA:26,5
DA:27,5
DA:29,1
DA:30,0
DA:38,1
DA:41,4
DA:45,552
DA:52,84
DA:55,84
LF:18
LH:17
BRDA:17,0,0,0
BRDA:27,1,0,1
BRDA:27,1,1,4
BRDA:29,2,0,0
BRDA:29,2,1,1
BRF:5
BRH:3
end_of_record
TN:
SF:app\contexts\index.js
FN:33,(anonymous_0)
FN:79,(anonymous_1)
FNF:2
FNH:2
FNDA:182,(anonymous_0)
FNDA:188,(anonymous_1)
DA:32,72
DA:33,72
DA:39,182
DA:40,182
DA:42,182
DA:49,72
DA:78,72
DA:79,72
DA:80,188
DA:82,188
DA:89,72
LF:11
LH:11
BRDA:34,0,0,2
BRDA:35,1,0,2
BRF:2
BRH:2
end_of_record
TN:
SF:app\hooks\einstein-mock-data.js
FNF:0
FNH:0
DA:8,1
DA:18,1
DA:20,1
DA:25,1
DA:51,1
DA:432,1
DA:514,1
LF:7
LH:7
BRF:0
BRH:0
end_of_record
TN:
SF:app\hooks\use-add-to-cart-modal.js
FN:44,(anonymous_0)
FN:45,(anonymous_1)
FN:61,(anonymous_2)
FN:71,(anonymous_3)
FN:112,(anonymous_4)
FN:152,(anonymous_5)
FN:246,(anonymous_6)
FN:319,(anonymous_7)
FN:326,(anonymous_8)
FN:338,(anonymous_9)
FN:344,(anonymous_10)
FNF:11
FNH:10
FNDA:810,(anonymous_0)
FNDA:215,(anonymous_1)
FNDA:680,(anonymous_2)
FNDA:9,(anonymous_3)
FNDA:9,(anonymous_4)
FNDA:19,(anonymous_5)
FNDA:2,(anonymous_6)
FNDA:215,(anonymous_7)
FNDA:196,(anonymous_8)
FNDA:1,(anonymous_9)
FNDA:0,(anonymous_10)
DA:43,71
DA:44,810
DA:45,71
DA:46,215
DA:47,215
DA:54,71
DA:61,71
DA:62,680
DA:63,679
DA:64,679
DA:68,679
DA:69,679
DA:70,679
DA:71,679
DA:73,679
DA:74,675
DA:77,4
DA:113,9
DA:120,9
DA:121,9
DA:126,9
DA:153,19
DA:246,2
DA:304,71
DA:319,71
DA:320,215
DA:325,215
DA:326,215
DA:327,196
DA:328,0
DA:335,215
DA:339,1
DA:345,0
LF:33
LH:31
BRDA:63,0,0,675
BRDA:63,1,0,679
BRDA:63,1,1,675
BRDA:66,2,0,488
BRDA:73,3,0,675
BRDA:73,3,1,4
BRDA:130,4,0,0
BRDA:130,4,1,9
BRDA:176,5,0,0
BRDA:176,5,1,9
BRDA:205,6,0,4
BRDA:205,6,1,0
BRDA:270,7,0,4
BRDA:270,7,1,0
BRDA:327,8,0,0
BRDA:327,8,1,196
BRF:16
BRH:11
end_of_record
TN:
SF:app\hooks\use-auth-modal.js
FN:52,(anonymous_0)
FN:89,(anonymous_1)
FN:92,(anonymous_2)
FN:97,(anonymous_3)
FN:128,(anonymous_4)
FN:149,(anonymous_5)
FN:166,(anonymous_6)
FN:175,(anonymous_7)
FN:186,(anonymous_8)
FN:190,(anonymous_9)
FN:235,(anonymous_10)
FN:238,(anonymous_11)
FN:255,(anonymous_12)
FN:287,(anonymous_13)
FN:288,(anonymous_14)
FN:328,(anonymous_15)
FNF:16
FNH:10
FNDA:804,(anonymous_0)
FNDA:1,(anonymous_1)
FNDA:1,(anonymous_2)
FNDA:0,(anonymous_3)
FNDA:1,(anonymous_4)
FNDA:0,(anonymous_5)
FNDA:276,(anonymous_6)
FNDA:272,(anonymous_7)
FNDA:273,(anonymous_8)
FNDA:302,(anonymous_9)
FNDA:0,(anonymous_10)
FNDA:0,(anonymous_11)
FNDA:0,(anonymous_12)
FNDA:1,(anonymous_13)
FNDA:0,(anonymous_14)
FNDA:631,(anonymous_15)
DA:43,71
DA:44,71
DA:45,71
DA:47,71
DA:52,71
DA:61,804
DA:62,804
DA:63,804
DA:64,804
DA:66,804
DA:71,804
DA:72,804
DA:73,804
DA:74,804
DA:75,804
DA:76,804
DA:77,804
DA:79,804
DA:83,804
DA:87,804
DA:89,804
DA:90,1
DA:92,1
DA:93,1
DA:96,1
DA:98,0
DA:99,0
DA:103,0
DA:108,0
DA:109,0
DA:110,0
DA:122,0
DA:125,0
DA:129,1
DA:130,1
DA:140,1
DA:141,1
DA:143,0
DA:150,0
DA:151,0
DA:154,0
DA:156,0
DA:166,804
DA:167,276
DA:168,4
DA:169,4
DA:170,4
DA:175,804
DA:176,272
DA:181,272
DA:182,272
DA:186,804
DA:187,273
DA:190,804
DA:192,302
DA:193,302
DA:194,302
DA:196,302
DA:197,302
DA:201,0
DA:204,0
DA:205,0
DA:226,0
DA:229,0
DA:231,0
DA:235,804
DA:236,0
DA:238,804
DA:239,0
DA:255,0
DA:269,804
DA:287,1
DA:288,0
DA:314,71
DA:328,71
DA:329,631
DA:331,631
LF:77
LH:54
BRDA:53,0,0,0
BRDA:54,1,0,60
BRDA:55,2,0,804
BRDA:68,3,0,804
BRDA:68,3,1,775
BRDA:85,4,0,804
BRDA:85,4,1,775
BRDA:108,5,0,0
BRDA:108,5,1,0
BRDA:109,6,0,0
BRDA:109,6,1,0
BRDA:122,7,0,0
BRDA:122,7,1,0
BRDA:167,8,0,4
BRDA:167,8,1,272
BRDA:194,9,0,302
BRDA:194,9,1,0
BRDA:194,9,2,0
BRDA:194,9,3,0
BRDA:196,10,0,302
BRDA:196,10,1,0
BRDA:204,11,0,0
BRDA:204,11,1,0
BRDA:213,12,0,0
BRDA:213,12,1,0
BRDA:229,13,0,0
BRDA:229,13,1,0
BRDA:236,14,0,0
BRDA:236,14,1,0
BRDA:283,15,0,804
BRDA:283,15,1,799
BRDA:283,15,2,766
BRDA:291,16,0,804
BRDA:291,16,1,799
BRDA:291,16,2,15
BRDA:298,17,0,804
BRDA:298,17,1,799
BRDA:298,17,2,18
BRDA:305,18,0,804
BRDA:305,18,1,5
BRDA:305,18,2,0
BRDA:328,19,0,565
BRF:42
BRH:22
end_of_record
TN:
SF:app\hooks\use-currency.js
FN:14,(anonymous_0)
FNF:1
FNH:1
FNDA:819,(anonymous_0)
DA:14,72
DA:15,819
DA:16,819
DA:17,0
DA:19,819
LF:5
LH:4
BRDA:16,0,0,0
BRDA:16,0,1,819
BRF:2
BRH:1
end_of_record
TN:
SF:app\hooks\use-current-basket.js
FN:15,(anonymous_0)
FN:25,(anonymous_1)
FN:33,(anonymous_2)
FNF:3
FNH:3
FNDA:1582,(anonymous_0)
FNDA:1017,(anonymous_1)
FNDA:976,(anonymous_2)
DA:15,70
DA:16,1582
DA:17,1582
DA:25,1582
DA:27,1582
DA:33,976
LF:6
LH:6
BRDA:15,0,0,1582
BRDA:15,1,0,1582
BRDA:20,2,0,1582
BRDA:20,2,1,1441
BRDA:25,3,0,1582
BRDA:25,3,1,1582
BRDA:33,4,0,1582
BRDA:33,4,1,606
BRF:8
BRH:8
end_of_record
TN:
SF:app\hooks\use-current-customer.js
FN:14,(anonymous_0)
FNF:1
FNH:1
FNDA:1975,(anonymous_0)
DA:14,71
DA:15,1975
DA:16,1975
DA:17,1975
DA:18,1975
DA:28,1975
LF:6
LH:6
BRDA:17,0,0,1975
BRDA:17,0,1,1818
BRF:2
BRH:2
end_of_record
TN:
SF:app\hooks\use-derived-product.js
FN:19,(anonymous_0)
FN:63,(anonymous_1)
FNF:2
FNH:2
FNDA:144,(anonymous_0)
FNDA:43,(anonymous_1)
DA:15,71
DA:16,71
DA:19,71
DA:20,144
DA:21,144
DA:22,144
DA:23,144
DA:24,144
DA:26,144
DA:27,144
DA:28,144
DA:29,144
DA:30,144
DA:37,144
DA:39,144
DA:40,144
DA:53,144
DA:55,144
DA:58,144
DA:63,144
DA:64,43
DA:67,144
LF:22
LH:22
BRDA:19,0,0,14
BRDA:21,1,0,144
BRDA:21,1,1,36
BRDA:22,2,0,144
BRDA:22,2,1,8
BRDA:23,3,0,108
BRDA:23,3,1,36
BRDA:23,4,0,108
BRDA:23,4,1,0
BRDA:24,5,0,144
BRDA:24,5,1,131
BRDA:24,5,2,7
BRDA:37,6,0,144
BRDA:37,6,1,108
BRDA:37,6,2,34
BRDA:53,7,0,144
BRDA:53,7,1,76
BRDA:53,7,2,74
BRDA:55,8,0,144
BRDA:55,8,1,37
BRDA:55,8,2,107
BRDA:55,8,3,0
BRF:22
BRH:20
end_of_record
TN:
SF:app\hooks\use-einstein.js
FN:19,(anonymous_0)
FN:32,(anonymous_1)
FN:55,(anonymous_2)
FN:101,(anonymous_3)
FN:110,(anonymous_4)
FN:146,(anonymous_5)
FN:160,(anonymous_6)
FN:164,(anonymous_7)
FN:181,(anonymous_8)
FN:196,(anonymous_9)
FN:200,(anonymous_10)
FN:220,(anonymous_11)
FN:238,(anonymous_12)
FN:256,(anonymous_13)
FN:274,(anonymous_14)
FN:288,(anonymous_15)
FN:291,(anonymous_16)
FN:306,(anonymous_17)
FN:323,(anonymous_18)
FN:327,(anonymous_19)
FN:338,(anonymous_20)
FN:350,(anonymous_21)
FN:354,(anonymous_22)
FN:365,(anonymous_23)
FN:370,(anonymous_24)
FN:378,(anonymous_25)
FN:391,(anonymous_26)
FN:403,(anonymous_27)
FN:404,(anonymous_28)
FN:418,(anonymous_29)
FN:419,(anonymous_30)
FN:432,(anonymous_31)
FN:444,(anonymous_32)
FN:448,(anonymous_33)
FN:452,(anonymous_34)
FN:456,(anonymous_35)
FN:460,(anonymous_36)
FN:464,(anonymous_37)
FN:468,(anonymous_38)
FN:472,(anonymous_39)
FN:476,(anonymous_40)
FN:480,(anonymous_41)
FN:484,(anonymous_42)
FN:488,(anonymous_43)
FN:491,(anonymous_44)
FN:509,(anonymous_45)
FNF:46
FNH:39
FNDA:69,(anonymous_0)
FNDA:111,(anonymous_1)
FNDA:248,(anonymous_2)
FNDA:9,(anonymous_3)
FNDA:112,(anonymous_4)
FNDA:21,(anonymous_5)
FNDA:3,(anonymous_6)
FNDA:54,(anonymous_7)
FNDA:1,(anonymous_8)
FNDA:7,(anonymous_9)
FNDA:154,(anonymous_10)
FNDA:1,(anonymous_11)
FNDA:3,(anonymous_12)
FNDA:2,(anonymous_13)
FNDA:24,(anonymous_14)
FNDA:5,(anonymous_15)
FNDA:5,(anonymous_16)
FNDA:14,(anonymous_17)
FNDA:2,(anonymous_18)
FNDA:4,(anonymous_19)
FNDA:1,(anonymous_20)
FNDA:28,(anonymous_21)
FNDA:15,(anonymous_22)
FNDA:0,(anonymous_23)
FNDA:0,(anonymous_24)
FNDA:386,(anonymous_25)
FNDA:68,(anonymous_26)
FNDA:28,(anonymous_27)
FNDA:4,(anonymous_28)
FNDA:3,(anonymous_29)
FNDA:0,(anonymous_30)
FNDA:100,(anonymous_31)
FNDA:20,(anonymous_32)
FNDA:2,(anonymous_33)
FNDA:0,(anonymous_34)
FNDA:6,(anonymous_35)
FNDA:0,(anonymous_36)
FNDA:23,(anonymous_37)
FNDA:4,(anonymous_38)
FNDA:13,(anonymous_39)
FNDA:2,(anonymous_40)
FNDA:1,(anonymous_41)
FNDA:1,(anonymous_42)
FNDA:0,(anonymous_43)
FNDA:28,(anonymous_44)
FNDA:0,(anonymous_45)
DA:20,69
DA:21,69
DA:22,69
DA:23,69
DA:33,111
DA:34,111
DA:36,111
DA:39,111
DA:40,111
DA:43,111
DA:44,0
DA:46,111
DA:49,111
DA:56,248
DA:60,25
DA:66,223
DA:78,210
DA:86,13
DA:102,9
DA:111,112
DA:116,112
DA:117,111
DA:121,112
DA:122,112
DA:130,0
DA:133,112
DA:134,0
DA:137,112
DA:139,112
DA:147,21
DA:148,21
DA:149,21
DA:154,21
DA:161,3
DA:162,3
DA:164,3
DA:165,54
DA:168,3
DA:175,3
DA:182,1
DA:183,1
DA:184,1
DA:190,1
DA:197,7
DA:198,7
DA:200,7
DA:201,154
DA:204,7
DA:213,7
DA:221,1
DA:222,1
DA:223,1
DA:231,1
DA:239,3
DA:240,3
DA:241,3
DA:242,3
DA:249,3
DA:257,2
DA:258,2
DA:259,2
DA:260,2
DA:267,2
DA:275,24
DA:276,24
DA:277,24
DA:282,24
DA:289,5
DA:290,5
DA:291,5
DA:292,5
DA:293,5
DA:299,5
DA:307,14
DA:308,14
DA:309,14
DA:316,14
DA:324,2
DA:325,2
DA:326,2
DA:327,4
DA:331,2
DA:339,1
DA:340,1
DA:341,1
DA:343,1
DA:351,28
DA:352,28
DA:353,28
DA:354,15
DA:358,28
DA:366,0
DA:367,0
DA:369,0
DA:370,0
DA:374,0
DA:378,72
DA:379,386
DA:380,386
DA:383,386
DA:384,386
DA:386,386
DA:387,386
DA:388,386
DA:390,386
DA:392,68
DA:400,386
DA:401,386
DA:403,386
DA:404,28
DA:405,28
DA:406,4
DA:408,4
DA:416,3
DA:419,3
DA:420,3
DA:429,24
DA:432,386
DA:433,100
DA:439,386
DA:445,20
DA:446,20
DA:449,2
DA:450,2
DA:453,0
DA:454,0
DA:457,6
DA:458,6
DA:461,0
DA:462,0
DA:465,23
DA:466,23
DA:469,4
DA:470,4
DA:473,13
DA:474,13
DA:477,2
DA:478,2
DA:481,1
DA:482,1
DA:485,1
DA:486,1
DA:489,0
DA:492,28
DA:493,28
DA:494,28
DA:495,28
DA:500,28
DA:501,28
DA:502,27
DA:504,0
DA:506,27
DA:510,0
DA:511,0
DA:512,0
DA:513,0
DA:518,0
DA:519,0
DA:521,0
DA:523,0
LF:160
LH:138
BRDA:39,0,0,111
BRDA:39,0,1,0
BRDA:43,1,0,0
BRDA:43,1,1,111
BRDA:56,2,0,25
BRDA:56,2,1,223
BRDA:56,3,0,248
BRDA:56,3,1,34
BRDA:56,3,2,20
BRDA:66,4,0,210
BRDA:66,4,1,13
BRDA:67,5,0,223
BRDA:67,5,1,210
BRDA:67,5,2,0
BRDA:67,5,3,0
BRDA:67,5,4,0
BRDA:67,5,5,0
BRDA:67,5,6,0
BRDA:116,6,0,111
BRDA:116,6,1,1
BRDA:125,7,0,112
BRDA:125,7,1,111
BRDA:133,8,0,0
BRDA:133,8,1,112
BRDA:405,9,0,4
BRDA:405,9,1,24
BRDA:435,10,0,74
BRDA:435,10,1,26
BRF:28
BRH:20
end_of_record
TN:
SF:app\hooks\use-intersection-observer.js
FN:21,(anonymous_0)
FN:26,(anonymous_1)
FN:42,(anonymous_2)
FN:45,(anonymous_3)
FN:56,(anonymous_4)
FNF:5
FNH:3
FNDA:153,(anonymous_0)
FNDA:58,(anonymous_1)
FNDA:2,(anonymous_2)
FNDA:0,(anonymous_3)
FNDA:0,(anonymous_4)
DA:21,71
DA:22,153
DA:24,153
DA:26,153
DA:27,58
DA:31,2
DA:36,2
DA:37,2
DA:42,2
DA:45,0
DA:46,0
DA:47,0
DA:48,0
DA:49,0
DA:53,0
DA:56,0
DA:57,0
DA:61,153
LF:18
LH:10
BRDA:21,0,0,0
BRDA:27,1,0,56
BRDA:27,1,1,2
BRDA:31,2,0,2
BRDA:31,2,1,0
BRDA:32,3,0,2
BRDA:32,3,1,0
BRDA:32,3,2,0
BRDA:36,4,0,2
BRDA:36,4,1,0
BRDA:48,5,0,0
BRDA:48,5,1,0
BRDA:48,6,0,0
BRDA:48,6,1,0
BRF:14
BRH:5
end_of_record
TN:
SF:app\hooks\use-limit-urls.js
FN:21,(anonymous_0)
FN:25,(anonymous_1)
FNF:2
FNH:2
FNDA:50,(anonymous_0)
FNDA:13,(anonymous_1)
DA:21,72
DA:22,50
DA:24,50
DA:26,13
LF:4
LH:4
BRF:0
BRH:0
end_of_record
TN:
SF:app\hooks\use-multi-site.js
FN:16,(anonymous_0)
FN:24,(anonymous_1)
FNF:2
FNH:2
FNDA:2391,(anonymous_0)
FNDA:962,(anonymous_1)
DA:16,70
DA:17,2391
DA:18,2391
DA:19,0
DA:21,2391
DA:23,2391
DA:25,962
DA:33,2391
LF:8
LH:7
BRDA:18,0,0,0
BRDA:18,0,1,2391
BRDA:27,1,0,0
BRDA:27,1,1,962
BRDA:27,2,0,962
BRDA:27,2,1,0
BRDA:28,3,0,0
BRDA:28,3,1,962
BRDA:28,4,0,962
BRDA:28,4,1,962
BRF:10
BRH:6
end_of_record
TN:
SF:app\hooks\use-navigation.js
FN:17,(anonymous_0)
FN:29,(anonymous_1)
FNF:2
FNH:2
FNDA:1455,(anonymous_0)
FNDA:22,(anonymous_1)
DA:17,71
DA:18,1455
DA:20,1455
DA:22,1455
DA:30,22
DA:31,22
LF:6
LH:6
BRDA:29,0,0,21
BRDA:31,1,0,1
BRDA:31,1,1,21
BRF:3
BRH:3
end_of_record
TN:
SF:app\hooks\use-page-urls.js
FN:21,(anonymous_0)
FN:26,(anonymous_1)
FN:32,(anonymous_2)
FNF:3
FNH:3
FNDA:62,(anonymous_0)
FNDA:23,(anonymous_1)
FNDA:24,(anonymous_2)
DA:21,72
DA:22,62
DA:23,62
DA:24,62
DA:26,62
DA:27,23
DA:29,23
DA:32,24
LF:8
LH:8
BRDA:21,0,0,34
BRDA:24,1,0,62
BRDA:24,1,1,50
BRF:3
BRH:3
end_of_record
TN:
SF:app\hooks\use-pdp-search-params.js
FN:9,(anonymous_0)
FNF:1
FNH:1
FNDA:644,(anonymous_0)
DA:9,74
DA:10,644
DA:12,644
DA:13,644
DA:15,644
LF:5
LH:5
BRDA:13,0,0,644
BRDA:13,0,1,535
BRF:2
BRH:2
end_of_record
TN:
SF:app\hooks\use-previous.js
FN:9,(anonymous_0)
FN:12,(anonymous_1)
FNF:2
FNH:2
FNDA:826,(anonymous_0)
FNDA:310,(anonymous_1)
DA:9,71
DA:10,826
DA:12,826
DA:13,310
DA:16,826
LF:5
LH:5
BRF:0
BRH:0
end_of_record
TN:
SF:app\hooks\use-product-view-modal.js
FN:26,(anonymous_0)
FN:38,(anonymous_1)
FN:49,(anonymous_2)
FN:52,(anonymous_3)
FN:60,(anonymous_4)
FN:61,(anonymous_5)
FN:67,(anonymous_6)
FN:71,(anonymous_7)
FN:76,(anonymous_8)
FNF:9
FNH:7
FNDA:23,(anonymous_0)
FNDA:3,(anonymous_1)
FNDA:0,(anonymous_2)
FNDA:0,(anonymous_3)
FNDA:14,(anonymous_4)
FNDA:40,(anonymous_5)
FNDA:7,(anonymous_6)
FNDA:7,(anonymous_7)
FNDA:8,(anonymous_8)
DA:26,9
DA:27,23
DA:28,23
DA:29,23
DA:30,23
DA:31,23
DA:32,23
DA:34,23
DA:41,3
DA:42,0
DA:47,3
DA:50,0
DA:53,0
DA:60,23
DA:61,40
DA:62,14
DA:64,14
DA:67,23
DA:70,7
DA:71,7
DA:72,7
DA:76,23
DA:77,8
DA:78,7
DA:80,7
DA:84,7
DA:88,23
LF:27
LH:24
BRDA:41,0,0,0
BRDA:41,0,1,3
BRDA:61,1,0,14
BRDA:61,1,1,0
BRDA:77,2,0,7
BRDA:77,2,1,1
BRF:6
BRH:4
end_of_record
TN:
SF:app\hooks\use-search-params.js
FN:23,(anonymous_0)
FN:42,(anonymous_1)
FN:49,(anonymous_2)
FN:73,(anonymous_3)
FN:82,(anonymous_4)
FNF:5
FNH:5
FNDA:125,(anonymous_0)
FNDA:4,(anonymous_1)
FNDA:3,(anonymous_2)
FNDA:126,(anonymous_3)
FNDA:28,(anonymous_4)
DA:14,73
DA:23,73
DA:24,125
DA:27,125
DA:32,125
DA:42,73
DA:43,4
DA:46,4
DA:49,4
DA:50,3
DA:61,4
DA:62,4
DA:73,73
DA:74,126
DA:77,126
DA:80,126
DA:81,126
DA:82,126
DA:83,28
DA:95,126
LF:20
LH:20
BRDA:23,0,0,113
BRDA:23,1,0,125
BRDA:73,2,0,1
BRDA:77,3,0,0
BRDA:77,3,1,126
BRDA:80,4,0,126
BRDA:80,4,1,0
BRF:7
BRH:5
end_of_record
TN:
SF:app\hooks\use-sort-urls.js
FN:18,(anonymous_0)
FN:22,(anonymous_1)
FN:26,(anonymous_2)
FNF:3
FNH:3
FNDA:50,(anonymous_0)
FNDA:39,(anonymous_1)
FNDA:90,(anonymous_2)
DA:18,72
DA:19,50
DA:21,50
DA:23,39
DA:26,90
LF:5
LH:5
BRDA:18,0,0,27
BRF:1
BRH:1
end_of_record
TN:
SF:app\hooks\use-toast.js
FN:29,useToast
FN:32,(anonymous_1)
FN:54,(anonymous_2)
FNF:3
FNH:3
FNDA:1156,useToast
FNDA:6,(anonymous_1)
FNDA:2,(anonymous_2)
DA:30,1156
DA:32,1156
DA:41,6
DA:50,6
DA:51,1
DA:55,2
DA:66,6
LF:7
LH:7
BRDA:36,0,0,6
BRDA:37,1,0,5
BRDA:38,2,0,5
BRDA:39,3,0,4
BRDA:50,4,0,1
BRDA:50,4,1,5
BRF:6
BRH:6
end_of_record
TN:
SF:app\hooks\use-variant.js
FN:19,(anonymous_0)
FN:25,(anonymous_1)
FN:28,(anonymous_2)
FNF:3
FNH:3
FNDA:205,(anonymous_0)
FNDA:2359,(anonymous_1)
FNDA:3391,(anonymous_2)
DA:19,72
DA:20,205
DA:21,205
DA:25,205
DA:28,3391
DA:31,205
LF:6
LH:6
BRDA:19,0,0,15
BRDA:19,1,0,61
BRDA:20,2,0,59
BRDA:31,3,0,110
BRDA:31,3,1,95
BRF:5
BRH:5
end_of_record
TN:
SF:app\hooks\use-variation-attributes.js
FN:26,(anonymous_0)
FN:30,(anonymous_1)
FN:31,(anonymous_2)
FN:32,(anonymous_3)
FN:37,(anonymous_4)
FN:51,(anonymous_5)
FN:79,(anonymous_6)
FN:81,(anonymous_7)
FN:83,(anonymous_8)
FN:86,(anonymous_9)
FN:99,(anonymous_10)
FN:107,(anonymous_11)
FN:108,(anonymous_12)
FN:112,(anonymous_13)
FN:116,(anonymous_14)
FNF:15
FNH:15
FNDA:431,(anonymous_0)
FNDA:2366,(anonymous_1)
FNDA:486,(anonymous_2)
FNDA:484,(anonymous_3)
FNDA:484,(anonymous_4)
FNDA:431,(anonymous_5)
FNDA:431,(anonymous_6)
FNDA:7888,(anonymous_7)
FNDA:12395,(anonymous_8)
FNDA:384,(anonymous_9)
FNDA:145,(anonymous_10)
FNDA:60,(anonymous_11)
FNDA:102,(anonymous_12)
FNDA:251,(anonymous_13)
FNDA:431,(anonymous_14)
DA:26,72
DA:27,431
DA:29,431
DA:30,2366
DA:32,486
DA:33,486
DA:37,486
DA:40,431
DA:51,72
DA:58,431
DA:60,431
DA:61,96
DA:62,96
DA:64,335
DA:67,431
DA:79,72
DA:80,431
DA:82,7888
DA:83,12395
DA:86,384
DA:99,72
DA:100,145
DA:101,145
DA:102,145
DA:104,145
DA:106,145
DA:108,102
DA:112,251
DA:117,431
DA:122,431
LF:30
LH:30
BRDA:27,0,0,0
BRDA:31,1,0,2
BRDA:33,2,0,486
BRDA:33,2,1,2
BRDA:60,3,0,96
BRDA:60,3,1,335
BRDA:99,4,0,7
BRDA:99,5,0,1
BRDA:100,6,0,35
BRF:9
BRH:8
end_of_record
TN:
SF:app\hooks\use-variation-params.js
FN:14,(anonymous_0)
FN:24,(anonymous_1)
FN:25,(anonymous_2)
FNF:3
FNH:3
FNDA:497,(anonymous_0)
FNDA:898,(anonymous_1)
FNDA:898,(anonymous_2)
DA:14,74
DA:15,497
DA:17,497
DA:18,497
DA:23,497
DA:24,898
DA:26,898
DA:27,898
DA:30,497
LF:9
LH:9
BRDA:14,0,0,7
BRDA:14,1,0,3
BRDA:15,2,0,129
BRDA:15,3,0,323
BRDA:18,4,0,153
BRDA:18,4,1,344
BRDA:26,5,0,898
BRDA:26,5,1,623
BRDA:27,6,0,670
BRDA:27,6,1,228
BRF:10
BRH:10
end_of_record
TN:
SF:app\hooks\use-wish-list.js
FN:13,(anonymous_0)
FN:22,(anonymous_1)
FN:35,(anonymous_2)
FN:36,(anonymous_3)
FNF:4
FNH:4
FNDA:278,(anonymous_0)
FNDA:39,(anonymous_1)
FNDA:183,(anonymous_2)
FNDA:183,(anonymous_3)
DA:10,71
DA:13,71
DA:14,278
DA:15,278
DA:16,278
DA:17,278
DA:23,39
DA:24,0
DA:35,278
DA:36,278
DA:38,278
LF:11
LH:10
BRDA:13,0,0,278
BRDA:13,1,0,278
BRDA:23,2,0,0
BRDA:23,2,1,39
BRDA:31,3,0,278
BRDA:31,3,1,278
BRDA:35,4,0,278
BRDA:35,4,1,95
BRDA:39,5,0,278
BRDA:39,5,1,0
BRF:10
BRH:8
end_of_record
TN:
SF:app\page-designer\index.js
FNF:0
FNH:0
LF:0
LH:0
BRF:0
BRH:0
end_of_record
TN:
SF:app\page-designer\utils.js
FN:14,(anonymous_0)
FNF:1
FNH:1
FNDA:1,(anonymous_0)
DA:14,1
LF:1
LH:1
BRF:0
BRH:0
end_of_record
TN:
SF:app\page-designer\assets\index.js
FNF:0
FNH:0
LF:0
LH:0
BRF:0
BRH:0
end_of_record
TN:
SF:app\page-designer\assets\image-tile\index.jsx
FN:16,(anonymous_0)
FNF:1
FNH:1
FNDA:1,(anonymous_0)
DA:16,1
DA:17,1
DA:37,1
LF:3
LH:3
BRDA:26,0,0,0
BRDA:26,0,1,1
BRDA:47,1,0,1
BRDA:47,1,1,0
BRF:4
BRH:2
end_of_record
TN:
SF:app\page-designer\assets\image-with-text\index.jsx
FN:29,(anonymous_0)
FNF:1
FNH:1
FNDA:1,(anonymous_0)
DA:29,1
DA:30,1
DA:31,1
DA:32,1
DA:33,1
DA:35,1
DA:123,1
LF:7
LH:7
BRDA:30,0,0,1
BRDA:30,0,1,0
BRDA:32,1,0,1
BRDA:32,1,1,0
BRDA:33,2,0,1
BRDA:33,2,1,0
BRDA:51,3,0,0
BRDA:51,3,1,1
BRDA:59,4,0,1
BRDA:59,4,1,1
BRDA:61,5,0,1
BRDA:61,5,1,1
BRDA:96,6,0,1
BRDA:96,6,1,1
BRDA:139,7,0,1
BRDA:139,7,1,0
BRF:16
BRH:11
end_of_record
TN:
SF:app\page-designer\layouts\index.js
FNF:0
FNH:0
LF:0
LH:0
BRF:0
BRH:0
end_of_record
TN:
SF:app\page-designer\layouts\carousel\index.jsx
FN:39,(anonymous_0)
FN:58,(anonymous_1)
FN:97,(anonymous_2)
FN:120,(anonymous_3)
FN:148,(anonymous_4)
FN:180,(anonymous_5)
FN:199,(anonymous_6)
FNF:7
FNH:4
FNDA:4,(anonymous_0)
FNDA:2,(anonymous_1)
FNDA:0,(anonymous_2)
FNDA:2,(anonymous_3)
FNDA:2,(anonymous_4)
FNDA:0,(anonymous_5)
FNDA:0,(anonymous_6)
DA:39,1
DA:40,4
DA:41,4
DA:42,4
DA:56,4
DA:58,4
DA:59,2
DA:67,4
DA:69,4
DA:84,4
DA:90,4
DA:92,4
DA:93,4
DA:97,4
DA:98,0
DA:109,4
DA:120,4
DA:121,2
DA:122,2
DA:125,4
DA:149,2
DA:180,0
DA:199,0
DA:207,1
DA:220,1
LF:25
LH:22
BRDA:39,0,0,0
BRDA:46,1,0,4
BRDA:47,2,0,4
BRDA:48,3,0,4
BRDA:49,4,0,4
BRDA:50,5,0,4
BRDA:51,6,0,4
BRDA:52,7,0,4
BRDA:53,8,0,4
BRDA:60,9,0,0
BRDA:60,9,1,2
BRDA:60,10,0,2
BRDA:60,10,1,0
BRDA:61,11,0,0
BRDA:61,11,1,2
BRDA:61,12,0,2
BRDA:61,12,1,0
BRDA:62,13,0,0
BRDA:62,13,1,2
BRDA:62,14,0,2
BRDA:62,14,1,0
BRDA:63,15,0,0
BRDA:63,15,1,2
BRDA:85,16,0,0
BRDA:85,16,1,4
BRDA:86,17,0,0
BRDA:86,17,1,4
BRDA:87,18,0,0
BRDA:87,18,1,4
BRDA:88,19,0,0
BRDA:88,19,1,4
BRDA:92,20,0,4
BRDA:92,20,1,2
BRDA:97,21,0,0
BRDA:128,22,0,4
BRDA:128,22,1,0
BRDA:150,23,0,2
BRDA:150,23,1,0
BRF:38
BRH:23
end_of_record
TN:
SF:app\page-designer\layouts\mobileGrid1r1c\index.jsx
FN:21,(anonymous_0)
FN:23,(anonymous_1)
FNF:2
FNH:2
FNDA:1,(anonymous_0)
FNDA:1,(anonymous_1)
DA:21,1
DA:22,1
DA:24,1
DA:29,1
DA:31,1
LF:5
LH:5
BRF:0
BRH:0
end_of_record
TN:
SF:app\page-designer\layouts\mobileGrid2r1c\index.jsx
FN:22,(anonymous_0)
FN:24,(anonymous_1)
FNF:2
FNH:2
FNDA:1,(anonymous_0)
FNDA:2,(anonymous_1)
DA:22,1
DA:23,1
DA:25,2
DA:30,1
DA:32,1
LF:5
LH:5
BRF:0
BRH:0
end_of_record
TN:
SF:app\page-designer\layouts\mobileGrid2r2c\index.jsx
FN:22,(anonymous_0)
FN:24,(anonymous_1)
FNF:2
FNH:2
FNDA:1,(anonymous_0)
FNDA:4,(anonymous_1)
DA:22,1
DA:23,1
DA:25,4
DA:30,1
DA:32,1
LF:5
LH:5
BRF:0
BRH:0
end_of_record
TN:
SF:app\page-designer\layouts\mobileGrid2r3c\index.jsx
FN:22,(anonymous_0)
FN:24,(anonymous_1)
FNF:2
FNH:2
FNDA:1,(anonymous_0)
FNDA:6,(anonymous_1)
DA:22,1
DA:23,1
DA:25,6
DA:30,1
DA:32,1
LF:5
LH:5
BRF:0
BRH:0
end_of_record
TN:
SF:app\page-designer\layouts\mobileGrid3r1c\index.jsx
FN:22,(anonymous_0)
FN:24,(anonymous_1)
FNF:2
FNH:2
FNDA:1,(anonymous_0)
FNDA:3,(anonymous_1)
DA:22,1
DA:23,1
DA:25,3
DA:30,1
DA:32,1
LF:5
LH:5
BRF:0
BRH:0
end_of_record
TN:
SF:app\page-designer\layouts\mobileGrid3r2c\index.jsx
FN:22,(anonymous_0)
FN:24,(anonymous_1)
FNF:2
FNH:2
FNDA:1,(anonymous_0)
FNDA:6,(anonymous_1)
DA:22,1
DA:23,1
DA:25,6
DA:30,1
DA:32,1
LF:5
LH:5
BRF:0
BRH:0
end_of_record
TN:
SF:app\pages\account\addresses.jsx
FN:42,(anonymous_0)
FN:60,(anonymous_1)
FN:136,(anonymous_2)
FN:151,(anonymous_3)
FN:157,(anonymous_4)
FN:198,(anonymous_5)
FN:213,(anonymous_6)
FN:228,(anonymous_7)
FN:251,(anonymous_8)
FN:280,(anonymous_9)
FN:302,(anonymous_10)
FN:307,(anonymous_11)
FN:308,(anonymous_12)
FN:362,(anonymous_13)
FN:380,(anonymous_14)
FNF:15
FNH:11
FNDA:1,(anonymous_0)
FNDA:4,(anonymous_1)
FNDA:16,(anonymous_2)
FNDA:0,(anonymous_3)
FNDA:1,(anonymous_4)
FNDA:1,(anonymous_5)
FNDA:1,(anonymous_6)
FNDA:2,(anonymous_7)
FNDA:18,(anonymous_8)
FNDA:0,(anonymous_9)
FNDA:4,(anonymous_10)
FNDA:1,(anonymous_11)
FNDA:0,(anonymous_12)
FNDA:1,(anonymous_13)
FNDA:0,(anonymous_14)
DA:40,5
DA:42,5
DA:43,1
DA:60,5
DA:61,4
DA:114,5
DA:122,5
DA:127,5
DA:132,5
DA:136,5
DA:137,16
DA:138,16
DA:139,16
DA:141,16
DA:142,16
DA:143,16
DA:145,16
DA:146,16
DA:147,16
DA:148,16
DA:150,16
DA:151,16
DA:152,0
DA:157,16
DA:158,1
DA:160,1
DA:161,1
DA:162,0
DA:166,0
DA:174,1
DA:178,1
DA:183,1
DA:184,1
DA:185,1
DA:194,0
DA:198,16
DA:199,1
DA:200,1
DA:201,0
DA:202,0
DA:203,0
DA:205,1
DA:214,1
DA:223,0
DA:224,0
DA:228,16
DA:229,2
DA:231,2
DA:232,0
DA:233,0
DA:235,2
DA:236,2
DA:240,16
DA:252,18
DA:280,0
DA:303,4
DA:307,1
DA:308,0
DA:362,1
DA:380,5
LF:60
LH:47
BRDA:67,0,0,4
BRDA:67,0,1,1
BRDA:76,1,0,4
BRDA:76,1,1,2
BRDA:79,2,0,0
BRDA:79,2,1,4
BRDA:95,3,0,4
BRDA:95,3,1,0
BRDA:161,4,0,0
BRDA:161,4,1,1
BRDA:183,5,0,1
BRDA:183,5,1,0
BRDA:186,6,0,0
BRDA:186,6,1,1
BRDA:200,7,0,0
BRDA:200,7,1,1
BRDA:231,8,0,0
BRDA:231,8,1,2
BRDA:249,9,0,16
BRDA:249,9,1,6
BRDA:267,10,0,16
BRDA:267,10,1,4
BRDA:286,11,0,4
BRDA:286,11,1,1
BRDA:286,11,2,1
BRDA:290,12,0,4
BRDA:290,12,1,1
BRDA:290,12,2,1
BRDA:310,13,0,4
BRDA:310,13,1,2
BRDA:326,14,0,4
BRDA:326,14,1,1
BRDA:326,14,2,0
BRDA:331,15,0,4
BRDA:331,15,1,1
BRDA:331,15,2,0
BRDA:345,16,0,16
BRDA:345,16,1,12
BRDA:345,16,2,6
BRDA:347,17,0,6
BRDA:347,17,1,3
BRDA:347,17,2,3
BRDA:365,18,0,6
BRDA:365,18,1,3
BRDA:365,18,2,3
BRF:45
BRH:36
end_of_record
TN:
SF:app\pages\account\constant.js
FNF:0
FNH:0
DA:16,11
DA:23,11
DA:46,11
LF:3
LH:3
BRF:0
BRH:0
end_of_record
TN:
SF:app\pages\account\index.jsx
FN:49,(anonymous_0)
FN:83,(anonymous_1)
FN:100,(anonymous_2)
FN:104,(anonymous_3)
FN:135,(anonymous_4)
FN:157,(anonymous_5)
FN:167,(anonymous_6)
FN:193,(anonymous_7)
FN:231,(anonymous_8)
FNF:9
FNH:7
FNDA:67,(anonymous_0)
FNDA:39,(anonymous_1)
FNDA:11,(anonymous_2)
FNDA:1,(anonymous_3)
FNDA:38,(anonymous_4)
FNDA:152,(anonymous_5)
FNDA:0,(anonymous_6)
FNDA:148,(anonymous_7)
FNDA:0,(anonymous_8)
DA:48,4
DA:49,4
DA:50,67
DA:51,67
DA:80,4
DA:83,4
DA:84,39
DA:85,39
DA:86,39
DA:87,39
DA:89,39
DA:90,39
DA:91,39
DA:93,39
DA:94,39
DA:96,39
DA:98,39
DA:100,39
DA:101,11
DA:104,39
DA:105,1
DA:106,1
DA:107,1
DA:114,39
DA:115,2
DA:116,2
DA:118,37
DA:136,38
DA:158,152
DA:167,0
DA:194,148
DA:195,148
DA:231,4
DA:233,4
LF:34
LH:33
BRDA:114,0,0,2
BRDA:114,0,1,37
BRDA:114,1,0,39
BRDA:114,1,1,33
BRDA:114,1,2,2
BRDA:120,2,0,31
BRDA:120,2,1,6
BRDA:120,3,0,37
BRDA:120,3,1,31
BRDA:152,4,0,0
BRDA:152,4,1,38
BRDA:183,5,0,37
BRDA:183,5,1,2
BRF:13
BRH:12
end_of_record
TN:
SF:app\pages\account\order-detail.jsx
FN:37,(anonymous_0)
FN:39,(anonymous_1)
FN:54,(anonymous_2)
FN:66,(anonymous_3)
FN:106,(anonymous_4)
FN:124,(anonymous_5)
FN:136,(anonymous_6)
FN:364,(anonymous_7)
FN:395,(anonymous_8)
FNF:9
FNH:7
FNDA:1,(anonymous_0)
FNDA:2,(anonymous_1)
FNDA:2,(anonymous_2)
FNDA:2,(anonymous_3)
FNDA:2,(anonymous_4)
FNDA:2,(anonymous_5)
FNDA:0,(anonymous_6)
FNDA:3,(anonymous_7)
FNDA:0,(anonymous_8)
DA:35,5
DA:37,5
DA:38,1
DA:39,2
DA:42,1
DA:43,1
DA:54,1
DA:55,2
DA:56,2
DA:63,1
DA:67,2
DA:101,5
DA:106,5
DA:107,2
DA:108,2
DA:109,2
DA:111,2
DA:119,2
DA:120,2
DA:121,2
DA:122,2
DA:123,2
DA:124,2
DA:126,2
DA:137,0
DA:138,0
DA:139,0
DA:365,3
DA:395,5
LF:29
LH:26
BRDA:42,0,0,1
BRDA:42,0,1,0
BRDA:43,1,0,0
BRDA:50,2,0,1
BRDA:50,2,1,1
BRDA:65,3,0,1
BRDA:65,3,1,1
BRDA:116,4,0,2
BRDA:116,4,1,2
BRDA:119,5,0,2
BRDA:119,5,1,1
BRDA:121,6,0,2
BRDA:121,6,1,1
BRDA:124,7,0,2
BRDA:124,7,1,1
BRDA:137,8,0,0
BRDA:137,8,1,0
BRDA:158,9,0,1
BRDA:158,9,1,1
BRDA:204,10,0,1
BRDA:204,10,1,1
BRDA:262,11,0,1
BRDA:262,11,1,1
BRDA:278,12,0,1
BRDA:278,12,1,1
BRDA:336,13,0,1
BRDA:336,13,1,1
BRDA:352,14,0,2
BRDA:352,14,1,1
BRDA:363,15,0,1
BRDA:363,15,1,1
BRF:31
BRH:27
end_of_record
TN:
SF:app\pages\account\order-history.jsx
FN:36,(anonymous_0)
FN:37,(anonymous_1)
FN:44,(anonymous_2)
FN:45,(anonymous_3)
FN:51,(anonymous_4)
FN:69,(anonymous_5)
FN:80,(anonymous_6)
FN:102,(anonymous_7)
FN:118,(anonymous_8)
FN:125,(anonymous_9)
FN:134,(anonymous_10)
FN:254,(anonymous_11)
FN:262,(anonymous_12)
FNF:13
FNH:11
FNDA:12,(anonymous_0)
FNDA:24,(anonymous_1)
FNDA:12,(anonymous_2)
FNDA:36,(anonymous_3)
FNDA:12,(anonymous_4)
FNDA:12,(anonymous_5)
FNDA:12,(anonymous_6)
FNDA:8,(anonymous_7)
FNDA:21,(anonymous_8)
FNDA:84,(anonymous_9)
FNDA:12,(anonymous_10)
FNDA:0,(anonymous_11)
FNDA:0,(anonymous_12)
DA:36,5
[...]
FN:37,(anonymous_3)
FNF:4
FNH:4
FNDA:22,(anonymous_0)
FNDA:308,(anonymous_1)
FNDA:220,(anonymous_2)
FNDA:2,(anonymous_3)
DA:21,1
DA:22,22
DA:27,22
DA:30,308
DA:32,220
DA:34,220
DA:37,2
DA:90,1
LF:8
LH:8
BRDA:43,0,0,10
BRDA:43,0,1,210
BRDA:44,1,0,10
BRDA:44,1,1,210
BRDA:54,2,0,220
BRDA:54,2,1,22
BRDA:69,3,0,220
BRDA:69,3,1,22
BRF:8
BRH:8
end_of_record
TN:
SF:app\pages\product-list\partials\empty-results.jsx
FN:28,(anonymous_0)
FNF:1
FNH:1
FNDA:1,(anonymous_0)
DA:23,1
DA:28,1
DA:29,1
DA:30,1
DA:119,1
LF:5
LH:5
BRDA:40,0,0,0
BRDA:40,0,1,1
BRF:2
BRH:1
end_of_record
TN:
SF:app\pages\product-list\partials\link-refinements.jsx
FN:13,(anonymous_0)
FN:16,(anonymous_1)
FNF:2
FNH:2
FNDA:22,(anonymous_0)
FNDA:44,(anonymous_1)
DA:13,1
DA:14,22
DA:17,44
DA:34,1
LF:4
LH:4
BRF:0
BRH:0
end_of_record
TN:
SF:app\pages\product-list\partials\page-header.jsx
FN:16,(anonymous_0)
FNF:1
FNH:1
FNDA:70,(anonymous_0)
DA:16,1
DA:17,70
DA:35,1
LF:3
LH:3
BRDA:20,0,0,70
BRDA:20,0,1,24
BRDA:21,1,0,70
BRDA:21,1,1,18
BRDA:25,2,0,70
BRDA:25,2,1,46
BRDA:25,2,2,28
BRDA:28,3,0,70
BRDA:28,3,1,34
BRF:9
BRH:9
end_of_record
TN:
SF:app\pages\product-list\partials\radio-refinements.jsx
FN:18,(anonymous_0)
FN:28,(anonymous_1)
FN:29,(anonymous_2)
FN:37,(anonymous_3)
FNF:4
FNH:3
FNDA:22,(anonymous_0)
FNDA:66,(anonymous_1)
FNDA:66,(anonymous_2)
FNDA:0,(anonymous_3)
DA:18,1
DA:19,22
DA:28,66
DA:30,66
DA:38,0
DA:60,1
LF:6
LH:5
BRDA:24,0,0,22
BRDA:24,0,1,22
BRF:2
BRH:2
end_of_record
TN:
SF:app\pages\product-list\partials\refinements.jsx
FN:35,(anonymous_0)
FN:37,(anonymous_1)
FN:48,(anonymous_2)
FN:53,(anonymous_3)
FN:58,(anonymous_4)
FN:60,(anonymous_5)
FN:61,(anonymous_6)
FN:79,(anonymous_7)
FN:102,(anonymous_8)
FNF:9
FNH:4
FNDA:35,(anonymous_0)
FNDA:119,(anonymous_1)
FNDA:0,(anonymous_2)
FNDA:0,(anonymous_3)
FNDA:0,(anonymous_4)
FNDA:0,(anonymous_5)
FNDA:0,(anonymous_6)
FNDA:119,(anonymous_7)
FNDA:88,(anonymous_8)
DA:28,1
DA:35,1
DA:37,119
DA:40,35
DA:42,35
DA:44,35
DA:46,35
DA:47,0
DA:49,0
DA:50,0
DA:53,0
DA:58,35
DA:59,0
DA:60,0
DA:61,0
DA:64,0
DA:67,35
DA:81,119
DA:82,119
DA:85,119
DA:86,9
DA:89,119
DA:90,68
DA:103,88
DA:131,51
DA:140,1
LF:26
LH:18
BRDA:40,0,0,35
BRDA:40,0,1,0
BRDA:44,1,0,35
BRDA:44,1,1,0
BRDA:46,2,0,0
BRDA:46,2,1,35
BRDA:49,3,0,0
BRDA:49,3,1,0
BRDA:70,4,0,35
BRDA:70,4,1,17
BRDA:72,5,0,6
BRDA:72,5,1,11
BRDA:74,6,0,6
BRDA:74,6,1,11
BRDA:81,7,0,119
BRDA:81,7,1,51
BRDA:82,8,0,119
BRDA:82,8,1,110
BRDA:85,9,0,9
BRDA:85,9,1,110
BRDA:89,10,0,68
BRDA:89,10,1,51
BRDA:93,11,0,51
BRDA:93,11,1,17
BRDA:95,12,0,17
BRDA:95,12,1,51
BRDA:100,13,0,68
BRDA:100,13,1,17
BRDA:106,14,0,68
BRDA:106,14,1,20
BRF:30
BRH:25
end_of_record
TN:
SF:app\pages\product-list\partials\selected-refinements.jsx
FN:15,(anonymous_0)
FN:16,(anonymous_1)
FN:21,(anonymous_2)
FN:26,(anonymous_3)
FN:47,(anonymous_4)
FN:61,(anonymous_5)
FNF:6
FNH:4
FNDA:70,(anonymous_0)
FNDA:238,(anonymous_1)
FNDA:102,(anonymous_2)
FNDA:0,(anonymous_3)
FNDA:34,(anonymous_4)
FNDA:0,(anonymous_5)
DA:15,1
DA:16,238
DA:18,70
DA:19,70
DA:20,102
DA:21,102
DA:22,102
DA:26,0
DA:33,102
DA:34,34
DA:39,70
DA:48,34
DA:62,0
DA:93,1
LF:14
LH:12
BRDA:24,0,0,0
BRDA:24,0,1,102
BRDA:33,1,0,34
BRDA:33,1,1,68
BRDA:33,2,0,102
BRDA:33,2,1,68
BRDA:72,3,0,70
BRDA:72,3,1,34
BRF:8
BRH:7
end_of_record
TN:
SF:app\pages\product-list\partials\size-refinements.jsx
FN:17,(anonymous_0)
FN:26,(anonymous_1)
FN:27,(anonymous_2)
FN:30,(anonymous_3)
FN:40,(anonymous_4)
FNF:5
FNH:3
FNDA:22,(anonymous_0)
FNDA:550,(anonymous_1)
FNDA:264,(anonymous_2)
FNDA:0,(anonymous_3)
FNDA:0,(anonymous_4)
DA:17,1
DA:18,22
DA:23,22
DA:26,550
DA:29,264
DA:30,0
DA:33,264
DA:40,0
DA:54,1
LF:9
LH:7
BRDA:37,0,0,0
BRDA:37,0,1,264
BRDA:38,1,0,0
BRDA:38,1,1,264
BRDA:39,2,0,0
BRDA:39,2,1,264
BRF:6
BRH:3
end_of_record
TN:
SF:app\pages\registration\index.jsx
FN:21,(anonymous_0)
FN:30,(anonymous_1)
FN:48,(anonymous_2)
FN:55,(anonymous_3)
FN:74,(anonymous_4)
FN:81,(anonymous_5)
FNF:6
FNH:4
FNDA:20,(anonymous_0)
FNDA:1,(anonymous_1)
FNDA:4,(anonymous_2)
FNDA:3,(anonymous_3)
FNDA:0,(anonymous_4)
FNDA:0,(anonymous_5)
DA:21,2
DA:22,20
DA:23,20
DA:24,20
DA:25,20
DA:26,20
DA:27,20
DA:28,20
DA:30,20
DA:31,1
DA:41,1
DA:42,1
DA:44,0
DA:48,20
DA:49,4
DA:50,1
DA:55,20
DA:56,3
DA:59,20
DA:74,0
DA:81,2
DA:83,2
LF:22
LH:20
BRDA:49,0,0,1
BRDA:49,0,1,3
BRF:2
BRH:2
end_of_record
TN:
SF:app\pages\reset-password\index.jsx
FN:30,(anonymous_0)
FN:41,(anonymous_1)
FN:55,(anonymous_2)
FN:75,(anonymous_3)
FN:94,(anonymous_4)
FN:98,(anonymous_5)
FN:112,(anonymous_6)
FNF:7
FNH:6
FNDA:18,(anonymous_0)
FNDA:2,(anonymous_1)
FNDA:4,(anonymous_2)
FNDA:1,(anonymous_3)
FNDA:2,(anonymous_4)
FNDA:1,(anonymous_5)
FNDA:0,(anonymous_6)
DA:30,2
DA:31,18
DA:32,18
DA:33,18
DA:34,18
DA:35,18
DA:36,18
DA:37,18
DA:41,18
DA:42,2
DA:45,2
DA:46,2
DA:47,1
DA:48,1
DA:50,1
DA:55,18
DA:56,4
DA:59,18
DA:75,1
DA:94,2
DA:98,1
DA:112,2
DA:114,2
LF:23
LH:23
BRDA:71,0,0,16
BRDA:71,0,1,2
BRF:2
BRH:2
end_of_record
TN:
SF:app\pages\youtube\index.jsx
FN:4,YouTube
FNF:1
FNH:1
FNDA:2,YouTube
DA:5,2
LF:1
LH:1
BRF:0
BRH:0
end_of_record
TN:
SF:app\utils\cc-utils.js
FN:22,(anonymous_0)
FN:33,(anonymous_1)
FN:47,(anonymous_2)
FN:74,(anonymous_3)
FN:92,(anonymous_4)
FN:101,(anonymous_5)
FNF:6
FNH:5
FNDA:37,(anonymous_0)
FNDA:105,(anonymous_1)
FNDA:87,(anonymous_2)
FNDA:7,(anonymous_3)
FNDA:2,(anonymous_4)
FNDA:0,(anonymous_5)
DA:22,8
DA:23,37
DA:24,37
DA:26,37
DA:27,1
DA:28,1
DA:31,37
DA:33,37
DA:34,105
DA:35,56
DA:39,37
DA:47,8
DA:48,87
DA:49,6
DA:51,81
DA:74,8
DA:75,7
DA:76,1
DA:78,6
DA:92,8
DA:93,2
DA:95,2
DA:96,2
DA:98,2
DA:101,8
DA:104,0
DA:108,0
DA:110,0
LF:28
LH:25
BRDA:22,0,0,1
BRDA:22,1,0,2
BRDA:26,2,0,1
BRDA:26,2,1,36
BRDA:34,3,0,56
BRDA:34,3,1,49
BRDA:48,4,0,6
BRDA:48,4,1,81
BRDA:75,5,0,1
BRDA:75,5,1,6
BRF:10
BRH:10
end_of_record
TN:
SF:app\utils\image-groups-utils.js
FN:17,(anonymous_0)
FN:22,(anonymous_1)
FN:31,(anonymous_2)
FN:32,(anonymous_3)
FN:38,(anonymous_4)
FN:48,(anonymous_5)
FN:51,(anonymous_6)
FN:55,(anonymous_7)
FN:56,(anonymous_8)
FNF:9
FNH:9
FNDA:283,(anonymous_0)
FNDA:1489,(anonymous_1)
FNDA:419,(anonymous_2)
FNDA:265,(anonymous_3)
FNDA:348,(anonymous_4)
FNDA:314,(anonymous_5)
FNDA:200,(anonymous_6)
FNDA:158,(anonymous_7)
FNDA:158,(anonymous_8)
DA:17,72
DA:18,283
DA:21,283
DA:22,1489
DA:28,283
DA:31,419
DA:32,265
DA:38,283
DA:39,348
DA:48,283
DA:49,314
DA:51,314
DA:52,200
DA:54,200
DA:56,158
DA:61,283
LF:16
LH:16
BRDA:17,0,0,22
BRDA:18,1,0,34
BRDA:31,2,0,153
BRDA:39,3,0,145
BRDA:39,3,1,203
BRDA:48,4,0,153
BRDA:56,5,0,158
BRDA:56,5,1,158
BRF:8
BRH:8
end_of_record
TN:
SF:app\utils\locale.js
FN:19,(anonymous_0)
FN:56,(anonymous_1)
FN:58,(anonymous_2)
FN:77,(anonymous_3)
FN:78,(anonymous_4)
FNF:5
FNH:5
FNDA:4,(anonymous_0)
FNDA:12,(anonymous_1)
FNDA:33,(anonymous_2)
FNDA:14,(anonymous_3)
FNDA:12,(anonymous_4)
DA:19,8
DA:21,4
DA:27,4
DA:28,4
DA:31,4
DA:33,3
DA:34,0
DA:39,3
DA:41,1
DA:42,1
DA:45,1
DA:56,8
DA:57,12
DA:58,33
DA:59,12
DA:61,12
DA:66,12
DA:77,8
DA:78,14
DA:79,14
DA:82,8
LF:21
LH:20
BRDA:21,0,0,1
BRDA:21,0,1,3
BRDA:22,1,0,1
BRDA:22,1,1,0
BRDA:33,2,0,0
BRDA:33,2,1,3
BRDA:56,3,0,0
BRDA:56,4,0,0
BRDA:57,5,0,10
BRDA:57,5,1,2
BRDA:79,6,0,14
BRDA:79,6,1,12
BRF:12
BRH:8
end_of_record
TN:
SF:app\utils\password-utils.js
FN:13,(anonymous_0)
FNF:1
FNH:1
FNDA:107,(anonymous_0)
DA:13,71
DA:14,107
LF:2
LH:2
BRDA:15,0,0,57
BRDA:15,0,1,50
BRDA:15,1,0,107
BRDA:15,1,1,92
BRDA:16,2,0,92
BRDA:16,2,1,15
BRDA:16,3,0,107
BRDA:16,3,1,92
BRDA:17,4,0,85
BRDA:17,4,1,22
BRDA:17,5,0,107
BRDA:17,5,1,92
BRDA:18,6,0,63
BRDA:18,6,1,44
BRDA:18,7,0,107
BRDA:18,7,1,92
BRDA:19,8,0,52
BRDA:19,8,1,55
BRDA:19,9,0,107
BRDA:19,9,1,92
BRF:20
BRH:20
end_of_record
TN:
SF:app\utils\phone-utils.js
FN:13,(anonymous_0)
FNF:1
FNH:1
FNDA:49,(anonymous_0)
DA:13,7
DA:14,49
DA:15,47
DA:16,47
DA:17,47
DA:18,34
DA:19,11
DA:21,23
LF:8
LH:8
BRDA:14,0,0,2
BRDA:14,0,1,47
BRDA:17,1,0,13
BRDA:17,1,1,34
BRDA:18,2,0,11
BRDA:18,2,1,23
BRF:6
BRH:6
end_of_record
TN:
SF:app\utils\product-utils.js
FN:23,(anonymous_0)
FN:24,(anonymous_1)
FN:25,(anonymous_2)
FN:27,(anonymous_3)
FN:42,(anonymous_4)
FN:45,(anonymous_5)
FN:46,(anonymous_6)
FNF:7
FNH:7
FNDA:10,(anonymous_0)
FNDA:22,(anonymous_1)
FNDA:36,(anonymous_2)
FNDA:72,(anonymous_3)
FNDA:285,(anonymous_4)
FNDA:49,(anonymous_5)
FNDA:49,(anonymous_6)
DA:23,72
DA:24,10
DA:25,36
DA:26,22
DA:27,72
DA:29,22
DA:34,10
DA:42,72
DA:43,285
DA:44,285
DA:45,49
DA:46,49
DA:48,285
DA:49,285
LF:14
LH:14
BRDA:23,0,0,0
BRDA:43,1,0,285
BRDA:43,1,1,106
BRDA:46,2,0,49
BRDA:46,2,1,49
BRDA:48,3,0,2
BRDA:48,3,1,283
BRF:7
BRH:6
end_of_record
TN:
SF:app\utils\responsive-image.js
FN:14,(anonymous_0)
FN:16,(anonymous_1)
FN:17,(anonymous_2)
FN:30,(anonymous_3)
FN:51,(anonymous_4)
FN:56,(anonymous_5)
FN:67,(anonymous_6)
FN:80,(anonymous_7)
FN:85,(anonymous_8)
FN:95,(anonymous_9)
FN:97,(anonymous_10)
FN:122,(anonymous_11)
FN:125,(anonymous_12)
FN:130,(anonymous_13)
FN:132,(anonymous_14)
FN:134,(anonymous_15)
FN:142,(anonymous_16)
FN:143,(anonymous_17)
FN:146,(anonymous_18)
FN:160,(anonymous_19)
FN:162,(anonymous_20)
FN:173,(anonymous_21)
FN:183,(anonymous_22)
FN:195,(anonymous_23)
FNF:24
FNH:24
FNDA:488,(anonymous_0)
FNDA:2440,(anonymous_1)
FNDA:2928,(anonymous_2)
FNDA:420,(anonymous_3)
FNDA:416,(anonymous_4)
FNDA:1934,(anonymous_5)
FNDA:416,(anonymous_6)
FNDA:1689,(anonymous_7)
FNDA:3378,(anonymous_8)
FNDA:416,(anonymous_9)
FNDA:2496,(anonymous_10)
FNDA:2496,(anonymous_11)
FNDA:416,(anonymous_12)
FNDA:416,(anonymous_13)
FNDA:1934,(anonymous_14)
FNDA:416,(anonymous_15)
FNDA:216,(anonymous_16)
FNDA:1296,(anonymous_17)
FNDA:864,(anonymous_18)
FNDA:1853,(anonymous_19)
FNDA:11113,(anonymous_20)
FNDA:1852,(anonymous_21)
FNDA:3426,(anonymous_22)
FNDA:420,(anonymous_23)
DA:14,72
DA:15,488
DA:16,2440
DA:17,2928
DA:19,72
DA:20,72
DA:21,72
DA:30,72
DA:31,420
DA:32,4
DA:37,416
DA:38,416
DA:40,416
DA:51,72
DA:52,416
DA:54,416
DA:57,1934
DA:67,72
DA:68,416
DA:70,416
DA:71,415
DA:72,415
DA:74,415
DA:77,416
DA:79,416
DA:80,416
DA:81,1689
DA:82,1689
DA:85,3378
DA:88,72
DA:89,72
DA:95,72
DA:96,416
DA:98,2496
DA:99,21
DA:102,2475
DA:103,2159
DA:104,2159
DA:107,2159
DA:109,2159
DA:110,1852
DA:113,307
DA:115,316
DA:116,316
DA:118,0
DA:119,0
DA:122,2496
DA:125,416
DA:130,72
DA:132,1934
DA:134,416
DA:142,72
DA:143,1296
DA:146,216
DA:147,864
DA:148,436
DA:149,436
DA:151,428
DA:160,72
DA:161,1853
DA:162,11113
DA:166,1853
DA:173,1852
DA:183,72
DA:186,3426
DA:195,72
DA:196,420
DA:197,420
LF:68
LH:66
BRDA:30,0,0,8
BRDA:31,1,0,4
BRDA:31,1,1,416
BRDA:52,2,0,308
BRDA:52,2,1,108
BRDA:57,3,0,416
BRDA:57,3,1,1518
BRDA:68,4,0,108
BRDA:68,4,1,308
BRDA:70,5,0,415
BRDA:70,5,1,1
BRDA:98,6,0,21
BRDA:98,6,1,2475
BRDA:102,7,0,2159
BRDA:102,7,1,316
BRDA:109,8,0,1852
BRDA:109,8,1,307
BRDA:113,9,0,1
BRDA:113,9,1,306
BRDA:115,10,0,316
BRDA:115,10,1,0
BRDA:132,11,0,8
BRDA:132,11,1,1926
BRDA:147,12,0,436
BRDA:147,12,1,428
BRDA:166,13,0,1
BRDA:166,13,1,1852
BRDA:173,14,0,1852
BRF:28
BRH:27
end_of_record
TN:
SF:app\utils\routes-utils.js
FN:21,(anonymous_0)
FN:37,(anonymous_1)
FN:42,(anonymous_2)
FN:53,(anonymous_3)
FN:59,(anonymous_4)
FN:79,(anonymous_5)
FN:91,(anonymous_6)
FN:104,(anonymous_7)
FN:105,(anonymous_8)
FNF:9
FNH:9
FNDA:9,(anonymous_0)
FNDA:34,(anonymous_1)
FNDA:85,(anonymous_2)
FNDA:20,(anonymous_3)
FNDA:60,(anonymous_4)
FNDA:16,(anonymous_5)
FNDA:24,(anonymous_6)
FNDA:198,(anonymous_7)
FNDA:3196,(anonymous_8)
DA:21,2
DA:22,9
DA:23,9
DA:25,9
DA:27,9
DA:28,9
DA:30,9
DA:31,9
DA:32,18
DA:34,18
DA:35,1
DA:37,17
DA:39,34
DA:40,34
DA:42,34
DA:43,85
DA:44,85
DA:46,34
DA:47,34
DA:49,34
DA:53,10
DA:55,20
DA:59,20
DA:61,60
DA:66,60
DA:74,34
DA:79,8
DA:80,16
DA:86,34
DA:91,8
DA:92,24
DA:100,17
DA:104,9
DA:105,3196
DA:106,168
DA:108,198
DA:110,9
LF:37
LH:37
BRDA:21,0,0,0
BRDA:21,1,0,0
BRDA:22,2,0,0
BRDA:22,2,1,9
BRDA:23,3,0,0
BRDA:23,3,1,9
BRDA:28,4,0,0
BRDA:28,4,1,9
BRDA:34,5,0,1
BRDA:34,5,1,17
BRDA:49,6,0,10
BRDA:49,6,1,24
BRDA:50,7,0,34
BRDA:50,7,1,18
BRDA:74,8,0,8
BRDA:74,8,1,26
BRDA:75,9,0,34
BRDA:75,9,1,16
BRDA:86,10,0,8
BRDA:86,10,1,26
BRDA:87,11,0,34
BRDA:87,11,1,18
BRDA:105,12,0,168
BRDA:105,12,1,30
BRF:24
BRH:19
end_of_record
TN:
SF:app\utils\site-utils.js
FN:17,(anonymous_0)
FN:31,(anonymous_1)
FN:51,(anonymous_2)
FN:59,(anonymous_3)
FN:66,(anonymous_4)
FN:73,(anonymous_5)
FN:87,(anonymous_6)
FN:92,(anonymous_7)
FN:104,(anonymous_8)
FN:124,(anonymous_9)
FN:138,(anonymous_10)
FN:148,(anonymous_11)
FN:152,(anonymous_12)
FN:183,(anonymous_13)
FN:188,(anonymous_14)
FN:200,(anonymous_15)
FN:212,(anonymous_16)
FN:220,(anonymous_17)
FNF:18
FNH:16
FNDA:16,(anonymous_0)
FNDA:26,(anonymous_1)
FNDA:930,(anonymous_2)
FNDA:932,(anonymous_3)
FNDA:1584,(anonymous_4)
FNDA:3165,(anonymous_5)
FNDA:550,(anonymous_6)
FNDA:749,(anonymous_7)
FNDA:78,(anonymous_8)
FNDA:0,(anonymous_9)
FNDA:78,(anonymous_10)
FNDA:156,(anonymous_11)
FNDA:367,(anonymous_12)
FNDA:370,(anonymous_13)
FNDA:374,(anonymous_14)
FNDA:9,(anonymous_15)
FNDA:11,(anonymous_16)
FNDA:0,(anonymous_17)
DA:17,79
DA:18,16
DA:19,1
DA:21,15
DA:22,15
DA:26,15
DA:27,15
DA:31,26
DA:32,15
DA:33,7
DA:37,8
DA:39,8
DA:40,1
DA:44,7
DA:51,79
DA:52,930
DA:53,930
DA:55,930
DA:56,1
DA:59,932
DA:66,79
DA:67,1584
DA:69,1584
DA:70,1
DA:73,1583
DA:74,3165
DA:75,3165
DA:87,79
DA:88,550
DA:89,550
DA:91,550
DA:93,749
DA:104,79
DA:105,78
DA:107,78
DA:108,78
DA:109,78
DA:110,78
DA:111,78
DA:114,78
DA:116,78
DA:117,78
DA:124,79
DA:125,0
DA:126,0
DA:127,0
DA:129,0
DA:138,79
DA:139,78
DA:140,0
DA:143,78
DA:144,78
DA:145,78
DA:146,78
DA:147,78
DA:148,78
DA:149,156
DA:150,156
DA:151,156
DA:152,156
DA:153,367
DA:154,367
DA:157,78
DA:158,78
DA:161,78
DA:164,78
DA:166,78
DA:167,78
DA:168,78
DA:169,78
DA:170,78
DA:183,79
DA:184,370
DA:185,0
DA:187,370
DA:188,374
DA:200,79
DA:201,9
DA:202,0
DA:204,9
DA:205,9
DA:206,9
DA:208,9
DA:209,3
DA:211,9
DA:212,11
DA:214,9
DA:215,9
DA:218,0
DA:219,0
DA:220,0
LF:91
LH:81
BRDA:18,0,0,1
BRDA:18,0,1,15
BRDA:31,1,0,26
BRDA:31,1,1,26
BRDA:31,1,2,24
BRDA:32,2,0,7
BRDA:32,2,1,8
BRDA:39,3,0,1
BRDA:39,3,1,7
BRDA:55,4,0,1
BRDA:55,4,1,929
BRDA:67,5,0,1
BRDA:67,6,0,1
BRDA:67,7,0,1584
BRDA:67,7,1,1
BRDA:69,8,0,1
BRDA:69,8,1,1583
BRDA:77,9,0,3112
BRDA:77,9,1,53
BRDA:92,10,0,550
BRDA:92,10,1,155
BRDA:93,11,0,749
BRDA:93,11,1,444
BRDA:114,12,0,78
BRDA:114,12,1,56
BRDA:116,13,0,78
BRDA:116,13,1,51
BRDA:126,14,0,0
BRDA:126,14,1,0
BRDA:139,15,0,0
BRDA:139,15,1,78
BRDA:184,16,0,0
BRDA:184,16,1,370
BRDA:188,17,0,374
BRDA:188,17,1,4
BRDA:201,18,0,0
BRDA:201,18,1,9
BRDA:208,19,0,3
BRDA:208,19,1,6
BRDA:212,20,0,11
BRDA:212,20,1,9
BRDA:214,21,0,9
BRDA:214,21,1,0
BRDA:220,22,0,0
BRDA:220,22,1,0
BRF:45
BRH:37
end_of_record
TN:
SF:app\utils\url.js
FN:28,(anonymous_0)
FN:49,(anonymous_1)
FN:62,(anonymous_2)
FN:63,(anonymous_3)
FN:95,(anonymous_4)
FN:96,(anonymous_5)
FN:104,(anonymous_6)
FN:112,(anonymous_7)
FN:120,(anonymous_8)
FN:132,(anonymous_9)
FN:158,(anonymous_10)
FN:187,(anonymous_11)
FN:214,(anonymous_12)
FN:252,(anonymous_13)
FN:255,(anonymous_14)
FN:278,(anonymous_15)
FNF:16
FNH:16
FNDA:95,(anonymous_0)
FNDA:177,(anonymous_1)
FNDA:608,(anonymous_2)
FNDA:1300,(anonymous_3)
FNDA:81,(anonymous_4)
FNDA:165,(anonymous_5)
FNDA:115,(anonymous_6)
FNDA:322,(anonymous_7)
FNDA:8,(anonymous_8)
FNDA:5,(anonymous_9)
FNDA:1,(anonymous_10)
FNDA:365,(anonymous_11)
FNDA:1145,(anonymous_12)
FNDA:15,(anonymous_13)
FNDA:56,(anonymous_14)
FNDA:26,(anonymous_15)
DA:28,79
DA:29,95
DA:49,79
DA:50,177
DA:51,177
DA:53,177
DA:56,177
DA:59,177
DA:62,79
DA:63,608
DA:65,1300
DA:66,1
DA:68,1299
DA:95,79
DA:96,165
DA:104,115
DA:112,322
DA:120,79
DA:132,79
DA:133,5
DA:134,5
DA:135,5
DA:138,5
DA:139,3
DA:140,3
DA:143,5
DA:144,3
DA:145,3
DA:148,5
DA:150,5
DA:153,5
DA:155,5
DA:157,5
DA:158,1
DA:159,1
DA:163,5
DA:165,5
DA:168,5
DA:175,5
DA:187,79
DA:188,365
DA:189,365
DA:190,365
DA:191,365
DA:194,365
DA:196,365
DA:199,365
DA:202,365
DA:205,365
DA:208,365
DA:211,365
DA:214,365
DA:216,1145
DA:220,1145
DA:222,1145
DA:224,1145
DA:225,1145
DA:226,1145
DA:227,29
DA:228,29
DA:229,29
DA:230,29
DA:232,1145
DA:252,79
DA:253,15
DA:254,15
DA:255,15
DA:256,56
DA:257,4
DA:262,15
DA:264,15
DA:278,79
DA:279,26
DA:282,26
DA:283,2
DA:286,26
DA:287,2
DA:290,26
LF:78
LH:78
BRDA:59,0,0,177
BRDA:59,0,1,0
BRDA:65,1,0,1
BRDA:65,1,1,1299
BRDA:65,2,0,1300
BRDA:65,2,1,145
BRDA:95,3,0,1
BRDA:95,4,0,1
BRDA:95,5,0,1
BRDA:95,6,0,28
BRDA:132,7,0,0
BRDA:133,8,0,5
BRDA:133,8,1,0
BRDA:138,9,0,3
BRDA:138,9,1,2
BRDA:143,10,0,3
BRDA:143,10,1,2
BRDA:153,11,0,4
BRDA:157,12,0,1
BRDA:157,12,1,4
BRDA:169,13,0,1
BRDA:169,13,1,4
BRDA:172,14,0,5
BRDA:172,14,1,0
BRDA:173,15,0,5
BRDA:173,15,1,1
BRDA:194,16,0,365
BRDA:194,16,1,311
BRDA:194,16,2,311
BRDA:196,17,0,365
BRDA:196,17,1,41
BRDA:196,17,2,0
BRDA:199,18,0,365
BRDA:199,18,1,32
BRDA:199,18,2,357
BRDA:199,18,3,24
BRDA:199,18,4,24
BRDA:202,19,0,365
BRDA:202,19,1,31
BRDA:202,19,2,358
BRDA:202,19,3,24
BRDA:202,19,4,24
BRDA:205,20,0,365
BRDA:205,20,1,345
BRDA:208,21,0,365
BRDA:208,21,1,303
BRDA:208,21,2,86
BRDA:208,21,3,24
BRDA:208,21,4,24
BRDA:211,22,0,365
BRDA:211,22,1,304
BRDA:211,22,2,85
BRDA:211,22,3,24
BRDA:211,22,4,24
BRDA:216,23,0,1145
BRDA:216,23,1,155
BRDA:216,23,2,155
BRDA:216,23,3,155
BRDA:216,23,4,136
BRDA:216,23,5,10
BRDA:216,23,6,0
BRDA:220,24,0,960
BRDA:220,24,1,185
BRDA:220,25,0,1145
BRDA:220,25,1,1071
BRDA:220,25,2,1071
BRDA:222,26,0,960
BRDA:222,26,1,185
BRDA:222,27,0,1145
BRDA:222,27,1,1072
BRDA:222,27,2,1071
BRDA:224,28,0,1145
BRDA:224,28,1,34
BRDA:224,28,2,0
BRDA:224,28,3,34
BRDA:226,29,0,29
BRDA:226,29,1,1116
BRDA:228,30,0,29
BRDA:228,30,1,17
BRDA:228,30,2,17
BRDA:229,31,0,29
BRDA:229,31,1,16
BRDA:229,31,2,16
BRDA:256,32,0,4
BRDA:256,32,1,52
BRDA:264,33,0,15
BRDA:264,33,1,1
BRDA:278,34,0,1
BRDA:282,35,0,2
BRDA:282,35,1,24
BRDA:286,36,0,2
BRDA:286,36,1,24
BRF:92
BRH:85
end_of_record
TN:
SF:app\utils\utils.js
FN:14,(anonymous_0)
FN:18,(anonymous_1)
FN:22,(anonymous_2)
FN:23,(anonymous_3)
FN:24,(anonymous_4)
FN:27,(anonymous_5)
FN:40,(anonymous_6)
FN:60,(anonymous_7)
FN:67,(anonymous_8)
FN:68,(anonymous_9)
FN:92,(anonymous_10)
FN:108,(anonymous_11)
FN:116,(anonymous_12)
FN:125,(anonymous_13)
FN:133,(anonymous_14)
FN:142,(anonymous_15)
FN:146,(anonymous_16)
FN:150,(anonymous_17)
FN:154,(anonymous_18)
FN:159,(anonymous_19)
FN:163,(anonymous_20)
FN:167,(anonymous_21)
FN:189,(anonymous_22)
FN:190,(anonymous_23)
FN:191,(anonymous_24)
FN:201,(anonymous_25)
FNF:26
FNH:23
FNDA:2,(anonymous_0)
FNDA:1,(anonymous_1)
FNDA:4,(anonymous_2)
FNDA:1,(anonymous_3)
FNDA:2,(anonymous_4)
FNDA:1,(anonymous_5)
FNDA:11,(anonymous_6)
FNDA:0,(anonymous_7)
FNDA:11,(anonymous_8)
FNDA:2,(anonymous_9)
FNDA:63,(anonymous_10)
FNDA:8,(anonymous_11)
FNDA:10,(anonymous_12)
FNDA:24,(anonymous_13)
FNDA:23,(anonymous_14)
FNDA:22,(anonymous_15)
FNDA:24,(anonymous_16)
FNDA:41,(anonymous_17)
FNDA:19,(anonymous_18)
FNDA:163,(anonymous_19)
FNDA:163,(anonymous_20)
FNDA:41,(anonymous_21)
FNDA:9,(anonymous_22)
FNDA:0,(anonymous_23)
FNDA:0,(anonymous_24)
FNDA:112,(anonymous_25)
DA:14,74
DA:15,2
DA:16,1
DA:18,1
DA:22,74
DA:23,4
DA:24,4
DA:25,4
DA:26,4
DA:27,4
DA:28,1
DA:29,1
DA:31,4
DA:40,74
DA:41,11
DA:42,33
DA:43,8
DA:46,3
DA:47,20
DA:48,1
DA:51,2
DA:60,74
DA:67,74
DA:68,11
DA:69,2
DA:74,11
DA:85,74
DA:92,74
DA:93,63
DA:94,0
DA:96,63
DA:97,63
DA:98,19
DA:100,44
DA:108,74
DA:109,8
DA:116,74
DA:117,10
DA:125,74
DA:133,74
DA:134,23
DA:142,74
DA:143,22
DA:146,24
DA:150,74
DA:151,41
DA:152,4
DA:154,37
DA:155,19
DA:159,74
DA:160,163
DA:163,74
DA:164,163
DA:165,123
DA:167,123
DA:168,41
DA:171,123
DA:172,40
DA:173,6
DA:176,34
DA:189,74
DA:190,9
DA:191,0
DA:192,0
DA:194,9
DA:201,112
LF:66
LH:63
BRDA:15,0,0,1
BRDA:15,0,1,1
BRDA:22,1,0,3
BRDA:42,2,0,8
BRDA:42,2,1,25
BRDA:42,3,0,33
BRDA:42,3,1,33
BRDA:47,4,0,1
BRDA:47,4,1,19
BRDA:47,5,0,20
BRDA:47,5,1,19
BRDA:67,6,0,1
BRDA:68,7,0,11
BRDA:68,7,1,0
BRDA:69,8,0,1
BRDA:69,8,1,1
BRDA:69,9,0,2
BRDA:69,9,1,1
BRDA:93,10,0,0
BRDA:93,10,1,63
BRDA:97,11,0,19
BRDA:97,11,1,44
BRDA:151,12,0,4
BRDA:151,12,1,37
BRDA:151,13,0,41
BRDA:151,13,1,39
BRDA:160,14,0,163
BRDA:160,14,1,129
BRDA:160,14,2,123
BRDA:164,15,0,123
BRDA:164,15,1,40
BRDA:172,16,0,6
BRDA:172,16,1,34
BRDA:189,17,0,0
BRDA:189,18,0,0
BRDA:192,19,0,0
BRDA:192,19,1,0
BRDA:201,20,0,112
BRDA:201,20,1,112
BRF:39
BRH:33
end_of_record
